<?xml version="1.0" encoding="UTF-8"?>
<testsuite xmlns:xsi="http://www.w3.org/2001/XMLSchema-instance" xsi:noNamespaceSchemaLocation="https://maven.apache.org/surefire/maven-surefire-plugin/xsd/surefire-test-report-3.0.xsd" version="3.0" name="com.ticketbox.backend.worker.csv.CsvWorkerExtendedValidationTest" time="73.258" tests="2" errors="0" skipped="0" failures="0">
  <properties>
[...]
</properties>
  <testcase name="testLargeFileProcessing" classname="com.ticketbox.backend.worker.csv.CsvWorkerExtendedValidationTest" time="19.83">
    <system-out><![CDATA[22:32:45.510 [main] INFO org.springframework.test.context.support.AnnotationConfigContextLoaderUtils -- Could not detect default configuration classes for test class [com.ticketbox.backend.worker.csv.CsvWorkerExtendedValidationTest]: CsvWorkerExtendedValidationTest does not declare any static, non-private, non-final, nested classes annotated with @Configuration.
22:32:46.109 [main] INFO org.springframework.boot.test.context.SpringBootTestContextBootstrapper -- Found @SpringBootConfiguration com.ticketbox.backend.Application for test class com.ticketbox.backend.worker.csv.CsvWorkerExtendedValidationTest

  .   ____          _            __ _ _
 /\\ / ___'_ __ _ _(_)_ __  __ _ \ \ \ \
( ( )\___ | '_ | '_| | '_ \/ _` | \ \ \ \
 \\/  ___)| |_)| | | | | || (_| |  ) ) ) )
  '  |____| .__|_| |_|_| |_\__, | / / / /
 =========|_|==============|___/=/_/_/_/
 :: Spring Boot ::                (v3.2.4)

2026-06-04T22:32:47.511+07:00  INFO 23775 --- [ticketbox-backend] [           main] .t.b.w.c.CsvWorkerExtendedValidationTest : Starting CsvWorkerExtendedValidationTest using Java 17.0.18 with PID 23775 (started by daonguyennguyen in /home/daonguyennguyen/Documents/code/softwareDesign/final_project/ticketbox/apps/backend)
2026-06-04T22:32:47.518+07:00  INFO 23775 --- [ticketbox-backend] [           main] .t.b.w.c.CsvWorkerExtendedValidationTest : No active profile set, falling back to 1 default profile: "default"
2026-06-04T22:32:53.545+07:00  INFO 23775 --- [ticketbox-backend] [           main] .s.d.r.c.RepositoryConfigurationDelegate : Multiple Spring Data modules found, entering strict repository configuration mode
2026-06-04T22:32:53.548+07:00  INFO 23775 --- [ticketbox-backend] [           main] .s.d.r.c.RepositoryConfigurationDelegate : Bootstrapping Spring Data JPA repositories in DEFAULT mode.
2026-06-04T22:32:54.118+07:00  INFO 23775 --- [ticketbox-backend] [           main] .s.d.r.c.RepositoryConfigurationDelegate : Finished Spring Data repository scanning in 547 ms. Found 7 JPA repository interfaces.
2026-06-04T22:32:54.195+07:00  INFO 23775 --- [ticketbox-backend] [           main] .s.d.r.c.RepositoryConfigurationDelegate : Multiple Spring Data modules found, entering strict repository configuration mode
2026-06-04T22:32:54.199+07:00  INFO 23775 --- [ticketbox-backend] [           main] .s.d.r.c.RepositoryConfigurationDelegate : Bootstrapping Spring Data Redis repositories in DEFAULT mode.
2026-06-04T22:32:54.287+07:00  INFO 23775 --- [ticketbox-backend] [           main] .RepositoryConfigurationExtensionSupport : Spring Data Redis - Could not safely identify store assignment for repository candidate interface com.ticketbox.backend.repository.ConcertRepository; If you want this repository to be a Redis repository, consider annotating your entities with one of these annotations: org.springframework.data.redis.core.RedisHash (preferred), or consider extending one of the following types with your repository: org.springframework.data.keyvalue.repository.KeyValueRepository
2026-06-04T22:32:54.289+07:00  INFO 23775 --- [ticketbox-backend] [           main] .RepositoryConfigurationExtensionSupport : Spring Data Redis - Could not safely identify store assignment for repository candidate interface com.ticketbox.backend.repository.GuestRepository; If you want this repository to be a Redis repository, consider annotating your entities with one of these annotations: org.springframework.data.redis.core.RedisHash (preferred), or consider extending one of the following types with your repository: org.springframework.data.keyvalue.repository.KeyValueRepository
2026-06-04T22:32:54.294+07:00  INFO 23775 --- [ticketbox-backend] [           main] .RepositoryConfigurationExtensionSupport : Spring Data Redis - Could not safely identify store assignment for repository candidate interface com.ticketbox.backend.repository.OrderItemRepository; If you want this repository to be a Redis repository, consider annotating your entities with one of these annotations: org.springframework.data.redis.core.RedisHash (preferred), or consider extending one of the following types with your repository: org.springframework.data.keyvalue.repository.KeyValueRepository
2026-06-04T22:32:54.301+07:00  INFO 23775 --- [ticketbox-backend] [           main] .RepositoryConfigurationExtensionSupport : Spring Data Redis - Could not safely identify store assignment for repository candidate interface com.ticketbox.backend.repository.OrderRepository; If you want this repository to be a Redis repository, consider annotating your entities with one of these annotations: org.springframework.data.redis.core.RedisHash (preferred), or consider extending one of the following types with your repository: org.springframework.data.keyvalue.repository.KeyValueRepository
2026-06-04T22:32:54.303+07:00  INFO 23775 --- [ticketbox-backend] [           main] .RepositoryConfigurationExtensionSupport : Spring Data Redis - Could not safely identify store assignment for repository candidate interface com.ticketbox.backend.repository.TicketCategoryRepository; If you want this repository to be a Redis repository, consider annotating your entities with one of these annotations: org.springframework.data.redis.core.RedisHash (preferred), or consider extending one of the following types with your repository: org.springframework.data.keyvalue.repository.KeyValueRepository
2026-06-04T22:32:54.309+07:00  INFO 23775 --- [ticketbox-backend] [           main] .RepositoryConfigurationExtensionSupport : Spring Data Redis - Could not safely identify store assignment for repository candidate interface com.ticketbox.backend.repository.TicketRepository; If you want this repository to be a Redis repository, consider annotating your entities with one of these annotations: org.springframework.data.redis.core.RedisHash (preferred), or consider extending one of the following types with your repository: org.springframework.data.keyvalue.repository.KeyValueRepository
2026-06-04T22:32:54.310+07:00  INFO 23775 --- [ticketbox-backend] [           main] .RepositoryConfigurationExtensionSupport : Spring Data Redis - Could not safely identify store assignment for repository candidate interface com.ticketbox.backend.repository.UserRepository; If you want this repository to be a Redis repository, consider annotating your entities with one of these annotations: org.springframework.data.redis.core.RedisHash (preferred), or consider extending one of the following types with your repository: org.springframework.data.keyvalue.repository.KeyValueRepository
2026-06-04T22:32:54.311+07:00  INFO 23775 --- [ticketbox-backend] [           main] .s.d.r.c.RepositoryConfigurationDelegate : Finished Spring Data repository scanning in 71 ms. Found 0 Redis repository interfaces.
2026-06-04T22:32:58.010+07:00  INFO 23775 --- [ticketbox-backend] [           main] o.hibernate.jpa.internal.util.LogHelper  : HHH000204: Processing PersistenceUnitInfo [name: default]
2026-06-04T22:32:58.125+07:00  INFO 23775 --- [ticketbox-backend] [           main] org.hibernate.Version                    : HHH000412: Hibernate ORM core version 6.4.4.Final
2026-06-04T22:32:58.223+07:00  INFO 23775 --- [ticketbox-backend] [           main] o.h.c.internal.RegionFactoryInitiator    : HHH000026: Second-level cache disabled
2026-06-04T22:32:58.776+07:00  INFO 23775 --- [ticketbox-backend] [           main] o.s.o.j.p.SpringPersistenceUnitInfo      : No LoadTimeWeaver setup: ignoring JPA class transformer
2026-06-04T22:32:58.830+07:00  INFO 23775 --- [ticketbox-backend] [           main] com.zaxxer.hikari.HikariDataSource       : HikariPool-1 - Starting...
2026-06-04T22:32:59.293+07:00  INFO 23775 --- [ticketbox-backend] [           main] com.zaxxer.hikari.pool.HikariPool        : HikariPool-1 - Added connection org.postgresql.jdbc.PgConnection@6d7677d8
2026-06-04T22:32:59.296+07:00  INFO 23775 --- [ticketbox-backend] [           main] com.zaxxer.hikari.HikariDataSource       : HikariPool-1 - Start completed.
2026-06-04T22:32:59.382+07:00  WARN 23775 --- [ticketbox-backend] [           main] org.hibernate.orm.deprecation            : HHH90000025: PostgreSQLDialect does not need to be specified explicitly using 'hibernate.dialect' (remove the property setting and it will be selected by default)
2026-06-04T22:33:02.583+07:00  INFO 23775 --- [ticketbox-backend] [           main] o.h.e.t.j.p.i.JtaPlatformInitiator       : HHH000489: No JTA platform available (set 'hibernate.transaction.jta.platform' to enable JTA platform integration)
2026-06-04T22:33:03.230+07:00  INFO 23775 --- [ticketbox-backend] [           main] j.LocalContainerEntityManagerFactoryBean : Initialized JPA EntityManagerFactory for persistence unit 'default'
2026-06-04T22:33:10.650+07:00  INFO 23775 --- [ticketbox-backend] [           main] o.s.d.j.r.query.QueryEnhancerFactory     : Hibernate is in classpath; If applicable, HQL parser will be used.
2026-06-04T22:33:14.919+07:00  WARN 23775 --- [ticketbox-backend] [           main] JpaBaseConfiguration$JpaWebConfiguration : spring.jpa.open-in-view is enabled by default. Therefore, database queries may be performed during view rendering. Explicitly configure spring.jpa.open-in-view to disable this warning
2026-06-04T22:33:17.668+07:00  INFO 23775 --- [ticketbox-backend] [           main] o.s.b.a.e.web.EndpointLinksResolver      : Exposing 1 endpoint(s) beneath base path '/actuator'
2026-06-04T22:33:18.248+07:00  INFO 23775 --- [ticketbox-backend] [           main] o.s.s.web.DefaultSecurityFilterChain     : Will secure any request with [org.springframework.security.web.session.DisableEncodeUrlFilter@31373fc1, org.springframework.security.web.context.request.async.WebAsyncManagerIntegrationFilter@44b3d336, org.springframework.security.web.context.SecurityContextHolderFilter@453e8239, org.springframework.security.web.header.HeaderWriterFilter@5bd5ace9, org.springframework.web.filter.CorsFilter@43bc1d67, org.springframework.security.web.authentication.logout.LogoutFilter@4b5d2a4c, com.ticketbox.backend.security.JwtAuthenticationFilter@f61b92d, com.ticketbox.backend.security.ratelimit.RateLimitFilter@74ae2dec, org.springframework.security.web.savedrequest.RequestCacheAwareFilter@66e8fa2c, org.springframework.security.web.servletapi.SecurityContextHolderAwareRequestFilter@471e3e69, org.springframework.security.web.authentication.AnonymousAuthenticationFilter@760c63d0, org.springframework.security.web.session.SessionManagementFilter@7e26e452, org.springframework.security.web.access.ExceptionTranslationFilter@3d426638, org.springframework.security.web.access.intercept.AuthorizationFilter@66e6b022]
2026-06-04T22:33:24.176+07:00  INFO 23775 --- [ticketbox-backend] [           main] o.s.a.r.c.CachingConnectionFactory       : Attempting to connect to: [localhost:5672]
2026-06-04T22:33:24.321+07:00  INFO 23775 --- [ticketbox-backend] [           main] o.s.a.r.c.CachingConnectionFactory       : Created new connection: rabbitConnectionFactory#6a65daed:0/SimpleConnection@4c3584c2 [delegate=amqp://ticketbox@127.0.0.1:5672/, localPort=52646]
2026-06-04T22:33:24.578+07:00  INFO 23775 --- [ticketbox-backend] [           main] .t.b.w.c.CsvWorkerExtendedValidationTest : Started CsvWorkerExtendedValidationTest in 37.928 seconds (process running for 41.28)
2026-06-04T22:33:24.696+07:00  INFO 23775 --- [ticketbox-backend] [ntContainer#0-2] c.t.b.worker.csv.CsvImportConsumer       : Received CSV Import message for Job: 20e82697-a752-4f43-be55-496a96934c9b, Concert: 4
2026-06-04T22:33:24.696+07:00  INFO 23775 --- [ticketbox-backend] [ntContainer#0-2] c.t.backend.worker.csv.CsvImportService  : Starting CSV import job: 20e82697-a752-4f43-be55-496a96934c9b
Hibernate: 
    select
        c1_0.id,
        c1_0.description,
        c1_0.end_time,
        c1_0.location,
        c1_0.name,
        c1_0.start_time 
    from
        concerts c1_0 
    where
        c1_0.id=?
2026-06-04T22:33:25.133+07:00 ERROR 23775 --- [ticketbox-backend] [ntContainer#0-2] c.t.backend.worker.csv.CsvImportService  : Job 20e82697-a752-4f43-be55-496a96934c9b: System error during CSV processing: /tmp/test-guest-list7732256638126590255.csv (No such file or directory)

java.io.FileNotFoundException: /tmp/test-guest-list7732256638126590255.csv (No such file or directory)
	at java.base/java.io.FileInputStream.open0(Native Method) ~[na:na]
	at java.base/java.io.FileInputStream.open(FileInputStream.java:216) ~[na:na]
	at java.base/java.io.FileInputStream.<init>(FileInputStream.java:157) ~[na:na]
	at java.base/java.io.FileInputStream.<init>(FileInputStream.java:111) ~[na:na]
	at java.base/java.io.FileReader.<init>(FileReader.java:60) ~[na:na]
	at com.ticketbox.backend.worker.csv.CsvImportService.processCsv(CsvImportService.java:59) ~[classes/:na]
	at com.ticketbox.backend.worker.csv.CsvImportConsumer.consumeCsvImport(CsvImportConsumer.java:23) ~[classes/:na]
	at java.base/jdk.internal.reflect.NativeMethodAccessorImpl.invoke0(Native Method) ~[na:na]
	at java.base/jdk.internal.reflect.NativeMethodAccessorImpl.invoke(NativeMethodAccessorImpl.java:77) ~[na:na]
	at java.base/jdk.internal.reflect.DelegatingMethodAccessorImpl.invoke(DelegatingMethodAccessorImpl.java:43) ~[na:na]
	at java.base/java.lang.reflect.Method.invoke(Method.java:569) ~[na:na]
	at org.springframework.messaging.handler.invocation.InvocableHandlerMethod.doInvoke(InvocableHandlerMethod.java:169) ~[spring-messaging-6.1.5.jar:6.1.5]
	at org.springframework.amqp.rabbit.listener.adapter.KotlinAwareInvocableHandlerMethod.doInvoke(KotlinAwareInvocableHandlerMethod.java:45) ~[spring-rabbit-3.1.3.jar:3.1.3]
	at org.springframework.messaging.handler.invocation.InvocableHandlerMethod.invoke(InvocableHandlerMethod.java:119) ~[spring-messaging-6.1.5.jar:6.1.5]
	at org.springframework.amqp.rabbit.listener.adapter.HandlerAdapter.invoke(HandlerAdapter.java:75) ~[spring-rabbit-3.1.3.jar:3.1.3]
	at org.springframework.amqp.rabbit.listener.adapter.MessagingMessageListenerAdapter.invokeHandler(MessagingMessageListenerAdapter.java:278) ~[spring-rabbit-3.1.3.jar:3.1.3]
	at org.springframework.amqp.rabbit.listener.adapter.MessagingMessageListenerAdapter.invokeHandlerAndProcessResult(MessagingMessageListenerAdapter.java:225) ~[spring-rabbit-3.1.3.jar:3.1.3]
	at org.springframework.amqp.rabbit.listener.adapter.MessagingMessageListenerAdapter.onMessage(MessagingMessageListenerAdapter.java:149) ~[spring-rabbit-3.1.3.jar:3.1.3]
	at org.springframework.amqp.rabbit.listener.AbstractMessageListenerContainer.doInvokeListener(AbstractMessageListenerContainer.java:1682) ~[spring-rabbit-3.1.3.jar:3.1.3]
	at org.springframework.amqp.rabbit.listener.AbstractMessageListenerContainer.actualInvokeListener(AbstractMessageListenerContainer.java:1604) ~[spring-rabbit-3.1.3.jar:3.1.3]
	at java.base/jdk.internal.reflect.NativeMethodAccessorImpl.invoke0(Native Method) ~[na:na]
	at java.base/jdk.internal.reflect.NativeMethodAccessorImpl.invoke(NativeMethodAccessorImpl.java:77) ~[na:na]
	at java.base/jdk.internal.reflect.DelegatingMethodAccessorImpl.invoke(DelegatingMethodAccessorImpl.java:43) ~[na:na]
	at java.base/java.lang.reflect.Method.invoke(Method.java:569) ~[na:na]
	at org.springframework.aop.support.AopUtils.invokeJoinpointUsingReflection(AopUtils.java:351) ~[spring-aop-6.1.5.jar:6.1.5]
	at org.springframework.aop.framework.ReflectiveMethodInvocation.invokeJoinpoint(ReflectiveMethodInvocation.java:196) ~[spring-aop-6.1.5.jar:6.1.5]
	at org.springframework.aop.framework.ReflectiveMethodInvocation.proceed(ReflectiveMethodInvocation.java:163) ~[spring-aop-6.1.5.jar:6.1.5]
	at org.springframework.retry.interceptor.RetryOperationsInterceptor$1.doWithRetry(RetryOperationsInterceptor.java:102) ~[spring-retry-2.0.5.jar:na]
	at org.springframework.retry.support.RetryTemplate.doExecute(RetryTemplate.java:335) ~[spring-retry-2.0.5.jar:na]
	at org.springframework.retry.support.RetryTemplate.execute(RetryTemplate.java:227) ~[spring-retry-2.0.5.jar:na]
	at org.springframework.retry.interceptor.RetryOperationsInterceptor.invoke(RetryOperationsInterceptor.java:124) ~[spring-retry-2.0.5.jar:na]
	at org.springframework.aop.framework.ReflectiveMethodInvocation.proceed(ReflectiveMethodInvocation.java:184) ~[spring-aop-6.1.5.jar:6.1.5]
	at org.springframework.aop.framework.JdkDynamicAopProxy.invoke(JdkDynamicAopProxy.java:220) ~[spring-aop-6.1.5.jar:6.1.5]
	at org.springframework.amqp.rabbit.listener.$Proxy210.invokeListener(Unknown Source) ~[na:3.1.3]
	at org.springframework.amqp.rabbit.listener.AbstractMessageListenerContainer.invokeListener(AbstractMessageListenerContainer.java:1592) ~[spring-rabbit-3.1.3.jar:3.1.3]
	at org.springframework.amqp.rabbit.listener.AbstractMessageListenerContainer.doExecuteListener(AbstractMessageListenerContainer.java:1583) ~[spring-rabbit-3.1.3.jar:3.1.3]
	at org.springframework.amqp.rabbit.listener.AbstractMessageListenerContainer.executeListenerAndHandleException(AbstractMessageListenerContainer.java:1528) ~[spring-rabbit-3.1.3.jar:3.1.3]
	at org.springframework.amqp.rabbit.listener.AbstractMessageListenerContainer.lambda$executeListener$8(AbstractMessageListenerContainer.java:1506) ~[spring-rabbit-3.1.3.jar:3.1.3]
	at io.micrometer.observation.Observation.observe(Observation.java:499) ~[micrometer-observation-1.12.4.jar:1.12.4]
	at org.springframework.amqp.rabbit.listener.AbstractMessageListenerContainer.executeListener(AbstractMessageListenerContainer.java:1506) ~[spring-rabbit-3.1.3.jar:3.1.3]
	at org.springframework.amqp.rabbit.listener.SimpleMessageListenerContainer.doReceiveAndExecute(SimpleMessageListenerContainer.java:1084) ~[spring-rabbit-3.1.3.jar:3.1.3]
	at org.springframework.amqp.rabbit.listener.SimpleMessageListenerContainer.receiveAndExecute(SimpleMessageListenerContainer.java:1020) ~[spring-rabbit-3.1.3.jar:3.1.3]
	at org.springframework.amqp.rabbit.listener.SimpleMessageListenerContainer$AsyncMessageProcessingConsumer.mainLoop(SimpleMessageListenerContainer.java:1422) ~[spring-rabbit-3.1.3.jar:3.1.3]
	at org.springframework.amqp.rabbit.listener.SimpleMessageListenerContainer$AsyncMessageProcessingConsumer.run(SimpleMessageListenerContainer.java:1324) ~[spring-rabbit-3.1.3.jar:3.1.3]
	at java.base/java.lang.Thread.run(Thread.java:840) ~[na:na]

2026-06-04T22:33:25.149+07:00 ERROR 23775 --- [ticketbox-backend] [ntContainer#0-2] c.t.b.worker.csv.CsvImportConsumer       : Unhandled exception in CSV Import Worker for Job: 20e82697-a752-4f43-be55-496a96934c9b

java.lang.RuntimeException: Failed to process CSV
	at com.ticketbox.backend.worker.csv.CsvImportService.processCsv(CsvImportService.java:110) ~[classes/:na]
	at com.ticketbox.backend.worker.csv.CsvImportConsumer.consumeCsvImport(CsvImportConsumer.java:23) ~[classes/:na]
	at java.base/jdk.internal.reflect.NativeMethodAccessorImpl.invoke0(Native Method) ~[na:na]
	at java.base/jdk.internal.reflect.NativeMethodAccessorImpl.invoke(NativeMethodAccessorImpl.java:77) ~[na:na]
	at java.base/jdk.internal.reflect.DelegatingMethodAccessorImpl.invoke(DelegatingMethodAccessorImpl.java:43) ~[na:na]
	at java.base/java.lang.reflect.Method.invoke(Method.java:569) ~[na:na]
	at org.springframework.messaging.handler.invocation.InvocableHandlerMethod.doInvoke(InvocableHandlerMethod.java:169) ~[spring-messaging-6.1.5.jar:6.1.5]
	at org.springframework.amqp.rabbit.listener.adapter.KotlinAwareInvocableHandlerMethod.doInvoke(KotlinAwareInvocableHandlerMethod.java:45) ~[spring-rabbit-3.1.3.jar:3.1.3]
	at org.springframework.messaging.handler.invocation.InvocableHandlerMethod.invoke(InvocableHandlerMethod.java:119) ~[spring-messaging-6.1.5.jar:6.1.5]
	at org.springframework.amqp.rabbit.listener.adapter.HandlerAdapter.invoke(HandlerAdapter.java:75) ~[spring-rabbit-3.1.3.jar:3.1.3]
	at org.springframework.amqp.rabbit.listener.adapter.MessagingMessageListenerAdapter.invokeHandler(MessagingMessageListenerAdapter.java:278) ~[spring-rabbit-3.1.3.jar:3.1.3]
	at org.springframework.amqp.rabbit.listener.adapter.MessagingMessageListenerAdapter.invokeHandlerAndProcessResult(MessagingMessageListenerAdapter.java:225) ~[spring-rabbit-3.1.3.jar:3.1.3]
	at org.springframework.amqp.rabbit.listener.adapter.MessagingMessageListenerAdapter.onMessage(MessagingMessageListenerAdapter.java:149) ~[spring-rabbit-3.1.3.jar:3.1.3]
	at org.springframework.amqp.rabbit.listener.AbstractMessageListenerContainer.doInvokeListener(AbstractMessageListenerContainer.java:1682) ~[spring-rabbit-3.1.3.jar:3.1.3]
	at org.springframework.amqp.rabbit.listener.AbstractMessageListenerContainer.actualInvokeListener(AbstractMessageListenerContainer.java:1604) ~[spring-rabbit-3.1.3.jar:3.1.3]
	at java.base/jdk.internal.reflect.NativeMethodAccessorImpl.invoke0(Native Method) ~[na:na]
	at java.base/jdk.internal.reflect.NativeMethodAccessorImpl.invoke(NativeMethodAccessorImpl.java:77) ~[na:na]
	at java.base/jdk.internal.reflect.DelegatingMethodAccessorImpl.invoke(DelegatingMethodAccessorImpl.java:43) ~[na:na]
	at java.base/java.lang.reflect.Method.invoke(Method.java:569) ~[na:na]
	at org.springframework.aop.support.AopUtils.invokeJoinpointUsingReflection(AopUtils.java:351) ~[spring-aop-6.1.5.jar:6.1.5]
	at org.springframework.aop.framework.ReflectiveMethodInvocation.invokeJoinpoint(ReflectiveMethodInvocation.java:196) ~[spring-aop-6.1.5.jar:6.1.5]
	at org.springframework.aop.framework.ReflectiveMethodInvocation.proceed(ReflectiveMethodInvocation.java:163) ~[spring-aop-6.1.5.jar:6.1.5]
	at org.springframework.retry.interceptor.RetryOperationsInterceptor$1.doWithRetry(RetryOperationsInterceptor.java:102) ~[spring-retry-2.0.5.jar:na]
	at org.springframework.retry.support.RetryTemplate.doExecute(RetryTemplate.java:335) ~[spring-retry-2.0.5.jar:na]
	at org.springframework.retry.support.RetryTemplate.execute(RetryTemplate.java:227) ~[spring-retry-2.0.5.jar:na]
	at org.springframework.retry.interceptor.RetryOperationsInterceptor.invoke(RetryOperationsInterceptor.java:124) ~[spring-retry-2.0.5.jar:na]
	at org.springframework.aop.framework.ReflectiveMethodInvocation.proceed(ReflectiveMethodInvocation.java:184) ~[spring-aop-6.1.5.jar:6.1.5]
	at org.springframework.aop.framework.JdkDynamicAopProxy.invoke(JdkDynamicAopProxy.java:220) ~[spring-aop-6.1.5.jar:6.1.5]
	at org.springframework.amqp.rabbit.listener.$Proxy210.invokeListener(Unknown Source) ~[na:3.1.3]
	at org.springframework.amqp.rabbit.listener.AbstractMessageListenerContainer.invokeListener(AbstractMessageListenerContainer.java:1592) ~[spring-rabbit-3.1.3.jar:3.1.3]
	at org.springframework.amqp.rabbit.listener.AbstractMessageListenerContainer.doExecuteListener(AbstractMessageListenerContainer.java:1583) ~[spring-rabbit-3.1.3.jar:3.1.3]
	at org.springframework.amqp.rabbit.listener.AbstractMessageListenerContainer.executeListenerAndHandleException(AbstractMessageListenerContainer.java:1528) ~[spring-rabbit-3.1.3.jar:3.1.3]
	at org.springframework.amqp.rabbit.listener.AbstractMessageListenerContainer.lambda$executeListener$8(AbstractMessageListenerContainer.java:1506) ~[spring-rabbit-3.1.3.jar:3.1.3]
	at io.micrometer.observation.Observation.observe(Observation.java:499) ~[micrometer-observation-1.12.4.jar:1.12.4]
	at org.springframework.amqp.rabbit.listener.AbstractMessageListenerContainer.executeListener(AbstractMessageListenerContainer.java:1506) ~[spring-rabbit-3.1.3.jar:3.1.3]
	at org.springframework.amqp.rabbit.listener.SimpleMessageListenerContainer.doReceiveAndExecute(SimpleMessageListenerContainer.java:1084) ~[spring-rabbit-3.1.3.jar:3.1.3]
	at org.springframework.amqp.rabbit.listener.SimpleMessageListenerContainer.receiveAndExecute(SimpleMessageListenerContainer.java:1020) ~[spring-rabbit-3.1.3.jar:3.1.3]
	at org.springframework.amqp.rabbit.listener.SimpleMessageListenerContainer$AsyncMessageProcessingConsumer.mainLoop(SimpleMessageListenerContainer.java:1422) ~[spring-rabbit-3.1.3.jar:3.1.3]
	at org.springframework.amqp.rabbit.listener.SimpleMessageListenerContainer$AsyncMessageProcessingConsumer.run(SimpleMessageListenerContainer.java:1324) ~[spring-rabbit-3.1.3.jar:3.1.3]
	at java.base/java.lang.Thread.run(Thread.java:840) ~[na:na]
Caused by: java.io.FileNotFoundException: /tmp/test-guest-list7732256638126590255.csv (No such file or directory)
	at java.base/java.io.FileInputStream.open0(Native Method) ~[na:na]
	at java.base/java.io.FileInputStream.open(FileInputStream.java:216) ~[na:na]
	at java.base/java.io.FileInputStream.<init>(FileInputStream.java:157) ~[na:na]
	at java.base/java.io.FileInputStream.<init>(FileInputStream.java:111) ~[na:na]
	at java.base/java.io.FileReader.<init>(FileReader.java:60) ~[na:na]
	at com.ticketbox.backend.worker.csv.CsvImportService.processCsv(CsvImportService.java:59) ~[classes/:na]
	... 39 common frames omitted

2026-06-04T22:33:26.158+07:00  INFO 23775 --- [ticketbox-backend] [ntContainer#0-2] c.t.b.worker.csv.CsvImportConsumer       : Received CSV Import message for Job: 20e82697-a752-4f43-be55-496a96934c9b, Concert: 4
2026-06-04T22:33:26.158+07:00  INFO 23775 --- [ticketbox-backend] [ntContainer#0-2] c.t.backend.worker.csv.CsvImportService  : Starting CSV import job: 20e82697-a752-4f43-be55-496a96934c9b
Hibernate: 
    select
        c1_0.id,
        c1_0.description,
        c1_0.end_time,
        c1_0.location,
        c1_0.name,
        c1_0.start_time 
    from
        concerts c1_0 
    where
        c1_0.id=?
2026-06-04T22:33:26.202+07:00 ERROR 23775 --- [ticketbox-backend] [ntContainer#0-2] c.t.backend.worker.csv.CsvImportService  : Job 20e82697-a752-4f43-be55-496a96934c9b: System error during CSV processing: /tmp/test-guest-list7732256638126590255.csv (No such file or directory)

java.io.FileNotFoundException: /tmp/test-guest-list7732256638126590255.csv (No such file or directory)
	at java.base/java.io.FileInputStream.open0(Native Method) ~[na:na]
	at java.base/java.io.FileInputStream.open(FileInputStream.java:216) ~[na:na]
	at java.base/java.io.FileInputStream.<init>(FileInputStream.java:157) ~[na:na]
	at java.base/java.io.FileInputStream.<init>(FileInputStream.java:111) ~[na:na]
	at java.base/java.io.FileReader.<init>(FileReader.java:60) ~[na:na]
	at com.ticketbox.backend.worker.csv.CsvImportService.processCsv(CsvImportService.java:59) ~[classes/:na]
	at com.ticketbox.backend.worker.csv.CsvImportConsumer.consumeCsvImport(CsvImportConsumer.java:23) ~[classes/:na]
	at java.base/jdk.internal.reflect.NativeMethodAccessorImpl.invoke0(Native Method) ~[na:na]
	at java.base/jdk.internal.reflect.NativeMethodAccessorImpl.invoke(NativeMethodAccessorImpl.java:77) ~[na:na]
	at java.base/jdk.internal.reflect.DelegatingMethodAccessorImpl.invoke(DelegatingMethodAccessorImpl.java:43) ~[na:na]
	at java.base/java.lang.reflect.Method.invoke(Method.java:569) ~[na:na]
	at org.springframework.messaging.handler.invocation.InvocableHandlerMethod.doInvoke(InvocableHandlerMethod.java:169) ~[spring-messaging-6.1.5.jar:6.1.5]
	at org.springframework.amqp.rabbit.listener.adapter.KotlinAwareInvocableHandlerMethod.doInvoke(KotlinAwareInvocableHandlerMethod.java:45) ~[spring-rabbit-3.1.3.jar:3.1.3]
	at org.springframework.messaging.handler.invocation.InvocableHandlerMethod.invoke(InvocableHandlerMethod.java:119) ~[spring-messaging-6.1.5.jar:6.1.5]
	at org.springframework.amqp.rabbit.listener.adapter.HandlerAdapter.invoke(HandlerAdapter.java:75) ~[spring-rabbit-3.1.3.jar:3.1.3]
	at org.springframework.amqp.rabbit.listener.adapter.MessagingMessageListenerAdapter.invokeHandler(MessagingMessageListenerAdapter.java:278) ~[spring-rabbit-3.1.3.jar:3.1.3]
	at org.springframework.amqp.rabbit.listener.adapter.MessagingMessageListenerAdapter.invokeHandlerAndProcessResult(MessagingMessageListenerAdapter.java:225) ~[spring-rabbit-3.1.3.jar:3.1.3]
	at org.springframework.amqp.rabbit.listener.adapter.MessagingMessageListenerAdapter.onMessage(MessagingMessageListenerAdapter.java:149) ~[spring-rabbit-3.1.3.jar:3.1.3]
	at org.springframework.amqp.rabbit.listener.AbstractMessageListenerContainer.doInvokeListener(AbstractMessageListenerContainer.java:1682) ~[spring-rabbit-3.1.3.jar:3.1.3]
	at org.springframework.amqp.rabbit.listener.AbstractMessageListenerContainer.actualInvokeListener(AbstractMessageListenerContainer.java:1604) ~[spring-rabbit-3.1.3.jar:3.1.3]
	at java.base/jdk.internal.reflect.NativeMethodAccessorImpl.invoke0(Native Method) ~[na:na]
	at java.base/jdk.internal.reflect.NativeMethodAccessorImpl.invoke(NativeMethodAccessorImpl.java:77) ~[na:na]
	at java.base/jdk.internal.reflect.DelegatingMethodAccessorImpl.invoke(DelegatingMethodAccessorImpl.java:43) ~[na:na]
	at java.base/java.lang.reflect.Method.invoke(Method.java:569) ~[na:na]
	at org.springframework.aop.support.AopUtils.invokeJoinpointUsingReflection(AopUtils.java:351) ~[spring-aop-6.1.5.jar:6.1.5]
	at org.springframework.aop.framework.ReflectiveMethodInvocation.invokeJoinpoint(ReflectiveMethodInvocation.java:196) ~[spring-aop-6.1.5.jar:6.1.5]
	at org.springframework.aop.framework.ReflectiveMethodInvocation.proceed(ReflectiveMethodInvocation.java:163) ~[spring-aop-6.1.5.jar:6.1.5]
	at org.springframework.retry.interceptor.RetryOperationsInterceptor$1.doWithRetry(RetryOperationsInterceptor.java:102) ~[spring-retry-2.0.5.jar:na]
	at org.springframework.retry.support.RetryTemplate.doExecute(RetryTemplate.java:335) ~[spring-retry-2.0.5.jar:na]
	at org.springframework.retry.support.RetryTemplate.execute(RetryTemplate.java:227) ~[spring-retry-2.0.5.jar:na]
	at org.springframework.retry.interceptor.RetryOperationsInterceptor.invoke(RetryOperationsInterceptor.java:124) ~[spring-retry-2.0.5.jar:na]
	at org.springframework.aop.framework.ReflectiveMethodInvocation.proceed(ReflectiveMethodInvocation.java:184) ~[spring-aop-6.1.5.jar:6.1.5]
	at org.springframework.aop.framework.JdkDynamicAopProxy.invoke(JdkDynamicAopProxy.java:220) ~[spring-aop-6.1.5.jar:6.1.5]
	at org.springframework.amqp.rabbit.listener.$Proxy210.invokeListener(Unknown Source) ~[na:3.1.3]
	at org.springframework.amqp.rabbit.listener.AbstractMessageListenerContainer.invokeListener(AbstractMessageListenerContainer.java:1592) ~[spring-rabbit-3.1.3.jar:3.1.3]
	at org.springframework.amqp.rabbit.listener.AbstractMessageListenerContainer.doExecuteListener(AbstractMessageListenerContainer.java:1583) ~[spring-rabbit-3.1.3.jar:3.1.3]
	at org.springframework.amqp.rabbit.listener.AbstractMessageListenerContainer.executeListenerAndHandleException(AbstractMessageListenerContainer.java:1528) ~[spring-rabbit-3.1.3.jar:3.1.3]
	at org.springframework.amqp.rabbit.listener.AbstractMessageListenerContainer.lambda$executeListener$8(AbstractMessageListenerContainer.java:1506) ~[spring-rabbit-3.1.3.jar:3.1.3]
	at io.micrometer.observation.Observation.observe(Observation.java:499) ~[micrometer-observation-1.12.4.jar:1.12.4]
	at org.springframework.amqp.rabbit.listener.AbstractMessageListenerContainer.executeListener(AbstractMessageListenerContainer.java:1506) ~[spring-rabbit-3.1.3.jar:3.1.3]
	at org.springframework.amqp.rabbit.listener.SimpleMessageListenerContainer.doReceiveAndExecute(SimpleMessageListenerContainer.java:1084) ~[spring-rabbit-3.1.3.jar:3.1.3]
	at org.springframework.amqp.rabbit.listener.SimpleMessageListenerContainer.receiveAndExecute(SimpleMessageListenerContainer.java:1020) ~[spring-rabbit-3.1.3.jar:3.1.3]
	at org.springframework.amqp.rabbit.listener.SimpleMessageListenerContainer$AsyncMessageProcessingConsumer.mainLoop(SimpleMessageListenerContainer.java:1422) ~[spring-rabbit-3.1.3.jar:3.1.3]
	at org.springframework.amqp.rabbit.listener.SimpleMessageListenerContainer$AsyncMessageProcessingConsumer.run(SimpleMessageListenerContainer.java:1324) ~[spring-rabbit-3.1.3.jar:3.1.3]
	at java.base/java.lang.Thread.run(Thread.java:840) ~[na:na]

2026-06-04T22:33:26.217+07:00 ERROR 23775 --- [ticketbox-backend] [ntContainer#0-2] c.t.b.worker.csv.CsvImportConsumer       : Unhandled exception in CSV Import Worker for Job: 20e82697-a752-4f43-be55-496a96934c9b

java.lang.RuntimeException: Failed to process CSV
	at com.ticketbox.backend.worker.csv.CsvImportService.processCsv(CsvImportService.java:110) ~[classes/:na]
	at com.ticketbox.backend.worker.csv.CsvImportConsumer.consumeCsvImport(CsvImportConsumer.java:23) ~[classes/:na]
	at java.base/jdk.internal.reflect.NativeMethodAccessorImpl.invoke0(Native Method) ~[na:na]
	at java.base/jdk.internal.reflect.NativeMethodAccessorImpl.invoke(NativeMethodAccessorImpl.java:77) ~[na:na]
	at java.base/jdk.internal.reflect.DelegatingMethodAccessorImpl.invoke(DelegatingMethodAccessorImpl.java:43) ~[na:na]
	at java.base/java.lang.reflect.Method.invoke(Method.java:569) ~[na:na]
	at org.springframework.messaging.handler.invocation.InvocableHandlerMethod.doInvoke(InvocableHandlerMethod.java:169) ~[spring-messaging-6.1.5.jar:6.1.5]
	at org.springframework.amqp.rabbit.listener.adapter.KotlinAwareInvocableHandlerMethod.doInvoke(KotlinAwareInvocableHandlerMethod.java:45) ~[spring-rabbit-3.1.3.jar:3.1.3]
	at org.springframework.messaging.handler.invocation.InvocableHandlerMethod.invoke(InvocableHandlerMethod.java:119) ~[spring-messaging-6.1.5.jar:6.1.5]
	at org.springframework.amqp.rabbit.listener.adapter.HandlerAdapter.invoke(HandlerAdapter.java:75) ~[spring-rabbit-3.1.3.jar:3.1.3]
	at org.springframework.amqp.rabbit.listener.adapter.MessagingMessageListenerAdapter.invokeHandler(MessagingMessageListenerAdapter.java:278) ~[spring-rabbit-3.1.3.jar:3.1.3]
	at org.springframework.amqp.rabbit.listener.adapter.MessagingMessageListenerAdapter.invokeHandlerAndProcessResult(MessagingMessageListenerAdapter.java:225) ~[spring-rabbit-3.1.3.jar:3.1.3]
	at org.springframework.amqp.rabbit.listener.adapter.MessagingMessageListenerAdapter.onMessage(MessagingMessageListenerAdapter.java:149) ~[spring-rabbit-3.1.3.jar:3.1.3]
	at org.springframework.amqp.rabbit.listener.AbstractMessageListenerContainer.doInvokeListener(AbstractMessageListenerContainer.java:1682) ~[spring-rabbit-3.1.3.jar:3.1.3]
	at org.springframework.amqp.rabbit.listener.AbstractMessageListenerContainer.actualInvokeListener(AbstractMessageListenerContainer.java:1604) ~[spring-rabbit-3.1.3.jar:3.1.3]
	at java.base/jdk.internal.reflect.NativeMethodAccessorImpl.invoke0(Native Method) ~[na:na]
	at java.base/jdk.internal.reflect.NativeMethodAccessorImpl.invoke(NativeMethodAccessorImpl.java:77) ~[na:na]
	at java.base/jdk.internal.reflect.DelegatingMethodAccessorImpl.invoke(DelegatingMethodAccessorImpl.java:43) ~[na:na]
	at java.base/java.lang.reflect.Method.invoke(Method.java:569) ~[na:na]
	at org.springframework.aop.support.AopUtils.invokeJoinpointUsingReflection(AopUtils.java:351) ~[spring-aop-6.1.5.jar:6.1.5]
	at org.springframework.aop.framework.ReflectiveMethodInvocation.invokeJoinpoint(ReflectiveMethodInvocation.java:196) ~[spring-aop-6.1.5.jar:6.1.5]
	at org.springframework.aop.framework.ReflectiveMethodInvocation.proceed(ReflectiveMethodInvocation.java:163) ~[spring-aop-6.1.5.jar:6.1.5]
	at org.springframework.retry.interceptor.RetryOperationsInterceptor$1.doWithRetry(RetryOperationsInterceptor.java:102) ~[spring-retry-2.0.5.jar:na]
	at org.springframework.retry.support.RetryTemplate.doExecute(RetryTemplate.java:335) ~[spring-retry-2.0.5.jar:na]
	at org.springframework.retry.support.RetryTemplate.execute(RetryTemplate.java:227) ~[spring-retry-2.0.5.jar:na]
	at org.springframework.retry.interceptor.RetryOperationsInterceptor.invoke(RetryOperationsInterceptor.java:124) ~[spring-retry-2.0.5.jar:na]
	at org.springframework.aop.framework.ReflectiveMethodInvocation.proceed(ReflectiveMethodInvocation.java:184) ~[spring-aop-6.1.5.jar:6.1.5]
	at org.springframework.aop.framework.JdkDynamicAopProxy.invoke(JdkDynamicAopProxy.java:220) ~[spring-aop-6.1.5.jar:6.1.5]
	at org.springframework.amqp.rabbit.listener.$Proxy210.invokeListener(Unknown Source) ~[na:3.1.3]
	at org.springframework.amqp.rabbit.listener.AbstractMessageListenerContainer.invokeListener(AbstractMessageListenerContainer.java:1592) ~[spring-rabbit-3.1.3.jar:3.1.3]
	at org.springframework.amqp.rabbit.listener.AbstractMessageListenerContainer.doExecuteListener(AbstractMessageListenerContainer.java:1583) ~[spring-rabbit-3.1.3.jar:3.1.3]
	at org.springframework.amqp.rabbit.listener.AbstractMessageListenerContainer.executeListenerAndHandleException(AbstractMessageListenerContainer.java:1528) ~[spring-rabbit-3.1.3.jar:3.1.3]
	at org.springframework.amqp.rabbit.listener.AbstractMessageListenerContainer.lambda$executeListener$8(AbstractMessageListenerContainer.java:1506) ~[spring-rabbit-3.1.3.jar:3.1.3]
	at io.micrometer.observation.Observation.observe(Observation.java:499) ~[micrometer-observation-1.12.4.jar:1.12.4]
	at org.springframework.amqp.rabbit.listener.AbstractMessageListenerContainer.executeListener(AbstractMessageListenerContainer.java:1506) ~[spring-rabbit-3.1.3.jar:3.1.3]
	at org.springframework.amqp.rabbit.listener.SimpleMessageListenerContainer.doReceiveAndExecute(SimpleMessageListenerContainer.java:1084) ~[spring-rabbit-3.1.3.jar:3.1.3]
	at org.springframework.amqp.rabbit.listener.SimpleMessageListenerContainer.receiveAndExecute(SimpleMessageListenerContainer.java:1020) ~[spring-rabbit-3.1.3.jar:3.1.3]
	at org.springframework.amqp.rabbit.listener.SimpleMessageListenerContainer$AsyncMessageProcessingConsumer.mainLoop(SimpleMessageListenerContainer.java:1422) ~[spring-rabbit-3.1.3.jar:3.1.3]
	at org.springframework.amqp.rabbit.listener.SimpleMessageListenerContainer$AsyncMessageProcessingConsumer.run(SimpleMessageListenerContainer.java:1324) ~[spring-rabbit-3.1.3.jar:3.1.3]
	at java.base/java.lang.Thread.run(Thread.java:840) ~[na:na]
Caused by: java.io.FileNotFoundException: /tmp/test-guest-list7732256638126590255.csv (No such file or directory)
	at java.base/java.io.FileInputStream.open0(Native Method) ~[na:na]
	at java.base/java.io.FileInputStream.open(FileInputStream.java:216) ~[na:na]
	at java.base/java.io.FileInputStream.<init>(FileInputStream.java:157) ~[na:na]
	at java.base/java.io.FileInputStream.<init>(FileInputStream.java:111) ~[na:na]
	at java.base/java.io.FileReader.<init>(FileReader.java:60) ~[na:na]
	at com.ticketbox.backend.worker.csv.CsvImportService.processCsv(CsvImportService.java:59) ~[classes/:na]
	... 39 common frames omitted

Hibernate: 
    select
        g1_0.id,
        g1_0.concert_id,
        g1_0.created_at,
        g1_0.email,
        g1_0.full_name 
    from
        guests g1_0
Hibernate: 
    delete 
    from
        guests 
    where
        id=?
Hibernate: 
    delete 
    from
        guests 
    where
        id=?
Hibernate: 
    delete 
    from
        guests 
    where
        id=?
Hibernate: 
    delete 
    from
        guests 
    where
        id=?
Hibernate: 
    delete 
    from
        guests 
    where
        id=?
Hibernate: 
    delete 
    from
        guests 
    where
        id=?
Hibernate: 
    delete 
    from
        guests 
    where
        id=?
Hibernate: 
    delete 
    from
        guests 
    where
        id=?
Hibernate: 
    delete 
    from
        guests 
    where
        id=?
Hibernate: 
    delete 
    from
        guests 
    where
        id=?
Hibernate: 
    delete 
    from
        guests 
    where
        id=?
Hibernate: 
    delete 
    from
        guests 
    where
        id=?
Hibernate: 
    delete 
    from
        guests 
    where
        id=?
Hibernate: 
    delete 
    from
        guests 
    where
        id=?
Hibernate: 
    delete 
    from
        guests 
    where
        id=?
Hibernate: 
    delete 
    from
        guests 
    where
        id=?
Hibernate: 
    delete 
    from
        guests 
    where
        id=?
Hibernate: 
    delete 
    from
        guests 
    where
        id=?
Hibernate: 
    delete 
    from
        guests 
    where
        id=?
Hibernate: 
    delete 
    from
        guests 
    where
        id=?
Hibernate: 
    delete 
    from
        guests 
    where
        id=?
Hibernate: 
    delete 
    from
        guests 
    where
        id=?
Hibernate: 
    delete 
    from
        guests 
    where
        id=?
Hibernate: 
    delete 
    from
        guests 
    where
        id=?
Hibernate: 
    delete 
    from
        guests 
    where
        id=?
Hibernate: 
    delete 
    from
        guests 
    where
        id=?
Hibernate: 
    delete 
    from
        guests 
    where
        id=?
Hibernate: 
    delete 
    from
        guests 
    where
        id=?
Hibernate: 
    delete 
    from
        guests 
    where
        id=?
Hibernate: 
    delete 
    from
        guests 
    where
        id=?
Hibernate: 
    delete 
    from
        guests 
    where
        id=?
Hibernate: 
    delete 
    from
        guests 
    where
        id=?
Hibernate: 
    delete 
    from
        guests 
    where
        id=?
Hibernate: 
    delete 
    from
        guests 
    where
        id=?
Hibernate: 
    delete 
    from
        guests 
    where
        id=?
Hibernate: 
    delete 
    from
        guests 
    where
        id=?
Hibernate: 
    delete 
    from
        guests 
    where
        id=?
Hibernate: 
    delete 
    from
        guests 
    where
        id=?
Hibernate: 
    delete 
    from
        guests 
    where
        id=?
Hibernate: 
    delete 
    from
        guests 
    where
        id=?
Hibernate: 
    delete 
    from
        guests 
    where
        id=?
Hibernate: 
    delete 
    from
        guests 
    where
        id=?
Hibernate: 
    delete 
    from
        guests 
    where
        id=?
Hibernate: 
    delete 
    from
        guests 
    where
        id=?
Hibernate: 
    delete 
    from
        guests 
    where
        id=?
Hibernate: 
    delete 
    from
        guests 
    where
        id=?
Hibernate: 
    delete 
    from
        guests 
    where
        id=?
Hibernate: 
    delete 
    from
        guests 
    where
        id=?
Hibernate: 
    delete 
    from
        guests 
    where
        id=?
Hibernate: 
    delete 
    from
        guests 
    where
        id=?
Hibernate: 
    delete 
    from
        guests 
    where
        id=?
Hibernate: 
    delete 
    from
        guests 
    where
        id=?
Hibernate: 
    delete 
    from
        guests 
    where
        id=?
Hibernate: 
    delete 
    from
        guests 
    where
        id=?
Hibernate: 
    delete 
    from
        guests 
    where
        id=?
Hibernate: 
    delete 
    from
        guests 
    where
        id=?
Hibernate: 
    delete 
    from
        guests 
    where
        id=?
Hibernate: 
    delete 
    from
        guests 
    where
        id=?
Hibernate: 
    delete 
    from
        guests 
    where
        id=?
Hibernate: 
    delete 
    from
        guests 
    where
        id=?
Hibernate: 
    delete 
    from
        guests 
    where
        id=?
Hibernate: 
    delete 
    from
        guests 
    where
        id=?
Hibernate: 
    delete 
    from
        guests 
    where
        id=?
Hibernate: 
    delete 
    from
        guests 
    where
        id=?
Hibernate: 
    delete 
    from
        guests 
    where
        id=?
Hibernate: 
    delete 
    from
        guests 
    where
        id=?
Hibernate: 
    delete 
    from
        guests 
    where
        id=?
Hibernate: 
    delete 
    from
        guests 
    where
        id=?
Hibernate: 
    delete 
    from
        guests 
    where
        id=?
Hibernate: 
    delete 
    from
        guests 
    where
        id=?
Hibernate: 
    delete 
    from
        guests 
    where
        id=?
Hibernate: 
    delete 
    from
        guests 
    where
        id=?
Hibernate: 
    delete 
    from
        guests 
    where
        id=?
Hibernate: 
    delete 
    from
        guests 
    where
        id=?
Hibernate: 
    delete 
    from
        guests 
    where
        id=?
Hibernate: 
    delete 
    from
        guests 
    where
        id=?
Hibernate: 
    delete 
    from
        guests 
    where
        id=?
Hibernate: 
    delete 
    from
        guests 
    where
        id=?
Hibernate: 
    delete 
    from
        guests 
    where
        id=?
Hibernate: 
    delete 
    from
        guests 
    where
        id=?
Hibernate: 
    delete 
    from
        guests 
    where
        id=?
Hibernate: 
    delete 
    from
        guests 
    where
        id=?
Hibernate: 
    delete 
    from
        guests 
    where
        id=?
Hibernate: 
    delete 
    from
        guests 
    where
        id=?
Hibernate: 
    delete 
    from
        guests 
    where
        id=?
Hibernate: 
    delete 
    from
        guests 
    where
        id=?
Hibernate: 
    delete 
    from
        guests 
    where
        id=?
Hibernate: 
    delete 
    from
        guests 
    where
        id=?
Hibernate: 
    delete 
    from
        guests 
    where
        id=?
Hibernate: 
    delete 
    from
        guests 
    where
        id=?
Hibernate: 
    delete 
    from
        guests 
    where
        id=?
Hibernate: 
    delete 
    from
        guests 
    where
        id=?
Hibernate: 
    delete 
    from
        guests 
    where
        id=?
Hibernate: 
    delete 
    from
        guests 
    where
        id=?
Hibernate: 
    delete 
    from
        guests 
    where
        id=?
Hibernate: 
    delete 
    from
        guests 
    where
        id=?
Hibernate: 
    delete 
    from
        guests 
    where
        id=?
Hibernate: 
    delete 
    from
        guests 
    where
        id=?
Hibernate: 
    delete 
    from
        guests 
    where
        id=?
Hibernate: 
    delete 
    from
        guests 
    where
        id=?
Hibernate: 
    delete 
    from
        guests 
    where
        id=?
Hibernate: 
    delete 
    from
        guests 
    where
        id=?
Hibernate: 
    delete 
    from
        guests 
    where
        id=?
Hibernate: 
    delete 
    from
        guests 
    where
        id=?
Hibernate: 
    delete 
    from
        guests 
    where
        id=?
Hibernate: 
    delete 
    from
        guests 
    where
        id=?
Hibernate: 
    delete 
    from
        guests 
    where
        id=?
Hibernate: 
    delete 
    from
        guests 
    where
        id=?
Hibernate: 
    delete 
    from
        guests 
    where
        id=?
Hibernate: 
    delete 
    from
        guests 
    where
        id=?
Hibernate: 
    delete 
    from
        guests 
    where
        id=?
Hibernate: 
    delete 
    from
        guests 
    where
        id=?
Hibernate: 
    delete 
    from
        guests 
    where
        id=?
Hibernate: 
    delete 
    from
        guests 
    where
        id=?
Hibernate: 
    delete 
    from
        guests 
    where
        id=?
Hibernate: 
    delete 
    from
        guests 
    where
        id=?
Hibernate: 
    delete 
    from
        guests 
    where
        id=?
Hibernate: 
    delete 
    from
        guests 
    where
        id=?
Hibernate: 
    delete 
    from
        guests 
    where
        id=?
Hibernate: 
    delete 
    from
        guests 
    where
        id=?
Hibernate: 
    delete 
    from
        guests 
    where
        id=?
Hibernate: 
    delete 
    from
        guests 
    where
        id=?
Hibernate: 
    delete 
    from
        guests 
    where
        id=?
Hibernate: 
    delete 
    from
        guests 
    where
        id=?
Hibernate: 
    delete 
    from
        guests 
    where
        id=?
Hibernate: 
    delete 
    from
        guests 
    where
        id=?
Hibernate: 
    delete 
    from
        guests 
    where
        id=?
Hibernate: 
    delete 
    from
        guests 
    where
        id=?
Hibernate: 
    delete 
    from
        guests 
    where
        id=?
Hibernate: 
    delete 
    from
        guests 
    where
        id=?
Hibernate: 
    delete 
    from
        guests 
    where
        id=?
Hibernate: 
    delete 
    from
        guests 
    where
        id=?
Hibernate: 
    delete 
    from
        guests 
    where
        id=?
Hibernate: 
    delete 
    from
        guests 
    where
        id=?
Hibernate: 
    delete 
    from
        guests 
    where
        id=?
Hibernate: 
    delete 
    from
        guests 
    where
        id=?
Hibernate: 
    delete 
    from
        guests 
    where
        id=?
Hibernate: 
    delete 
    from
        guests 
    where
        id=?
Hibernate: 
    delete 
    from
        guests 
    where
        id=?
Hibernate: 
    delete 
    from
        guests 
    where
        id=?
Hibernate: 
    delete 
    from
        guests 
    where
        id=?
Hibernate: 
    delete 
    from
        guests 
    where
        id=?
Hibernate: 
    delete 
    from
        guests 
    where
        id=?
Hibernate: 
    delete 
    from
        guests 
    where
        id=?
Hibernate: 
    delete 
    from
        guests 
    where
        id=?
Hibernate: 
    delete 
    from
        guests 
    where
        id=?
Hibernate: 
    delete 
    from
        guests 
    where
        id=?
Hibernate: 
    delete 
    from
        guests 
    where
        id=?
Hibernate: 
    delete 
    from
        guests 
    where
        id=?
Hibernate: 
    delete 
    from
        guests 
    where
        id=?
Hibernate: 
    delete 
    from
        guests 
    where
        id=?
Hibernate: 
    delete 
    from
        guests 
    where
        id=?
Hibernate: 
    delete 
    from
        guests 
    where
        id=?
Hibernate: 
    delete 
    from
        guests 
    where
        id=?
Hibernate: 
    delete 
    from
        guests 
    where
        id=?
Hibernate: 
    delete 
    from
        guests 
    where
        id=?
Hibernate: 
    delete 
    from
        guests 
    where
        id=?
Hibernate: 
    delete 
    from
        guests 
    where
        id=?
Hibernate: 
    delete 
    from
        guests 
    where
        id=?
Hibernate: 
    delete 
    from
        guests 
    where
        id=?
Hibernate: 
    delete 
    from
        guests 
    where
        id=?
Hibernate: 
    delete 
    from
        guests 
    where
        id=?
Hibernate: 
    delete 
    from
        guests 
    where
        id=?
Hibernate: 
    delete 
    from
        guests 
    where
        id=?
Hibernate: 
    delete 
    from
        guests 
    where
        id=?
Hibernate: 
    delete 
    from
        guests 
    where
        id=?
Hibernate: 
    delete 
    from
        guests 
    where
        id=?
Hibernate: 
    delete 
    from
        guests 
    where
        id=?
Hibernate: 
    delete 
    from
        guests 
    where
        id=?
Hibernate: 
    delete 
    from
        guests 
    where
        id=?
Hibernate: 
    delete 
    from
        guests 
    where
        id=?
Hibernate: 
    delete 
    from
        guests 
    where
        id=?
Hibernate: 
    delete 
    from
        guests 
    where
        id=?
Hibernate: 
    delete 
    from
        guests 
    where
        id=?
Hibernate: 
    delete 
    from
        guests 
    where
        id=?
Hibernate: 
    delete 
    from
        guests 
    where
        id=?
Hibernate: 
    delete 
    from
        guests 
    where
        id=?
Hibernate: 
    delete 
    from
        guests 
    where
        id=?
Hibernate: 
    delete 
    from
        guests 
    where
        id=?
Hibernate: 
    delete 
    from
        guests 
    where
        id=?
Hibernate: 
    delete 
    from
        guests 
    where
        id=?
Hibernate: 
    delete 
    from
        guests 
    where
        id=?
Hibernate: 
    delete 
    from
        guests 
    where
        id=?
Hibernate: 
    delete 
    from
        guests 
    where
        id=?
Hibernate: 
    delete 
    from
        guests 
    where
        id=?
Hibernate: 
    delete 
    from
        guests 
    where
        id=?
Hibernate: 
    delete 
    from
        guests 
    where
        id=?
Hibernate: 
    delete 
    from
        guests 
    where
        id=?
Hibernate: 
    delete 
    from
        guests 
    where
        id=?
Hibernate: 
    delete 
    from
        guests 
    where
        id=?
Hibernate: 
    delete 
    from
        guests 
    where
        id=?
Hibernate: 
    delete 
    from
        guests 
    where
        id=?
Hibernate: 
    delete 
    from
        guests 
    where
        id=?
Hibernate: 
    delete 
    from
        guests 
    where
        id=?
Hibernate: 
    delete 
    from
        guests 
    where
        id=?
Hibernate: 
    delete 
    from
        guests 
    where
        id=?
Hibernate: 
    delete 
    from
        guests 
    where
        id=?
Hibernate: 
    delete 
    from
        guests 
    where
        id=?
Hibernate: 
    delete 
    from
        guests 
    where
        id=?
Hibernate: 
    delete 
    from
        guests 
    where
        id=?
Hibernate: 
    delete 
    from
        guests 
    where
        id=?
Hibernate: 
    delete 
    from
        guests 
    where
        id=?
Hibernate: 
    delete 
    from
        guests 
    where
        id=?
Hibernate: 
    delete 
    from
        guests 
    where
        id=?
Hibernate: 
    delete 
    from
        guests 
    where
        id=?
Hibernate: 
    delete 
    from
        guests 
    where
        id=?
Hibernate: 
    delete 
    from
        guests 
    where
        id=?
Hibernate: 
    delete 
    from
        guests 
    where
        id=?
Hibernate: 
    delete 
    from
        guests 
    where
        id=?
Hibernate: 
    delete 
    from
        guests 
    where
        id=?
Hibernate: 
    delete 
    from
        guests 
    where
        id=?
Hibernate: 
    delete 
    from
        guests 
    where
        id=?
Hibernate: 
    delete 
    from
        guests 
    where
        id=?
Hibernate: 
    delete 
    from
        guests 
    where
        id=?
Hibernate: 
    delete 
    from
        guests 
    where
        id=?
Hibernate: 
    delete 
    from
        guests 
    where
        id=?
Hibernate: 
    delete 
    from
        guests 
    where
        id=?
Hibernate: 
    delete 
    from
        guests 
    where
        id=?
Hibernate: 
    delete 
    from
        guests 
    where
        id=?
Hibernate: 
    delete 
    from
        guests 
    where
        id=?
Hibernate: 
    delete 
    from
        guests 
    where
        id=?
Hibernate: 
    delete 
    from
        guests 
    where
        id=?
Hibernate: 
    delete 
    from
        guests 
    where
        id=?
Hibernate: 
    delete 
    from
        guests 
    where
        id=?
Hibernate: 
    delete 
    from
        guests 
    where
        id=?
Hibernate: 
    delete 
    from
        guests 
    where
        id=?
Hibernate: 
    delete 
    from
        guests 
    where
        id=?
Hibernate: 
    delete 
    from
        guests 
    where
        id=?
Hibernate: 
    delete 
    from
        guests 
    where
        id=?
Hibernate: 
    delete 
    from
        guests 
    where
        id=?
Hibernate: 
    delete 
    from
        guests 
    where
        id=?
Hibernate: 
    delete 
    from
        guests 
    where
        id=?
Hibernate: 
    delete 
    from
        guests 
    where
        id=?
Hibernate: 
    delete 
    from
        guests 
    where
        id=?
Hibernate: 
    delete 
    from
        guests 
    where
        id=?
Hibernate: 
    delete 
    from
        guests 
    where
        id=?
Hibernate: 
    delete 
    from
        guests 
    where
        id=?
Hibernate: 
    delete 
    from
        guests 
    where
        id=?
Hibernate: 
    delete 
    from
        guests 
    where
        id=?
Hibernate: 
    delete 
    from
        guests 
    where
        id=?
Hibernate: 
    delete 
    from
        guests 
    where
        id=?
Hibernate: 
    delete 
    from
        guests 
    where
        id=?
Hibernate: 
    delete 
    from
        guests 
    where
        id=?
Hibernate: 
    delete 
    from
        guests 
    where
        id=?
Hibernate: 
    delete 
    from
        guests 
    where
        id=?
Hibernate: 
    delete 
    from
        guests 
    where
        id=?
Hibernate: 
    delete 
    from
        guests 
    where
        id=?
Hibernate: 
    delete 
    from
        guests 
    where
        id=?
Hibernate: 
    delete 
    from
        guests 
    where
        id=?
Hibernate: 
    delete 
    from
        guests 
    where
        id=?
Hibernate: 
    delete 
    from
        guests 
    where
        id=?
Hibernate: 
    delete 
    from
        guests 
    where
        id=?
Hibernate: 
    delete 
    from
        guests 
    where
        id=?
Hibernate: 
    delete 
    from
        guests 
    where
        id=?
Hibernate: 
    delete 
    from
        guests 
    where
        id=?
Hibernate: 
    delete 
    from
        guests 
    where
        id=?
Hibernate: 
    delete 
    from
        guests 
    where
        id=?
Hibernate: 
    delete 
    from
        guests 
    where
        id=?
Hibernate: 
    delete 
    from
        guests 
    where
        id=?
Hibernate: 
    delete 
    from
        guests 
    where
        id=?
Hibernate: 
    delete 
    from
        guests 
    where
        id=?
Hibernate: 
    delete 
    from
        guests 
    where
        id=?
Hibernate: 
    delete 
    from
        guests 
    where
        id=?
Hibernate: 
    delete 
    from
        guests 
    where
        id=?
Hibernate: 
    delete 
    from
        guests 
    where
        id=?
Hibernate: 
    delete 
    from
        guests 
    where
        id=?
Hibernate: 
    delete 
    from
        guests 
    where
        id=?
Hibernate: 
    delete 
    from
        guests 
    where
        id=?
Hibernate: 
    delete 
    from
        guests 
    where
        id=?
Hibernate: 
    delete 
    from
        guests 
    where
        id=?
Hibernate: 
    delete 
    from
        guests 
    where
        id=?
Hibernate: 
    delete 
    from
        guests 
    where
        id=?
Hibernate: 
    delete 
    from
        guests 
    where
        id=?
Hibernate: 
    delete 
    from
        guests 
    where
        id=?
Hibernate: 
    delete 
    from
        guests 
    where
        id=?
Hibernate: 
    delete 
    from
        guests 
    where
        id=?
Hibernate: 
    delete 
    from
        guests 
    where
        id=?
Hibernate: 
    delete 
    from
        guests 
    where
        id=?
Hibernate: 
    delete 
    from
        guests 
    where
        id=?
Hibernate: 
    delete 
    from
        guests 
    where
        id=?
Hibernate: 
    delete 
    from
        guests 
    where
        id=?
Hibernate: 
    delete 
    from
        guests 
    where
        id=?
Hibernate: 
    delete 
    from
        guests 
    where
        id=?
Hibernate: 
    delete 
    from
        guests 
    where
        id=?
Hibernate: 
    delete 
    from
        guests 
    where
        id=?
Hibernate: 
    delete 
    from
        guests 
    where
        id=?
Hibernate: 
    delete 
    from
        guests 
    where
        id=?
Hibernate: 
    delete 
    from
        guests 
    where
        id=?
Hibernate: 
    delete 
    from
        guests 
    where
        id=?
Hibernate: 
    delete 
    from
        guests 
    where
        id=?
Hibernate: 
    delete 
    from
        guests 
    where
        id=?
Hibernate: 
    delete 
    from
        guests 
    where
        id=?
Hibernate: 
    delete 
    from
        guests 
    where
        id=?
2026-06-04T22:33:28.221+07:00  INFO 23775 --- [ticketbox-backend] [ntContainer#0-2] c.t.b.worker.csv.CsvImportConsumer       : Received CSV Import message for Job: 20e82697-a752-4f43-be55-496a96934c9b, Concert: 4
2026-06-04T22:33:28.221+07:00  INFO 23775 --- [ticketbox-backend] [ntContainer#0-2] c.t.backend.worker.csv.CsvImportService  : Starting CSV import job: 20e82697-a752-4f43-be55-496a96934c9b
Hibernate: 
    select
        c1_0.id,
        c1_0.description,
        c1_0.end_time,
        c1_0.location,
        c1_0.name,
        c1_0.start_time 
    from
        concerts c1_0 
    where
        c1_0.id=?
Hibernate: 
    delete 
    from
        guests 
    where
        id=?
Hibernate: 
    delete 
    from
        guests 
    where
        id=?
Hibernate: 
    delete 
    from
        guests 
    where
        id=?
Hibernate: 
    delete 
    from
        guests 
    where
        id=?
Hibernate: 
    delete 
    from
        guests 
    where
        id=?
Hibernate: 
    delete 
    from
        guests 
    where
        id=?
Hibernate: 
    delete 
    from
        guests 
    where
        id=?
2026-06-04T22:33:28.245+07:00 ERROR 23775 --- [ticketbox-backend] [ntContainer#0-2] c.t.backend.worker.csv.CsvImportService  : Job 20e82697-a752-4f43-be55-496a96934c9b: System error during CSV processing: /tmp/test-guest-list7732256638126590255.csv (No such file or directory)

java.io.FileNotFoundException: /tmp/test-guest-list7732256638126590255.csv (No such file or directory)
	at java.base/java.io.FileInputStream.open0(Native Method) ~[na:na]
	at java.base/java.io.FileInputStream.open(FileInputStream.java:216) ~[na:na]
	at java.base/java.io.FileInputStream.<init>(FileInputStream.java:157) ~[na:na]
	at java.base/java.io.FileInputStream.<init>(FileInputStream.java:111) ~[na:na]
	at java.base/java.io.FileReader.<init>(FileReader.java:60) ~[na:na]
	at com.ticketbox.backend.worker.csv.CsvImportService.processCsv(CsvImportService.java:59) ~[classes/:na]
	at com.ticketbox.backend.worker.csv.CsvImportConsumer.consumeCsvImport(CsvImportConsumer.java:23) ~[classes/:na]
	at java.base/jdk.internal.reflect.NativeMethodAccessorImpl.invoke0(Native Method) ~[na:na]
	at java.base/jdk.internal.reflect.NativeMethodAccessorImpl.invoke(NativeMethodAccessorImpl.java:77) ~[na:na]
	at java.base/jdk.internal.reflect.DelegatingMethodAccessorImpl.invoke(DelegatingMethodAccessorImpl.java:43) ~[na:na]
	at java.base/java.lang.reflect.Method.invoke(Method.java:569) ~[na:na]
	at org.springframework.messaging.handler.invocation.InvocableHandlerMethod.doInvoke(InvocableHandlerMethod.java:169) ~[spring-messaging-6.1.5.jar:6.1.5]
	at org.springframework.amqp.rabbit.listener.adapter.KotlinAwareInvocableHandlerMethod.doInvoke(KotlinAwareInvocableHandlerMethod.java:45) ~[spring-rabbit-3.1.3.jar:3.1.3]
	at org.springframework.messaging.handler.invocation.InvocableHandlerMethod.invoke(InvocableHandlerMethod.java:119) ~[spring-messaging-6.1.5.jar:6.1.5]
	at org.springframework.amqp.rabbit.listener.adapter.HandlerAdapter.invoke(HandlerAdapter.java:75) ~[spring-rabbit-3.1.3.jar:3.1.3]
	at org.springframework.amqp.rabbit.listener.adapter.MessagingMessageListenerAdapter.invokeHandler(MessagingMessageListenerAdapter.java:278) ~[spring-rabbit-3.1.3.jar:3.1.3]
	at org.springframework.amqp.rabbit.listener.adapter.MessagingMessageListenerAdapter.invokeHandlerAndProcessResult(MessagingMessageListenerAdapter.java:225) ~[spring-rabbit-3.1.3.jar:3.1.3]
	at org.springframework.amqp.rabbit.listener.adapter.MessagingMessageListenerAdapter.onMessage(MessagingMessageListenerAdapter.java:149) ~[spring-rabbit-3.1.3.jar:3.1.3]
	at org.springframework.amqp.rabbit.listener.AbstractMessageListenerContainer.doInvokeListener(AbstractMessageListenerContainer.java:1682) ~[spring-rabbit-3.1.3.jar:3.1.3]
	at org.springframework.amqp.rabbit.listener.AbstractMessageListenerContainer.actualInvokeListener(AbstractMessageListenerContainer.java:1604) ~[spring-rabbit-3.1.3.jar:3.1.3]
	at java.base/jdk.internal.reflect.NativeMethodAccessorImpl.invoke0(Native Method) ~[na:na]
	at java.base/jdk.internal.reflect.NativeMethodAccessorImpl.invoke(NativeMethodAccessorImpl.java:77) ~[na:na]
	at java.base/jdk.internal.reflect.DelegatingMethodAccessorImpl.invoke(DelegatingMethodAccessorImpl.java:43) ~[na:na]
	at java.base/java.lang.reflect.Method.invoke(Method.java:569) ~[na:na]
	at org.springframework.aop.support.AopUtils.invokeJoinpointUsingReflection(AopUtils.java:351) ~[spring-aop-6.1.5.jar:6.1.5]
	at org.springframework.aop.framework.ReflectiveMethodInvocation.invokeJoinpoint(ReflectiveMethodInvocation.java:196) ~[spring-aop-6.1.5.jar:6.1.5]
	at org.springframework.aop.framework.ReflectiveMethodInvocation.proceed(ReflectiveMethodInvocation.java:163) ~[spring-aop-6.1.5.jar:6.1.5]
	at org.springframework.retry.interceptor.RetryOperationsInterceptor$1.doWithRetry(RetryOperationsInterceptor.java:102) ~[spring-retry-2.0.5.jar:na]
	at org.springframework.retry.support.RetryTemplate.doExecute(RetryTemplate.java:335) ~[spring-retry-2.0.5.jar:na]
	at org.springframework.retry.support.RetryTemplate.execute(RetryTemplate.java:227) ~[spring-retry-2.0.5.jar:na]
	at org.springframework.retry.interceptor.RetryOperationsInterceptor.invoke(RetryOperationsInterceptor.java:124) ~[spring-retry-2.0.5.jar:na]
	at org.springframework.aop.framework.ReflectiveMethodInvocation.proceed(ReflectiveMethodInvocation.java:184) ~[spring-aop-6.1.5.jar:6.1.5]
	at org.springframework.aop.framework.JdkDynamicAopProxy.invoke(JdkDynamicAopProxy.java:220) ~[spring-aop-6.1.5.jar:6.1.5]
	at org.springframework.amqp.rabbit.listener.$Proxy210.invokeListener(Unknown Source) ~[na:3.1.3]
	at org.springframework.amqp.rabbit.listener.AbstractMessageListenerContainer.invokeListener(AbstractMessageListenerContainer.java:1592) ~[spring-rabbit-3.1.3.jar:3.1.3]
	at org.springframework.amqp.rabbit.listener.AbstractMessageListenerContainer.doExecuteListener(AbstractMessageListenerContainer.java:1583) ~[spring-rabbit-3.1.3.jar:3.1.3]
	at org.springframework.amqp.rabbit.listener.AbstractMessageListenerContainer.executeListenerAndHandleException(AbstractMessageListenerContainer.java:1528) ~[spring-rabbit-3.1.3.jar:3.1.3]
	at org.springframework.amqp.rabbit.listener.AbstractMessageListenerContainer.lambda$executeListener$8(AbstractMessageListenerContainer.java:1506) ~[spring-rabbit-3.1.3.jar:3.1.3]
	at io.micrometer.observation.Observation.observe(Observation.java:499) ~[micrometer-observation-1.12.4.jar:1.12.4]
	at org.springframework.amqp.rabbit.listener.AbstractMessageListenerContainer.executeListener(AbstractMessageListenerContainer.java:1506) ~[spring-rabbit-3.1.3.jar:3.1.3]
	at org.springframework.amqp.rabbit.listener.SimpleMessageListenerContainer.doReceiveAndExecute(SimpleMessageListenerContainer.java:1084) ~[spring-rabbit-3.1.3.jar:3.1.3]
	at org.springframework.amqp.rabbit.listener.SimpleMessageListenerContainer.receiveAndExecute(SimpleMessageListenerContainer.java:1020) ~[spring-rabbit-3.1.3.jar:3.1.3]
	at org.springframework.amqp.rabbit.listener.SimpleMessageListenerContainer$AsyncMessageProcessingConsumer.mainLoop(SimpleMessageListenerContainer.java:1422) ~[spring-rabbit-3.1.3.jar:3.1.3]
	at org.springframework.amqp.rabbit.listener.SimpleMessageListenerContainer$AsyncMessageProcessingConsumer.run(SimpleMessageListenerContainer.java:1324) ~[spring-rabbit-3.1.3.jar:3.1.3]
	at java.base/java.lang.Thread.run(Thread.java:840) ~[na:na]

Hibernate: 
    delete 
    from
        guests 
    where
        id=?
Hibernate: 
    delete 
    from
        guests 
    where
        id=?
2026-06-04T22:33:28.259+07:00 ERROR 23775 --- [ticketbox-backend] [ntContainer#0-2] c.t.b.worker.csv.CsvImportConsumer       : Unhandled exception in CSV Import Worker for Job: 20e82697-a752-4f43-be55-496a96934c9b

java.lang.RuntimeException: Failed to process CSV
	at com.ticketbox.backend.worker.csv.CsvImportService.processCsv(CsvImportService.java:110) ~[classes/:na]
	at com.ticketbox.backend.worker.csv.CsvImportConsumer.consumeCsvImport(CsvImportConsumer.java:23) ~[classes/:na]
	at java.base/jdk.internal.reflect.NativeMethodAccessorImpl.invoke0(Native Method) ~[na:na]
	at java.base/jdk.internal.reflect.NativeMethodAccessorImpl.invoke(NativeMethodAccessorImpl.java:77) ~[na:na]
	at java.base/jdk.internal.reflect.DelegatingMethodAccessorImpl.invoke(DelegatingMethodAccessorImpl.java:43) ~[na:na]
	at java.base/java.lang.reflect.Method.invoke(Method.java:569) ~[na:na]
	at org.springframework.messaging.handler.invocation.InvocableHandlerMethod.doInvoke(InvocableHandlerMethod.java:169) ~[spring-messaging-6.1.5.jar:6.1.5]
	at org.springframework.amqp.rabbit.listener.adapter.KotlinAwareInvocableHandlerMethod.doInvoke(KotlinAwareInvocableHandlerMethod.java:45) ~[spring-rabbit-3.1.3.jar:3.1.3]
	at org.springframework.messaging.handler.invocation.InvocableHandlerMethod.invoke(InvocableHandlerMethod.java:119) ~[spring-messaging-6.1.5.jar:6.1.5]
	at org.springframework.amqp.rabbit.listener.adapter.HandlerAdapter.invoke(HandlerAdapter.java:75) ~[spring-rabbit-3.1.3.jar:3.1.3]
	at org.springframework.amqp.rabbit.listener.adapter.MessagingMessageListenerAdapter.invokeHandler(MessagingMessageListenerAdapter.java:278) ~[spring-rabbit-3.1.3.jar:3.1.3]
	at org.springframework.amqp.rabbit.listener.adapter.MessagingMessageListenerAdapter.invokeHandlerAndProcessResult(MessagingMessageListenerAdapter.java:225) ~[spring-rabbit-3.1.3.jar:3.1.3]
	at org.springframework.amqp.rabbit.listener.adapter.MessagingMessageListenerAdapter.onMessage(MessagingMessageListenerAdapter.java:149) ~[spring-rabbit-3.1.3.jar:3.1.3]
	at org.springframework.amqp.rabbit.listener.AbstractMessageListenerContainer.doInvokeListener(AbstractMessageListenerContainer.java:1682) ~[spring-rabbit-3.1.3.jar:3.1.3]
	at org.springframework.amqp.rabbit.listener.AbstractMessageListenerContainer.actualInvokeListener(AbstractMessageListenerContainer.java:1604) ~[spring-rabbit-3.1.3.jar:3.1.3]
	at java.base/jdk.internal.reflect.NativeMethodAccessorImpl.invoke0(Native Method) ~[na:na]
	at java.base/jdk.internal.reflect.NativeMethodAccessorImpl.invoke(NativeMethodAccessorImpl.java:77) ~[na:na]
	at java.base/jdk.internal.reflect.DelegatingMethodAccessorImpl.invoke(DelegatingMethodAccessorImpl.java:43) ~[na:na]
	at java.base/java.lang.reflect.Method.invoke(Method.java:569) ~[na:na]
	at org.springframework.aop.support.AopUtils.invokeJoinpointUsingReflection(AopUtils.java:351) ~[spring-aop-6.1.5.jar:6.1.5]
	at org.springframework.aop.framework.ReflectiveMethodInvocation.invokeJoinpoint(ReflectiveMethodInvocation.java:196) ~[spring-aop-6.1.5.jar:6.1.5]
	at org.springframework.aop.framework.ReflectiveMethodInvocation.proceed(ReflectiveMethodInvocation.java:163) ~[spring-aop-6.1.5.jar:6.1.5]
	at org.springframework.retry.interceptor.RetryOperationsInterceptor$1.doWithRetry(RetryOperationsInterceptor.java:102) ~[spring-retry-2.0.5.jar:na]
	at org.springframework.retry.support.RetryTemplate.doExecute(RetryTemplate.java:335) ~[spring-retry-2.0.5.jar:na]
	at org.springframework.retry.support.RetryTemplate.execute(RetryTemplate.java:227) ~[spring-retry-2.0.5.jar:na]
	at org.springframework.retry.interceptor.RetryOperationsInterceptor.invoke(RetryOperationsInterceptor.java:124) ~[spring-retry-2.0.5.jar:na]
	at org.springframework.aop.framework.ReflectiveMethodInvocation.proceed(ReflectiveMethodInvocation.java:184) ~[spring-aop-6.1.5.jar:6.1.5]
	at org.springframework.aop.framework.JdkDynamicAopProxy.invoke(JdkDynamicAopProxy.java:220) ~[spring-aop-6.1.5.jar:6.1.5]
	at org.springframework.amqp.rabbit.listener.$Proxy210.invokeListener(Unknown Source) ~[na:3.1.3]
	at org.springframework.amqp.rabbit.listener.AbstractMessageListenerContainer.invokeListener(AbstractMessageListenerContainer.java:1592) ~[spring-rabbit-3.1.3.jar:3.1.3]
	at org.springframework.amqp.rabbit.listener.AbstractMessageListenerContainer.doExecuteListener(AbstractMessageListenerContainer.java:1583) ~[spring-rabbit-3.1.3.jar:3.1.3]
	at org.springframework.amqp.rabbit.listener.AbstractMessageListenerContainer.executeListenerAndHandleException(AbstractMessageListenerContainer.java:1528) ~[spring-rabbit-3.1.3.jar:3.1.3]
	at org.springframework.amqp.rabbit.listener.AbstractMessageListenerContainer.lambda$executeListener$8(AbstractMessageListenerContainer.java:1506) ~[spring-rabbit-3.1.3.jar:3.1.3]
	at io.micrometer.observation.Observation.observe(Observation.java:499) ~[micrometer-observation-1.12.4.jar:1.12.4]
	at org.springframework.amqp.rabbit.listener.AbstractMessageListenerContainer.executeListener(AbstractMessageListenerContainer.java:1506) ~[spring-rabbit-3.1.3.jar:3.1.3]
	at org.springframework.amqp.rabbit.listener.SimpleMessageListenerContainer.doReceiveAndExecute(SimpleMessageListenerContainer.java:1084) ~[spring-rabbit-3.1.3.jar:3.1.3]
	at org.springframework.amqp.rabbit.listener.SimpleMessageListenerContainer.receiveAndExecute(SimpleMessageListenerContainer.java:1020) ~[spring-rabbit-3.1.3.jar:3.1.3]
	at org.springframework.amqp.rabbit.listener.SimpleMessageListenerContainer$AsyncMessageProcessingConsumer.mainLoop(SimpleMessageListenerContainer.java:1422) ~[spring-rabbit-3.1.3.jar:3.1.3]
	at org.springframework.amqp.rabbit.listener.SimpleMessageListenerContainer$AsyncMessageProcessingConsumer.run(SimpleMessageListenerContainer.java:1324) ~[spring-rabbit-3.1.3.jar:3.1.3]
	at java.base/java.lang.Thread.run(Thread.java:840) ~[na:na]
Caused by: java.io.FileNotFoundException: /tmp/test-guest-list7732256638126590255.csv (No such file or directory)
	at java.base/java.io.FileInputStream.open0(Native Method) ~[na:na]
	at java.base/java.io.FileInputStream.open(FileInputStream.java:216) ~[na:na]
	at java.base/java.io.FileInputStream.<init>(FileInputStream.java:157) ~[na:na]
	at java.base/java.io.FileInputStream.<init>(FileInputStream.java:111) ~[na:na]
	at java.base/java.io.FileReader.<init>(FileReader.java:60) ~[na:na]
	at com.ticketbox.backend.worker.csv.CsvImportService.processCsv(CsvImportService.java:59) ~[classes/:na]
	... 39 common frames omitted

Hibernate: 
    delete 
    from
        guests 
    where
        id=?
Hibernate: 
    delete 
    from
        guests 
    where
        id=?
Hibernate: 
    delete 
    from
        guests 
    where
        id=?
Hibernate: 
    delete 
    from
        guests 
    where
        id=?
Hibernate: 
    delete 
    from
        guests 
    where
        id=?
Hibernate: 
    delete 
    from
        guests 
    where
        id=?
Hibernate: 
    delete 
    from
        guests 
    where
        id=?
2026-06-04T22:33:28.279+07:00  WARN 23775 --- [ticketbox-backend] [ntContainer#0-2] o.s.a.r.retry.RepublishMessageRecoverer  : Republishing failed message to exchange 'ticketbox.dlx' with routing key csv.import
Hibernate: 
    delete 
    from
        guests 
    where
        id=?
Hibernate: 
    delete 
    from
        guests 
    where
        id=?
Hibernate: 
    delete 
    from
        guests 
    where
        id=?
Hibernate: 
    delete 
    from
        guests 
    where
        id=?
Hibernate: 
    delete 
    from
        guests 
    where
        id=?
Hibernate: 
    delete 
    from
        guests 
    where
        id=?
Hibernate: 
    delete 
    from
        guests 
    where
        id=?
Hibernate: 
    delete 
    from
        guests 
    where
        id=?
Hibernate: 
    delete 
    from
        guests 
    where
        id=?
Hibernate: 
    delete 
    from
        guests 
    where
        id=?
Hibernate: 
    delete 
    from
        guests 
    where
        id=?
Hibernate: 
    delete 
    from
        guests 
    where
        id=?
Hibernate: 
    delete 
    from
        guests 
    where
        id=?
Hibernate: 
    delete 
    from
        guests 
    where
        id=?
Hibernate: 
    delete 
    from
        guests 
    where
        id=?
Hibernate: 
    delete 
    from
        guests 
    where
        id=?
Hibernate: 
    delete 
    from
        guests 
    where
        id=?
Hibernate: 
    delete 
    from
        guests 
    where
        id=?
Hibernate: 
    delete 
    from
        guests 
    where
        id=?
Hibernate: 
    delete 
    from
        guests 
    where
        id=?
Hibernate: 
    delete 
    from
        guests 
    where
        id=?
Hibernate: 
    delete 
    from
        guests 
    where
        id=?
Hibernate: 
    delete 
    from
        guests 
    where
        id=?
Hibernate: 
    delete 
    from
        guests 
    where
        id=?
Hibernate: 
    delete 
    from
        guests 
    where
        id=?
Hibernate: 
    delete 
    from
        guests 
    where
        id=?
Hibernate: 
    delete 
    from
        guests 
    where
        id=?
Hibernate: 
    delete 
    from
        guests 
    where
        id=?
Hibernate: 
    delete 
    from
        guests 
    where
        id=?
Hibernate: 
    delete 
    from
        guests 
    where
        id=?
Hibernate: 
    delete 
    from
        guests 
    where
        id=?
Hibernate: 
    delete 
    from
        guests 
    where
        id=?
Hibernate: 
    delete 
    from
        guests 
    where
        id=?
Hibernate: 
    delete 
    from
        guests 
    where
        id=?
Hibernate: 
    delete 
    from
        guests 
    where
        id=?
Hibernate: 
    delete 
    from
        guests 
    where
        id=?
Hibernate: 
    delete 
    from
        guests 
    where
        id=?
Hibernate: 
    delete 
    from
        guests 
    where
        id=?
Hibernate: 
    delete 
    from
        guests 
    where
        id=?
Hibernate: 
    delete 
    from
        guests 
    where
        id=?
Hibernate: 
    delete 
    from
        guests 
    where
        id=?
Hibernate: 
    delete 
    from
        guests 
    where
        id=?
Hibernate: 
    delete 
    from
        guests 
    where
        id=?
Hibernate: 
    delete 
    from
        guests 
    where
        id=?
Hibernate: 
    delete 
    from
        guests 
    where
        id=?
Hibernate: 
    delete 
    from
        guests 
    where
        id=?
Hibernate: 
    delete 
    from
        guests 
    where
        id=?
Hibernate: 
    delete 
    from
        guests 
    where
        id=?
Hibernate: 
    delete 
    from
        guests 
    where
        id=?
Hibernate: 
    delete 
    from
        guests 
    where
        id=?
Hibernate: 
    delete 
    from
        guests 
    where
        id=?
Hibernate: 
    delete 
    from
        guests 
    where
        id=?
Hibernate: 
    delete 
    from
        guests 
    where
        id=?
Hibernate: 
    delete 
    from
        guests 
    where
        id=?
Hibernate: 
    delete 
    from
        guests 
    where
        id=?
Hibernate: 
    delete 
    from
        guests 
    where
        id=?
Hibernate: 
    delete 
    from
        guests 
    where
        id=?
Hibernate: 
    delete 
    from
        guests 
    where
        id=?
Hibernate: 
    delete 
    from
        guests 
    where
        id=?
Hibernate: 
    delete 
    from
        guests 
    where
        id=?
Hibernate: 
    delete 
    from
        guests 
    where
        id=?
Hibernate: 
    delete 
    from
        guests 
    where
        id=?
Hibernate: 
    delete 
    from
        guests 
    where
        id=?
Hibernate: 
    delete 
    from
        guests 
    where
        id=?
Hibernate: 
    delete 
    from
        guests 
    where
        id=?
Hibernate: 
    delete 
    from
        guests 
    where
        id=?
Hibernate: 
    delete 
    from
        guests 
    where
        id=?
Hibernate: 
    delete 
    from
        guests 
    where
        id=?
Hibernate: 
    delete 
    from
        guests 
    where
        id=?
Hibernate: 
    delete 
    from
        guests 
    where
        id=?
Hibernate: 
    delete 
    from
        guests 
    where
        id=?
Hibernate: 
    delete 
    from
        guests 
    where
        id=?
Hibernate: 
    delete 
    from
        guests 
    where
        id=?
Hibernate: 
    delete 
    from
        guests 
[...]
	at com.ticketbox.backend.worker.csv.CsvImportService.processCsv(CsvImportService.java:110) ~[classes/:na]
	at com.ticketbox.backend.worker.csv.CsvImportConsumer.consumeCsvImport(CsvImportConsumer.java:23) ~[classes/:na]
	at java.base/jdk.internal.reflect.NativeMethodAccessorImpl.invoke0(Native Method) ~[na:na]
	at java.base/jdk.internal.reflect.NativeMethodAccessorImpl.invoke(NativeMethodAccessorImpl.java:77) ~[na:na]
	at java.base/jdk.internal.reflect.DelegatingMethodAccessorImpl.invoke(DelegatingMethodAccessorImpl.java:43) ~[na:na]
	at java.base/java.lang.reflect.Method.invoke(Method.java:569) ~[na:na]
	at org.springframework.messaging.handler.invocation.InvocableHandlerMethod.doInvoke(InvocableHandlerMethod.java:169) ~[spring-messaging-6.1.5.jar:6.1.5]
	at org.springframework.amqp.rabbit.listener.adapter.KotlinAwareInvocableHandlerMethod.doInvoke(KotlinAwareInvocableHandlerMethod.java:45) ~[spring-rabbit-3.1.3.jar:3.1.3]
	at org.springframework.messaging.handler.invocation.InvocableHandlerMethod.invoke(InvocableHandlerMethod.java:119) ~[spring-messaging-6.1.5.jar:6.1.5]
	at org.springframework.amqp.rabbit.listener.adapter.HandlerAdapter.invoke(HandlerAdapter.java:75) ~[spring-rabbit-3.1.3.jar:3.1.3]
	at org.springframework.amqp.rabbit.listener.adapter.MessagingMessageListenerAdapter.invokeHandler(MessagingMessageListenerAdapter.java:278) ~[spring-rabbit-3.1.3.jar:3.1.3]
	at org.springframework.amqp.rabbit.listener.adapter.MessagingMessageListenerAdapter.invokeHandlerAndProcessResult(MessagingMessageListenerAdapter.java:225) ~[spring-rabbit-3.1.3.jar:3.1.3]
	at org.springframework.amqp.rabbit.listener.adapter.MessagingMessageListenerAdapter.onMessage(MessagingMessageListenerAdapter.java:149) ~[spring-rabbit-3.1.3.jar:3.1.3]
	at org.springframework.amqp.rabbit.listener.AbstractMessageListenerContainer.doInvokeListener(AbstractMessageListenerContainer.java:1682) ~[spring-rabbit-3.1.3.jar:3.1.3]
	at org.springframework.amqp.rabbit.listener.AbstractMessageListenerContainer.actualInvokeListener(AbstractMessageListenerContainer.java:1604) ~[spring-rabbit-3.1.3.jar:3.1.3]
	at java.base/jdk.internal.reflect.NativeMethodAccessorImpl.invoke0(Native Method) ~[na:na]
	at java.base/jdk.internal.reflect.NativeMethodAccessorImpl.invoke(NativeMethodAccessorImpl.java:77) ~[na:na]
	at java.base/jdk.internal.reflect.DelegatingMethodAccessorImpl.invoke(DelegatingMethodAccessorImpl.java:43) ~[na:na]
	at java.base/java.lang.reflect.Method.invoke(Method.java:569) ~[na:na]
	at org.springframework.aop.support.AopUtils.invokeJoinpointUsingReflection(AopUtils.java:351) ~[spring-aop-6.1.5.jar:6.1.5]
	at org.springframework.aop.framework.ReflectiveMethodInvocation.invokeJoinpoint(ReflectiveMethodInvocation.java:196) ~[spring-aop-6.1.5.jar:6.1.5]
	at org.springframework.aop.framework.ReflectiveMethodInvocation.proceed(ReflectiveMethodInvocation.java:163) ~[spring-aop-6.1.5.jar:6.1.5]
	at org.springframework.retry.interceptor.RetryOperationsInterceptor$1.doWithRetry(RetryOperationsInterceptor.java:102) ~[spring-retry-2.0.5.jar:na]
	at org.springframework.retry.support.RetryTemplate.doExecute(RetryTemplate.java:335) ~[spring-retry-2.0.5.jar:na]
	at org.springframework.retry.support.RetryTemplate.execute(RetryTemplate.java:227) ~[spring-retry-2.0.5.jar:na]
	at org.springframework.retry.interceptor.RetryOperationsInterceptor.invoke(RetryOperationsInterceptor.java:124) ~[spring-retry-2.0.5.jar:na]
	at org.springframework.aop.framework.ReflectiveMethodInvocation.proceed(ReflectiveMethodInvocation.java:184) ~[spring-aop-6.1.5.jar:6.1.5]
	at org.springframework.aop.framework.JdkDynamicAopProxy.invoke(JdkDynamicAopProxy.java:220) ~[spring-aop-6.1.5.jar:6.1.5]
	at org.springframework.amqp.rabbit.listener.$Proxy210.invokeListener(Unknown Source) ~[na:3.1.3]
	at org.springframework.amqp.rabbit.listener.AbstractMessageListenerContainer.invokeListener(AbstractMessageListenerContainer.java:1592) ~[spring-rabbit-3.1.3.jar:3.1.3]
	at org.springframework.amqp.rabbit.listener.AbstractMessageListenerContainer.doExecuteListener(AbstractMessageListenerContainer.java:1583) ~[spring-rabbit-3.1.3.jar:3.1.3]
	at org.springframework.amqp.rabbit.listener.AbstractMessageListenerContainer.executeListenerAndHandleException(AbstractMessageListenerContainer.java:1528) ~[spring-rabbit-3.1.3.jar:3.1.3]
	at org.springframework.amqp.rabbit.listener.AbstractMessageListenerContainer.lambda$executeListener$8(AbstractMessageListenerContainer.java:1506) ~[spring-rabbit-3.1.3.jar:3.1.3]
	at io.micrometer.observation.Observation.observe(Observation.java:499) ~[micrometer-observation-1.12.4.jar:1.12.4]
	at org.springframework.amqp.rabbit.listener.AbstractMessageListenerContainer.executeListener(AbstractMessageListenerContainer.java:1506) ~[spring-rabbit-3.1.3.jar:3.1.3]
	at org.springframework.amqp.rabbit.listener.SimpleMessageListenerContainer.doReceiveAndExecute(SimpleMessageListenerContainer.java:1084) ~[spring-rabbit-3.1.3.jar:3.1.3]
	at org.springframework.amqp.rabbit.listener.SimpleMessageListenerContainer.receiveAndExecute(SimpleMessageListenerContainer.java:1020) ~[spring-rabbit-3.1.3.jar:3.1.3]
	at org.springframework.amqp.rabbit.listener.SimpleMessageListenerContainer$AsyncMessageProcessingConsumer.mainLoop(SimpleMessageListenerContainer.java:1422) ~[spring-rabbit-3.1.3.jar:3.1.3]
	at org.springframework.amqp.rabbit.listener.SimpleMessageListenerContainer$AsyncMessageProcessingConsumer.run(SimpleMessageListenerContainer.java:1324) ~[spring-rabbit-3.1.3.jar:3.1.3]
	at java.base/java.lang.Thread.run(Thread.java:840) ~[na:na]
Caused by: java.io.FileNotFoundException: /tmp/non-existent-file-b331ba1e-6f1e-4202-909e-3db07cc67ea7.csv (No such file or directory)
	at java.base/java.io.FileInputStream.open0(Native Method) ~[na:na]
	at java.base/java.io.FileInputStream.open(FileInputStream.java:216) ~[na:na]
	at java.base/java.io.FileInputStream.<init>(FileInputStream.java:157) ~[na:na]
	at java.base/java.io.FileInputStream.<init>(FileInputStream.java:111) ~[na:na]
	at java.base/java.io.FileReader.<init>(FileReader.java:60) ~[na:na]
	at com.ticketbox.backend.worker.csv.CsvImportService.processCsv(CsvImportService.java:59) ~[classes/:na]
	... 39 common frames omitted

2026-06-04T22:33:49.378+07:00  INFO 23775 --- [ticketbox-backend] [ntContainer#0-1] c.t.b.worker.csv.CsvImportConsumer       : Received CSV Import message for Job: 2daff74c-69cf-41de-8a51-73a5f5b328e9, Concert: 6
2026-06-04T22:33:49.378+07:00  INFO 23775 --- [ticketbox-backend] [ntContainer#0-1] c.t.backend.worker.csv.CsvImportService  : Starting CSV import job: 2daff74c-69cf-41de-8a51-73a5f5b328e9
Hibernate: 
    select
        c1_0.id,
        c1_0.description,
        c1_0.end_time,
        c1_0.location,
        c1_0.name,
        c1_0.start_time 
    from
        concerts c1_0 
    where
        c1_0.id=?
2026-06-04T22:33:49.389+07:00 ERROR 23775 --- [ticketbox-backend] [ntContainer#0-1] c.t.backend.worker.csv.CsvImportService  : Job 2daff74c-69cf-41de-8a51-73a5f5b328e9: System error during CSV processing: /tmp/non-existent-file-b331ba1e-6f1e-4202-909e-3db07cc67ea7.csv (No such file or directory)

java.io.FileNotFoundException: /tmp/non-existent-file-b331ba1e-6f1e-4202-909e-3db07cc67ea7.csv (No such file or directory)
	at java.base/java.io.FileInputStream.open0(Native Method) ~[na:na]
	at java.base/java.io.FileInputStream.open(FileInputStream.java:216) ~[na:na]
	at java.base/java.io.FileInputStream.<init>(FileInputStream.java:157) ~[na:na]
	at java.base/java.io.FileInputStream.<init>(FileInputStream.java:111) ~[na:na]
	at java.base/java.io.FileReader.<init>(FileReader.java:60) ~[na:na]
	at com.ticketbox.backend.worker.csv.CsvImportService.processCsv(CsvImportService.java:59) ~[classes/:na]
	at com.ticketbox.backend.worker.csv.CsvImportConsumer.consumeCsvImport(CsvImportConsumer.java:23) ~[classes/:na]
	at java.base/jdk.internal.reflect.NativeMethodAccessorImpl.invoke0(Native Method) ~[na:na]
	at java.base/jdk.internal.reflect.NativeMethodAccessorImpl.invoke(NativeMethodAccessorImpl.java:77) ~[na:na]
	at java.base/jdk.internal.reflect.DelegatingMethodAccessorImpl.invoke(DelegatingMethodAccessorImpl.java:43) ~[na:na]
	at java.base/java.lang.reflect.Method.invoke(Method.java:569) ~[na:na]
	at org.springframework.messaging.handler.invocation.InvocableHandlerMethod.doInvoke(InvocableHandlerMethod.java:169) ~[spring-messaging-6.1.5.jar:6.1.5]
	at org.springframework.amqp.rabbit.listener.adapter.KotlinAwareInvocableHandlerMethod.doInvoke(KotlinAwareInvocableHandlerMethod.java:45) ~[spring-rabbit-3.1.3.jar:3.1.3]
	at org.springframework.messaging.handler.invocation.InvocableHandlerMethod.invoke(InvocableHandlerMethod.java:119) ~[spring-messaging-6.1.5.jar:6.1.5]
	at org.springframework.amqp.rabbit.listener.adapter.HandlerAdapter.invoke(HandlerAdapter.java:75) ~[spring-rabbit-3.1.3.jar:3.1.3]
	at org.springframework.amqp.rabbit.listener.adapter.MessagingMessageListenerAdapter.invokeHandler(MessagingMessageListenerAdapter.java:278) ~[spring-rabbit-3.1.3.jar:3.1.3]
	at org.springframework.amqp.rabbit.listener.adapter.MessagingMessageListenerAdapter.invokeHandlerAndProcessResult(MessagingMessageListenerAdapter.java:225) ~[spring-rabbit-3.1.3.jar:3.1.3]
	at org.springframework.amqp.rabbit.listener.adapter.MessagingMessageListenerAdapter.onMessage(MessagingMessageListenerAdapter.java:149) ~[spring-rabbit-3.1.3.jar:3.1.3]
	at org.springframework.amqp.rabbit.listener.AbstractMessageListenerContainer.doInvokeListener(AbstractMessageListenerContainer.java:1682) ~[spring-rabbit-3.1.3.jar:3.1.3]
	at org.springframework.amqp.rabbit.listener.AbstractMessageListenerContainer.actualInvokeListener(AbstractMessageListenerContainer.java:1604) ~[spring-rabbit-3.1.3.jar:3.1.3]
	at java.base/jdk.internal.reflect.NativeMethodAccessorImpl.invoke0(Native Method) ~[na:na]
	at java.base/jdk.internal.reflect.NativeMethodAccessorImpl.invoke(NativeMethodAccessorImpl.java:77) ~[na:na]
	at java.base/jdk.internal.reflect.DelegatingMethodAccessorImpl.invoke(DelegatingMethodAccessorImpl.java:43) ~[na:na]
	at java.base/java.lang.reflect.Method.invoke(Method.java:569) ~[na:na]
	at org.springframework.aop.support.AopUtils.invokeJoinpointUsingReflection(AopUtils.java:351) ~[spring-aop-6.1.5.jar:6.1.5]
	at org.springframework.aop.framework.ReflectiveMethodInvocation.invokeJoinpoint(ReflectiveMethodInvocation.java:196) ~[spring-aop-6.1.5.jar:6.1.5]
	at org.springframework.aop.framework.ReflectiveMethodInvocation.proceed(ReflectiveMethodInvocation.java:163) ~[spring-aop-6.1.5.jar:6.1.5]
	at org.springframework.retry.interceptor.RetryOperationsInterceptor$1.doWithRetry(RetryOperationsInterceptor.java:102) ~[spring-retry-2.0.5.jar:na]
	at org.springframework.retry.support.RetryTemplate.doExecute(RetryTemplate.java:335) ~[spring-retry-2.0.5.jar:na]
	at org.springframework.retry.support.RetryTemplate.execute(RetryTemplate.java:227) ~[spring-retry-2.0.5.jar:na]
	at org.springframework.retry.interceptor.RetryOperationsInterceptor.invoke(RetryOperationsInterceptor.java:124) ~[spring-retry-2.0.5.jar:na]
	at org.springframework.aop.framework.ReflectiveMethodInvocation.proceed(ReflectiveMethodInvocation.java:184) ~[spring-aop-6.1.5.jar:6.1.5]
	at org.springframework.aop.framework.JdkDynamicAopProxy.invoke(JdkDynamicAopProxy.java:220) ~[spring-aop-6.1.5.jar:6.1.5]
	at org.springframework.amqp.rabbit.listener.$Proxy210.invokeListener(Unknown Source) ~[na:3.1.3]
	at org.springframework.amqp.rabbit.listener.AbstractMessageListenerContainer.invokeListener(AbstractMessageListenerContainer.java:1592) ~[spring-rabbit-3.1.3.jar:3.1.3]
	at org.springframework.amqp.rabbit.listener.AbstractMessageListenerContainer.doExecuteListener(AbstractMessageListenerContainer.java:1583) ~[spring-rabbit-3.1.3.jar:3.1.3]
	at org.springframework.amqp.rabbit.listener.AbstractMessageListenerContainer.executeListenerAndHandleException(AbstractMessageListenerContainer.java:1528) ~[spring-rabbit-3.1.3.jar:3.1.3]
	at org.springframework.amqp.rabbit.listener.AbstractMessageListenerContainer.lambda$executeListener$8(AbstractMessageListenerContainer.java:1506) ~[spring-rabbit-3.1.3.jar:3.1.3]
	at io.micrometer.observation.Observation.observe(Observation.java:499) ~[micrometer-observation-1.12.4.jar:1.12.4]
	at org.springframework.amqp.rabbit.listener.AbstractMessageListenerContainer.executeListener(AbstractMessageListenerContainer.java:1506) ~[spring-rabbit-3.1.3.jar:3.1.3]
	at org.springframework.amqp.rabbit.listener.SimpleMessageListenerContainer.doReceiveAndExecute(SimpleMessageListenerContainer.java:1084) ~[spring-rabbit-3.1.3.jar:3.1.3]
	at org.springframework.amqp.rabbit.listener.SimpleMessageListenerContainer.receiveAndExecute(SimpleMessageListenerContainer.java:1020) ~[spring-rabbit-3.1.3.jar:3.1.3]
	at org.springframework.amqp.rabbit.listener.SimpleMessageListenerContainer$AsyncMessageProcessingConsumer.mainLoop(SimpleMessageListenerContainer.java:1422) ~[spring-rabbit-3.1.3.jar:3.1.3]
	at org.springframework.amqp.rabbit.listener.SimpleMessageListenerContainer$AsyncMessageProcessingConsumer.run(SimpleMessageListenerContainer.java:1324) ~[spring-rabbit-3.1.3.jar:3.1.3]
	at java.base/java.lang.Thread.run(Thread.java:840) ~[na:na]

2026-06-04T22:33:49.394+07:00 ERROR 23775 --- [ticketbox-backend] [ntContainer#0-1] c.t.b.worker.csv.CsvImportConsumer       : Unhandled exception in CSV Import Worker for Job: 2daff74c-69cf-41de-8a51-73a5f5b328e9

java.lang.RuntimeException: Failed to process CSV
	at com.ticketbox.backend.worker.csv.CsvImportService.processCsv(CsvImportService.java:110) ~[classes/:na]
	at com.ticketbox.backend.worker.csv.CsvImportConsumer.consumeCsvImport(CsvImportConsumer.java:23) ~[classes/:na]
	at java.base/jdk.internal.reflect.NativeMethodAccessorImpl.invoke0(Native Method) ~[na:na]
	at java.base/jdk.internal.reflect.NativeMethodAccessorImpl.invoke(NativeMethodAccessorImpl.java:77) ~[na:na]
	at java.base/jdk.internal.reflect.DelegatingMethodAccessorImpl.invoke(DelegatingMethodAccessorImpl.java:43) ~[na:na]
	at java.base/java.lang.reflect.Method.invoke(Method.java:569) ~[na:na]
	at org.springframework.messaging.handler.invocation.InvocableHandlerMethod.doInvoke(InvocableHandlerMethod.java:169) ~[spring-messaging-6.1.5.jar:6.1.5]
	at org.springframework.amqp.rabbit.listener.adapter.KotlinAwareInvocableHandlerMethod.doInvoke(KotlinAwareInvocableHandlerMethod.java:45) ~[spring-rabbit-3.1.3.jar:3.1.3]
	at org.springframework.messaging.handler.invocation.InvocableHandlerMethod.invoke(InvocableHandlerMethod.java:119) ~[spring-messaging-6.1.5.jar:6.1.5]
	at org.springframework.amqp.rabbit.listener.adapter.HandlerAdapter.invoke(HandlerAdapter.java:75) ~[spring-rabbit-3.1.3.jar:3.1.3]
	at org.springframework.amqp.rabbit.listener.adapter.MessagingMessageListenerAdapter.invokeHandler(MessagingMessageListenerAdapter.java:278) ~[spring-rabbit-3.1.3.jar:3.1.3]
	at org.springframework.amqp.rabbit.listener.adapter.MessagingMessageListenerAdapter.invokeHandlerAndProcessResult(MessagingMessageListenerAdapter.java:225) ~[spring-rabbit-3.1.3.jar:3.1.3]
	at org.springframework.amqp.rabbit.listener.adapter.MessagingMessageListenerAdapter.onMessage(MessagingMessageListenerAdapter.java:149) ~[spring-rabbit-3.1.3.jar:3.1.3]
	at org.springframework.amqp.rabbit.listener.AbstractMessageListenerContainer.doInvokeListener(AbstractMessageListenerContainer.java:1682) ~[spring-rabbit-3.1.3.jar:3.1.3]
	at org.springframework.amqp.rabbit.listener.AbstractMessageListenerContainer.actualInvokeListener(AbstractMessageListenerContainer.java:1604) ~[spring-rabbit-3.1.3.jar:3.1.3]
	at java.base/jdk.internal.reflect.NativeMethodAccessorImpl.invoke0(Native Method) ~[na:na]
	at java.base/jdk.internal.reflect.NativeMethodAccessorImpl.invoke(NativeMethodAccessorImpl.java:77) ~[na:na]
	at java.base/jdk.internal.reflect.DelegatingMethodAccessorImpl.invoke(DelegatingMethodAccessorImpl.java:43) ~[na:na]
	at java.base/java.lang.reflect.Method.invoke(Method.java:569) ~[na:na]
	at org.springframework.aop.support.AopUtils.invokeJoinpointUsingReflection(AopUtils.java:351) ~[spring-aop-6.1.5.jar:6.1.5]
	at org.springframework.aop.framework.ReflectiveMethodInvocation.invokeJoinpoint(ReflectiveMethodInvocation.java:196) ~[spring-aop-6.1.5.jar:6.1.5]
	at org.springframework.aop.framework.ReflectiveMethodInvocation.proceed(ReflectiveMethodInvocation.java:163) ~[spring-aop-6.1.5.jar:6.1.5]
	at org.springframework.retry.interceptor.RetryOperationsInterceptor$1.doWithRetry(RetryOperationsInterceptor.java:102) ~[spring-retry-2.0.5.jar:na]
	at org.springframework.retry.support.RetryTemplate.doExecute(RetryTemplate.java:335) ~[spring-retry-2.0.5.jar:na]
	at org.springframework.retry.support.RetryTemplate.execute(RetryTemplate.java:227) ~[spring-retry-2.0.5.jar:na]
	at org.springframework.retry.interceptor.RetryOperationsInterceptor.invoke(RetryOperationsInterceptor.java:124) ~[spring-retry-2.0.5.jar:na]
	at org.springframework.aop.framework.ReflectiveMethodInvocation.proceed(ReflectiveMethodInvocation.java:184) ~[spring-aop-6.1.5.jar:6.1.5]
	at org.springframework.aop.framework.JdkDynamicAopProxy.invoke(JdkDynamicAopProxy.java:220) ~[spring-aop-6.1.5.jar:6.1.5]
	at org.springframework.amqp.rabbit.listener.$Proxy210.invokeListener(Unknown Source) ~[na:3.1.3]
	at org.springframework.amqp.rabbit.listener.AbstractMessageListenerContainer.invokeListener(AbstractMessageListenerContainer.java:1592) ~[spring-rabbit-3.1.3.jar:3.1.3]
	at org.springframework.amqp.rabbit.listener.AbstractMessageListenerContainer.doExecuteListener(AbstractMessageListenerContainer.java:1583) ~[spring-rabbit-3.1.3.jar:3.1.3]
	at org.springframework.amqp.rabbit.listener.AbstractMessageListenerContainer.executeListenerAndHandleException(AbstractMessageListenerContainer.java:1528) ~[spring-rabbit-3.1.3.jar:3.1.3]
	at org.springframework.amqp.rabbit.listener.AbstractMessageListenerContainer.lambda$executeListener$8(AbstractMessageListenerContainer.java:1506) ~[spring-rabbit-3.1.3.jar:3.1.3]
	at io.micrometer.observation.Observation.observe(Observation.java:499) ~[micrometer-observation-1.12.4.jar:1.12.4]
	at org.springframework.amqp.rabbit.listener.AbstractMessageListenerContainer.executeListener(AbstractMessageListenerContainer.java:1506) ~[spring-rabbit-3.1.3.jar:3.1.3]
	at org.springframework.amqp.rabbit.listener.SimpleMessageListenerContainer.doReceiveAndExecute(SimpleMessageListenerContainer.java:1084) ~[spring-rabbit-3.1.3.jar:3.1.3]
	at org.springframework.amqp.rabbit.listener.SimpleMessageListenerContainer.receiveAndExecute(SimpleMessageListenerContainer.java:1020) ~[spring-rabbit-3.1.3.jar:3.1.3]
	at org.springframework.amqp.rabbit.listener.SimpleMessageListenerContainer$AsyncMessageProcessingConsumer.mainLoop(SimpleMessageListenerContainer.java:1422) ~[spring-rabbit-3.1.3.jar:3.1.3]
	at org.springframework.amqp.rabbit.listener.SimpleMessageListenerContainer$AsyncMessageProcessingConsumer.run(SimpleMessageListenerContainer.java:1324) ~[spring-rabbit-3.1.3.jar:3.1.3]
	at java.base/java.lang.Thread.run(Thread.java:840) ~[na:na]
Caused by: java.io.FileNotFoundException: /tmp/non-existent-file-b331ba1e-6f1e-4202-909e-3db07cc67ea7.csv (No such file or directory)
	at java.base/java.io.FileInputStream.open0(Native Method) ~[na:na]
	at java.base/java.io.FileInputStream.open(FileInputStream.java:216) ~[na:na]
	at java.base/java.io.FileInputStream.<init>(FileInputStream.java:157) ~[na:na]
	at java.base/java.io.FileInputStream.<init>(FileInputStream.java:111) ~[na:na]
	at java.base/java.io.FileReader.<init>(FileReader.java:60) ~[na:na]
	at com.ticketbox.backend.worker.csv.CsvImportService.processCsv(CsvImportService.java:59) ~[classes/:na]
	... 39 common frames omitted

2026-06-04T22:33:49.397+07:00  WARN 23775 --- [ticketbox-backend] [ntContainer#0-1] o.s.a.r.retry.RepublishMessageRecoverer  : Republishing failed message to exchange 'ticketbox.dlx' with routing key csv.import
Hibernate: 
    select
        count(*) 
    from
        guests g1_0
]]></system-out>
  </testcase>
</testsuite>