<?xml version="1.0" encoding="UTF-8"?>
<testsuite xmlns:xsi="http://www.w3.org/2001/XMLSchema-instance" xsi:noNamespaceSchemaLocation="https://maven.apache.org/surefire/maven-surefire-plugin/xsd/surefire-test-report-3.0.xsd" version="3.0" name="com.ticketbox.backend.worker.csv.CsvWorkerExtendedValidationTest" time="28.544" tests="2" errors="0" skipped="0" failures="0">
  <properties>
[...]
</properties>
  <testcase name="testLargeFileProcessing" classname="com.ticketbox.backend.worker.csv.CsvWorkerExtendedValidationTest" time="15.1">
    <system-out><![CDATA[2026-06-04T23:51:10.455+07:00  INFO 50845 --- [ticketbox-backend] [           main] t.c.s.AnnotationConfigContextLoaderUtils : Could not detect default configuration classes for test class [com.ticketbox.backend.worker.csv.CsvWorkerExtendedValidationTest]: CsvWorkerExtendedValidationTest does not declare any static, non-private, non-final, nested classes annotated with @Configuration.
2026-06-04T23:51:10.463+07:00  INFO 50845 --- [ticketbox-backend] [           main] .b.t.c.SpringBootTestContextBootstrapper : Found @SpringBootConfiguration com.ticketbox.backend.Application for test class com.ticketbox.backend.worker.csv.CsvWorkerExtendedValidationTest
Hibernate: 
    select
        g1_0.id,
        g1_0.concert_id,
        g1_0.created_at,
        g1_0.email,
        g1_0.full_name 
    from
        guests g1_0
Hibernate: 
    delete 
    from
        guests 
    where
        id=?
Hibernate: 
    delete 
    from
        guests 
    where
        id=?
Hibernate: 
    select
        tc1_0.id,
        tc1_0.available_quantity,
        tc1_0.concert_id,
        tc1_0.name,
        tc1_0.price,
        tc1_0.total_quantity,
        tc1_0.version 
    from
        ticket_categories tc1_0
Hibernate: 
    select
        c1_0.id,
        c1_0.artist_biography,
        c1_0.description,
        c1_0.end_time,
        c1_0.location,
        c1_0.name,
        c1_0.start_time 
    from
        concerts c1_0
Hibernate: 
    delete 
    from
        concerts 
    where
        id=?
Hibernate: 
    insert 
    into
        concerts
        (artist_biography, description, end_time, location, name, start_time) 
    values
        (?, ?, ?, ?, ?, ?)
2026-06-04T23:51:10.562+07:00  INFO 50845 --- [ticketbox-backend] [ntContainer#1-1] c.t.b.worker.csv.CsvImportConsumer       : Received CSV Import message for Job: 076aece3-80de-41bf-ba29-c0c2399bc6b0, Concert: 53
2026-06-04T23:51:10.563+07:00  INFO 50845 --- [ticketbox-backend] [ntContainer#1-1] c.t.backend.worker.csv.CsvImportService  : Starting CSV import job: 076aece3-80de-41bf-ba29-c0c2399bc6b0
Hibernate: 
    select
        c1_0.id,
        c1_0.artist_biography,
        c1_0.description,
        c1_0.end_time,
        c1_0.location,
        c1_0.name,
        c1_0.start_time 
    from
        concerts c1_0 
    where
        c1_0.id=?
Hibernate: 
    select
        g1_0.id 
    from
        guests g1_0 
    left join
        concerts c1_0 
            on c1_0.id=g1_0.concert_id 
    where
        c1_0.id=? 
        and g1_0.email=? 
    fetch
        first ? rows only
Hibernate: 
    select
        g1_0.id 
    from
        guests g1_0 
    left join
        concerts c1_0 
            on c1_0.id=g1_0.concert_id 
    where
        c1_0.id=? 
        and g1_0.email=? 
    fetch
        first ? rows only
Hibernate: 
    select
        g1_0.id 
    from
        guests g1_0 
    left join
        concerts c1_0 
            on c1_0.id=g1_0.concert_id 
    where
        c1_0.id=? 
        and g1_0.email=? 
    fetch
        first ? rows only
Hibernate: 
    select
        g1_0.id 
    from
        guests g1_0 
    left join
        concerts c1_0 
            on c1_0.id=g1_0.concert_id 
    where
        c1_0.id=? 
        and g1_0.email=? 
    fetch
        first ? rows only
Hibernate: 
    select
        g1_0.id 
    from
        guests g1_0 
    left join
        concerts c1_0 
            on c1_0.id=g1_0.concert_id 
    where
        c1_0.id=? 
        and g1_0.email=? 
    fetch
        first ? rows only
Hibernate: 
    select
        g1_0.id 
    from
        guests g1_0 
    left join
        concerts c1_0 
            on c1_0.id=g1_0.concert_id 
    where
        c1_0.id=? 
        and g1_0.email=? 
    fetch
        first ? rows only
Hibernate: 
    select
        g1_0.id 
    from
        guests g1_0 
    left join
        concerts c1_0 
            on c1_0.id=g1_0.concert_id 
    where
        c1_0.id=? 
        and g1_0.email=? 
    fetch
        first ? rows only
Hibernate: 
    select
        g1_0.id 
    from
        guests g1_0 
    left join
        concerts c1_0 
            on c1_0.id=g1_0.concert_id 
    where
        c1_0.id=? 
        and g1_0.email=? 
    fetch
        first ? rows only
Hibernate: 
    select
        g1_0.id 
    from
        guests g1_0 
    left join
        concerts c1_0 
            on c1_0.id=g1_0.concert_id 
    where
        c1_0.id=? 
        and g1_0.email=? 
    fetch
        first ? rows only
Hibernate: 
    select
        g1_0.id 
    from
        guests g1_0 
    left join
        concerts c1_0 
            on c1_0.id=g1_0.concert_id 
    where
        c1_0.id=? 
        and g1_0.email=? 
    fetch
        first ? rows only
Hibernate: 
    select
        g1_0.id 
    from
        guests g1_0 
    left join
        concerts c1_0 
            on c1_0.id=g1_0.concert_id 
    where
        c1_0.id=? 
        and g1_0.email=? 
    fetch
        first ? rows only
Hibernate: 
    select
        g1_0.id 
    from
        guests g1_0 
    left join
        concerts c1_0 
            on c1_0.id=g1_0.concert_id 
    where
        c1_0.id=? 
        and g1_0.email=? 
    fetch
        first ? rows only
Hibernate: 
    select
        g1_0.id 
    from
        guests g1_0 
    left join
        concerts c1_0 
            on c1_0.id=g1_0.concert_id 
    where
        c1_0.id=? 
        and g1_0.email=? 
    fetch
        first ? rows only
Hibernate: 
    select
        g1_0.id 
    from
        guests g1_0 
    left join
        concerts c1_0 
            on c1_0.id=g1_0.concert_id 
    where
        c1_0.id=? 
        and g1_0.email=? 
    fetch
        first ? rows only
Hibernate: 
    select
        g1_0.id 
    from
        guests g1_0 
    left join
        concerts c1_0 
            on c1_0.id=g1_0.concert_id 
    where
        c1_0.id=? 
        and g1_0.email=? 
    fetch
        first ? rows only
Hibernate: 
    select
        g1_0.id 
    from
        guests g1_0 
    left join
        concerts c1_0 
            on c1_0.id=g1_0.concert_id 
    where
        c1_0.id=? 
        and g1_0.email=? 
    fetch
        first ? rows only
Hibernate: 
    select
        g1_0.id 
    from
        guests g1_0 
    left join
        concerts c1_0 
            on c1_0.id=g1_0.concert_id 
    where
        c1_0.id=? 
        and g1_0.email=? 
    fetch
        first ? rows only
Hibernate: 
    select
        g1_0.id 
    from
        guests g1_0 
    left join
        concerts c1_0 
            on c1_0.id=g1_0.concert_id 
    where
        c1_0.id=? 
        and g1_0.email=? 
    fetch
        first ? rows only
Hibernate: 
    select
        g1_0.id 
    from
        guests g1_0 
    left join
        concerts c1_0 
            on c1_0.id=g1_0.concert_id 
    where
        c1_0.id=? 
        and g1_0.email=? 
    fetch
        first ? rows only
Hibernate: 
    select
        g1_0.id 
    from
        guests g1_0 
    left join
        concerts c1_0 
            on c1_0.id=g1_0.concert_id 
    where
        c1_0.id=? 
        and g1_0.email=? 
    fetch
        first ? rows only
Hibernate: 
    select
        g1_0.id 
    from
        guests g1_0 
    left join
        concerts c1_0 
            on c1_0.id=g1_0.concert_id 
    where
        c1_0.id=? 
        and g1_0.email=? 
    fetch
        first ? rows only
Hibernate: 
    select
        g1_0.id 
    from
        guests g1_0 
    left join
        concerts c1_0 
            on c1_0.id=g1_0.concert_id 
    where
        c1_0.id=? 
        and g1_0.email=? 
    fetch
        first ? rows only
Hibernate: 
    select
        g1_0.id 
    from
        guests g1_0 
    left join
        concerts c1_0 
            on c1_0.id=g1_0.concert_id 
    where
        c1_0.id=? 
        and g1_0.email=? 
    fetch
        first ? rows only
Hibernate: 
    select
        g1_0.id 
    from
        guests g1_0 
    left join
        concerts c1_0 
            on c1_0.id=g1_0.concert_id 
    where
        c1_0.id=? 
        and g1_0.email=? 
    fetch
        first ? rows only
Hibernate: 
    select
        g1_0.id 
    from
        guests g1_0 
    left join
        concerts c1_0 
            on c1_0.id=g1_0.concert_id 
    where
        c1_0.id=? 
        and g1_0.email=? 
    fetch
        first ? rows only
Hibernate: 
    select
        g1_0.id 
    from
        guests g1_0 
    left join
        concerts c1_0 
            on c1_0.id=g1_0.concert_id 
    where
        c1_0.id=? 
        and g1_0.email=? 
    fetch
        first ? rows only
Hibernate: 
    select
        g1_0.id 
    from
        guests g1_0 
    left join
        concerts c1_0 
            on c1_0.id=g1_0.concert_id 
    where
        c1_0.id=? 
        and g1_0.email=? 
    fetch
        first ? rows only
Hibernate: 
    select
        g1_0.id 
    from
        guests g1_0 
    left join
        concerts c1_0 
            on c1_0.id=g1_0.concert_id 
    where
        c1_0.id=? 
        and g1_0.email=? 
    fetch
        first ? rows only
Hibernate: 
    select
        g1_0.id 
    from
        guests g1_0 
    left join
        concerts c1_0 
            on c1_0.id=g1_0.concert_id 
    where
        c1_0.id=? 
        and g1_0.email=? 
    fetch
        first ? rows only
Hibernate: 
    select
        g1_0.id 
    from
        guests g1_0 
    left join
        concerts c1_0 
            on c1_0.id=g1_0.concert_id 
    where
        c1_0.id=? 
        and g1_0.email=? 
    fetch
        first ? rows only
Hibernate: 
    select
        g1_0.id 
    from
        guests g1_0 
    left join
        concerts c1_0 
            on c1_0.id=g1_0.concert_id 
    where
        c1_0.id=? 
        and g1_0.email=? 
    fetch
        first ? rows only
Hibernate: 
    select
        g1_0.id 
    from
        guests g1_0 
    left join
        concerts c1_0 
            on c1_0.id=g1_0.concert_id 
    where
        c1_0.id=? 
        and g1_0.email=? 
    fetch
        first ? rows only
Hibernate: 
    select
        g1_0.id 
    from
        guests g1_0 
    left join
        concerts c1_0 
            on c1_0.id=g1_0.concert_id 
    where
        c1_0.id=? 
        and g1_0.email=? 
    fetch
        first ? rows only
Hibernate: 
    select
        g1_0.id 
    from
        guests g1_0 
    left join
        concerts c1_0 
            on c1_0.id=g1_0.concert_id 
    where
        c1_0.id=? 
        and g1_0.email=? 
    fetch
        first ? rows only
Hibernate: 
    select
        g1_0.id 
    from
        guests g1_0 
    left join
        concerts c1_0 
            on c1_0.id=g1_0.concert_id 
    where
        c1_0.id=? 
        and g1_0.email=? 
    fetch
        first ? rows only
Hibernate: 
    select
        g1_0.id 
    from
        guests g1_0 
    left join
        concerts c1_0 
            on c1_0.id=g1_0.concert_id 
    where
        c1_0.id=? 
        and g1_0.email=? 
    fetch
        first ? rows only
Hibernate: 
    select
        g1_0.id 
    from
        guests g1_0 
    left join
        concerts c1_0 
            on c1_0.id=g1_0.concert_id 
    where
        c1_0.id=? 
        and g1_0.email=? 
    fetch
        first ? rows only
Hibernate: 
    select
        g1_0.id 
    from
        guests g1_0 
    left join
        concerts c1_0 
            on c1_0.id=g1_0.concert_id 
    where
        c1_0.id=? 
        and g1_0.email=? 
    fetch
        first ? rows only
Hibernate: 
    select
        g1_0.id 
    from
        guests g1_0 
    left join
        concerts c1_0 
            on c1_0.id=g1_0.concert_id 
    where
        c1_0.id=? 
        and g1_0.email=? 
    fetch
        first ? rows only
Hibernate: 
    select
        g1_0.id 
    from
        guests g1_0 
    left join
        concerts c1_0 
            on c1_0.id=g1_0.concert_id 
    where
        c1_0.id=? 
        and g1_0.email=? 
    fetch
        first ? rows only
Hibernate: 
    select
        g1_0.id 
    from
        guests g1_0 
    left join
        concerts c1_0 
            on c1_0.id=g1_0.concert_id 
    where
        c1_0.id=? 
        and g1_0.email=? 
    fetch
        first ? rows only
Hibernate: 
    select
        g1_0.id 
    from
        guests g1_0 
    left join
        concerts c1_0 
            on c1_0.id=g1_0.concert_id 
    where
        c1_0.id=? 
        and g1_0.email=? 
    fetch
        first ? rows only
Hibernate: 
    select
        g1_0.id 
    from
        guests g1_0 
    left join
        concerts c1_0 
            on c1_0.id=g1_0.concert_id 
    where
        c1_0.id=? 
        and g1_0.email=? 
    fetch
        first ? rows only
Hibernate: 
    select
        g1_0.id 
    from
        guests g1_0 
    left join
        concerts c1_0 
            on c1_0.id=g1_0.concert_id 
    where
        c1_0.id=? 
        and g1_0.email=? 
    fetch
        first ? rows only
Hibernate: 
    select
        g1_0.id 
    from
        guests g1_0 
    left join
        concerts c1_0 
            on c1_0.id=g1_0.concert_id 
    where
        c1_0.id=? 
        and g1_0.email=? 
    fetch
        first ? rows only
Hibernate: 
    select
        g1_0.id 
    from
        guests g1_0 
    left join
        concerts c1_0 
            on c1_0.id=g1_0.concert_id 
    where
        c1_0.id=? 
        and g1_0.email=? 
    fetch
        first ? rows only
Hibernate: 
    select
        g1_0.id 
    from
        guests g1_0 
    left join
        concerts c1_0 
            on c1_0.id=g1_0.concert_id 
    where
        c1_0.id=? 
        and g1_0.email=? 
    fetch
        first ? rows only
Hibernate: 
    select
        g1_0.id 
    from
        guests g1_0 
    left join
        concerts c1_0 
            on c1_0.id=g1_0.concert_id 
    where
        c1_0.id=? 
        and g1_0.email=? 
    fetch
        first ? rows only
Hibernate: 
    select
        g1_0.id 
    from
        guests g1_0 
    left join
        concerts c1_0 
            on c1_0.id=g1_0.concert_id 
    where
        c1_0.id=? 
        and g1_0.email=? 
    fetch
        first ? rows only
Hibernate: 
    select
        g1_0.id 
    from
        guests g1_0 
    left join
        concerts c1_0 
            on c1_0.id=g1_0.concert_id 
    where
        c1_0.id=? 
        and g1_0.email=? 
    fetch
        first ? rows only
Hibernate: 
    insert 
    into
        guests
        (concert_id, created_at, email, full_name) 
    values
        (?, ?, ?, ?)
Hibernate: 
    insert 
    into
        guests
        (concert_id, created_at, email, full_name) 
    values
        (?, ?, ?, ?)
Hibernate: 
    insert 
    into
        guests
        (concert_id, created_at, email, full_name) 
    values
        (?, ?, ?, ?)
Hibernate: 
    insert 
    into
        guests
        (concert_id, created_at, email, full_name) 
    values
        (?, ?, ?, ?)
Hibernate: 
    insert 
    into
        guests
        (concert_id, created_at, email, full_name) 
    values
        (?, ?, ?, ?)
Hibernate: 
    insert 
    into
        guests
        (concert_id, created_at, email, full_name) 
    values
        (?, ?, ?, ?)
Hibernate: 
    insert 
    into
        guests
        (concert_id, created_at, email, full_name) 
    values
        (?, ?, ?, ?)
Hibernate: 
    insert 
    into
        guests
        (concert_id, created_at, email, full_name) 
    values
        (?, ?, ?, ?)
Hibernate: 
    insert 
    into
        guests
        (concert_id, created_at, email, full_name) 
    values
        (?, ?, ?, ?)
Hibernate: 
    insert 
    into
        guests
        (concert_id, created_at, email, full_name) 
    values
        (?, ?, ?, ?)
Hibernate: 
    insert 
    into
        guests
        (concert_id, created_at, email, full_name) 
    values
        (?, ?, ?, ?)
Hibernate: 
    insert 
    into
        guests
        (concert_id, created_at, email, full_name) 
    values
        (?, ?, ?, ?)
Hibernate: 
    insert 
    into
        guests
        (concert_id, created_at, email, full_name) 
    values
        (?, ?, ?, ?)
Hibernate: 
    insert 
    into
        guests
        (concert_id, created_at, email, full_name) 
    values
        (?, ?, ?, ?)
Hibernate: 
    insert 
    into
        guests
        (concert_id, created_at, email, full_name) 
    values
        (?, ?, ?, ?)
Hibernate: 
    insert 
    into
        guests
        (concert_id, created_at, email, full_name) 
    values
        (?, ?, ?, ?)
Hibernate: 
    insert 
    into
        guests
        (concert_id, created_at, email, full_name) 
    values
        (?, ?, ?, ?)
Hibernate: 
    insert 
    into
        guests
        (concert_id, created_at, email, full_name) 
    values
        (?, ?, ?, ?)
Hibernate: 
    insert 
    into
        guests
        (concert_id, created_at, email, full_name) 
    values
        (?, ?, ?, ?)
Hibernate: 
    insert 
    into
        guests
        (concert_id, created_at, email, full_name) 
    values
        (?, ?, ?, ?)
Hibernate: 
    insert 
    into
        guests
        (concert_id, created_at, email, full_name) 
    values
        (?, ?, ?, ?)
Hibernate: 
    insert 
    into
        guests
        (concert_id, created_at, email, full_name) 
    values
        (?, ?, ?, ?)
Hibernate: 
    insert 
    into
        guests
        (concert_id, created_at, email, full_name) 
    values
        (?, ?, ?, ?)
Hibernate: 
    insert 
    into
        guests
        (concert_id, created_at, email, full_name) 
    values
        (?, ?, ?, ?)
Hibernate: 
    insert 
    into
        guests
        (concert_id, created_at, email, full_name) 
    values
        (?, ?, ?, ?)
Hibernate: 
    insert 
    into
        guests
        (concert_id, created_at, email, full_name) 
    values
        (?, ?, ?, ?)
Hibernate: 
    insert 
    into
        guests
        (concert_id, created_at, email, full_name) 
    values
        (?, ?, ?, ?)
Hibernate: 
    insert 
    into
        guests
        (concert_id, created_at, email, full_name) 
    values
        (?, ?, ?, ?)
Hibernate: 
    insert 
    into
        guests
        (concert_id, created_at, email, full_name) 
    values
        (?, ?, ?, ?)
Hibernate: 
    insert 
    into
        guests
        (concert_id, created_at, email, full_name) 
    values
        (?, ?, ?, ?)
Hibernate: 
    insert 
    into
        guests
        (concert_id, created_at, email, full_name) 
    values
        (?, ?, ?, ?)
Hibernate: 
    insert 
    into
        guests
        (concert_id, created_at, email, full_name) 
    values
        (?, ?, ?, ?)
Hibernate: 
    insert 
    into
        guests
        (concert_id, created_at, email, full_name) 
    values
        (?, ?, ?, ?)
Hibernate: 
    insert 
    into
        guests
        (concert_id, created_at, email, full_name) 
    values
        (?, ?, ?, ?)
Hibernate: 
    insert 
    into
        guests
        (concert_id, created_at, email, full_name) 
    values
        (?, ?, ?, ?)
Hibernate: 
    insert 
    into
        guests
        (concert_id, created_at, email, full_name) 
    values
        (?, ?, ?, ?)
Hibernate: 
    insert 
    into
        guests
        (concert_id, created_at, email, full_name) 
    values
        (?, ?, ?, ?)
Hibernate: 
    insert 
    into
        guests
        (concert_id, created_at, email, full_name) 
    values
        (?, ?, ?, ?)
Hibernate: 
    insert 
    into
        guests
        (concert_id, created_at, email, full_name) 
    values
        (?, ?, ?, ?)
Hibernate: 
    insert 
    into
        guests
        (concert_id, created_at, email, full_name) 
    values
        (?, ?, ?, ?)
Hibernate: 
    insert 
    into
        guests
        (concert_id, created_at, email, full_name) 
    values
        (?, ?, ?, ?)
Hibernate: 
    insert 
    into
        guests
        (concert_id, created_at, email, full_name) 
    values
        (?, ?, ?, ?)
Hibernate: 
    insert 
    into
        guests
        (concert_id, created_at, email, full_name) 
    values
        (?, ?, ?, ?)
Hibernate: 
    insert 
    into
        guests
        (concert_id, created_at, email, full_name) 
    values
        (?, ?, ?, ?)
Hibernate: 
    insert 
    into
        guests
        (concert_id, created_at, email, full_name) 
    values
        (?, ?, ?, ?)
Hibernate: 
    insert 
    into
        guests
        (concert_id, created_at, email, full_name) 
    values
        (?, ?, ?, ?)
Hibernate: 
    insert 
    into
        guests
        (concert_id, created_at, email, full_name) 
    values
        (?, ?, ?, ?)
Hibernate: 
    insert 
    into
        guests
        (concert_id, created_at, email, full_name) 
    values
        (?, ?, ?, ?)
Hibernate: 
    insert 
    into
        guests
        (concert_id, created_at, email, full_name) 
    values
        (?, ?, ?, ?)
Hibernate: 
    insert 
    into
        guests
        (concert_id, created_at, email, full_name) 
    values
        (?, ?, ?, ?)
Hibernate: 
    select
        g1_0.id 
    from
        guests g1_0 
    left join
        concerts c1_0 
            on c1_0.id=g1_0.concert_id 
    where
        c1_0.id=? 
        and g1_0.email=? 
    fetch
        first ? rows only
Hibernate: 
    select
        g1_0.id 
    from
        guests g1_0 
    left join
        concerts c1_0 
            on c1_0.id=g1_0.concert_id 
    where
        c1_0.id=? 
        and g1_0.email=? 
    fetch
        first ? rows only
Hibernate: 
    select
        g1_0.id 
    from
        guests g1_0 
    left join
        concerts c1_0 
            on c1_0.id=g1_0.concert_id 
    where
        c1_0.id=? 
        and g1_0.email=? 
    fetch
        first ? rows only
Hibernate: 
    select
        g1_0.id 
    from
        guests g1_0 
    left join
        concerts c1_0 
            on c1_0.id=g1_0.concert_id 
    where
        c1_0.id=? 
        and g1_0.email=? 
    fetch
        first ? rows only
Hibernate: 
    select
        g1_0.id 
    from
        guests g1_0 
    left join
        concerts c1_0 
            on c1_0.id=g1_0.concert_id 
    where
        c1_0.id=? 
        and g1_0.email=? 
    fetch
        first ? rows only
Hibernate: 
    select
        g1_0.id 
    from
        guests g1_0 
    left join
        concerts c1_0 
            on c1_0.id=g1_0.concert_id 
    where
        c1_0.id=? 
        and g1_0.email=? 
    fetch
        first ? rows only
Hibernate: 
    select
        g1_0.id 
    from
        guests g1_0 
    left join
        concerts c1_0 
            on c1_0.id=g1_0.concert_id 
    where
        c1_0.id=? 
        and g1_0.email=? 
    fetch
        first ? rows only
Hibernate: 
    select
        g1_0.id 
    from
        guests g1_0 
    left join
        concerts c1_0 
            on c1_0.id=g1_0.concert_id 
    where
        c1_0.id=? 
        and g1_0.email=? 
    fetch
        first ? rows only
Hibernate: 
    select
        g1_0.id 
    from
        guests g1_0 
    left join
        concerts c1_0 
            on c1_0.id=g1_0.concert_id 
    where
        c1_0.id=? 
        and g1_0.email=? 
    fetch
        first ? rows only
Hibernate: 
    select
        g1_0.id 
    from
        guests g1_0 
    left join
        concerts c1_0 
            on c1_0.id=g1_0.concert_id 
    where
        c1_0.id=? 
        and g1_0.email=? 
    fetch
        first ? rows only
Hibernate: 
    select
        g1_0.id 
    from
        guests g1_0 
    left join
        concerts c1_0 
            on c1_0.id=g1_0.concert_id 
    where
        c1_0.id=? 
        and g1_0.email=? 
    fetch
        first ? rows only
Hibernate: 
    select
        g1_0.id 
    from
        guests g1_0 
    left join
        concerts c1_0 
            on c1_0.id=g1_0.concert_id 
    where
        c1_0.id=? 
        and g1_0.email=? 
    fetch
        first ? rows only
Hibernate: 
    select
        g1_0.id 
    from
        guests g1_0 
    left join
        concerts c1_0 
            on c1_0.id=g1_0.concert_id 
    where
        c1_0.id=? 
        and g1_0.email=? 
    fetch
        first ? rows only
Hibernate: 
    select
        g1_0.id 
    from
        guests g1_0 
    left join
        concerts c1_0 
            on c1_0.id=g1_0.concert_id 
    where
        c1_0.id=? 
        and g1_0.email=? 
    fetch
        first ? rows only
Hibernate: 
    select
        g1_0.id 
    from
        guests g1_0 
    left join
        concerts c1_0 
            on c1_0.id=g1_0.concert_id 
    where
        c1_0.id=? 
        and g1_0.email=? 
    fetch
        first ? rows only
Hibernate: 
    select
        g1_0.id 
    from
        guests g1_0 
    left join
        concerts c1_0 
            on c1_0.id=g1_0.concert_id 
    where
        c1_0.id=? 
        and g1_0.email=? 
    fetch
        first ? rows only
Hibernate: 
    select
        g1_0.id 
    from
        guests g1_0 
    left join
        concerts c1_0 
            on c1_0.id=g1_0.concert_id 
    where
        c1_0.id=? 
        and g1_0.email=? 
    fetch
        first ? rows only
Hibernate: 
    select
        g1_0.id 
    from
        guests g1_0 
    left join
        concerts c1_0 
            on c1_0.id=g1_0.concert_id 
    where
        c1_0.id=? 
        and g1_0.email=? 
    fetch
        first ? rows only
Hibernate: 
    select
        g1_0.id 
    from
        guests g1_0 
    left join
        concerts c1_0 
            on c1_0.id=g1_0.concert_id 
    where
        c1_0.id=? 
        and g1_0.email=? 
    fetch
        first ? rows only
Hibernate: 
    select
        g1_0.id 
    from
        guests g1_0 
    left join
        concerts c1_0 
            on c1_0.id=g1_0.concert_id 
    where
        c1_0.id=? 
        and g1_0.email=? 
    fetch
        first ? rows only
Hibernate: 
    select
        g1_0.id 
    from
        guests g1_0 
    left join
        concerts c1_0 
            on c1_0.id=g1_0.concert_id 
    where
        c1_0.id=? 
        and g1_0.email=? 
    fetch
        first ? rows only
Hibernate: 
    select
        g1_0.id 
    from
        guests g1_0 
    left join
        concerts c1_0 
            on c1_0.id=g1_0.concert_id 
    where
        c1_0.id=? 
        and g1_0.email=? 
    fetch
        first ? rows only
Hibernate: 
    select
        g1_0.id 
    from
        guests g1_0 
    left join
        concerts c1_0 
            on c1_0.id=g1_0.concert_id 
    where
        c1_0.id=? 
        and g1_0.email=? 
    fetch
        first ? rows only
Hibernate: 
    select
        g1_0.id 
    from
        guests g1_0 
    left join
        concerts c1_0 
            on c1_0.id=g1_0.concert_id 
    where
        c1_0.id=? 
        and g1_0.email=? 
    fetch
        first ? rows only
Hibernate: 
    select
        g1_0.id 
    from
        guests g1_0 
    left join
        concerts c1_0 
            on c1_0.id=g1_0.concert_id 
    where
        c1_0.id=? 
        and g1_0.email=? 
    fetch
        first ? rows only
Hibernate: 
    select
        g1_0.id 
    from
        guests g1_0 
    left join
        concerts c1_0 
            on c1_0.id=g1_0.concert_id 
    where
        c1_0.id=? 
        and g1_0.email=? 
    fetch
        first ? rows only
Hibernate: 
    select
        g1_0.id 
    from
        guests g1_0 
    left join
        concerts c1_0 
            on c1_0.id=g1_0.concert_id 
    where
        c1_0.id=? 
        and g1_0.email=? 
    fetch
        first ? rows only
Hibernate: 
    select
        g1_0.id 
    from
        guests g1_0 
    left join
        concerts c1_0 
            on c1_0.id=g1_0.concert_id 
    where
        c1_0.id=? 
        and g1_0.email=? 
    fetch
        first ? rows only
Hibernate: 
    select
        g1_0.id 
    from
        guests g1_0 
    left join
        concerts c1_0 
            on c1_0.id=g1_0.concert_id 
    where
        c1_0.id=? 
        and g1_0.email=? 
    fetch
        first ? rows only
Hibernate: 
    select
        g1_0.id 
    from
        guests g1_0 
    left join
        concerts c1_0 
            on c1_0.id=g1_0.concert_id 
    where
        c1_0.id=? 
        and g1_0.email=? 
    fetch
        first ? rows only
Hibernate: 
    select
        g1_0.id 
    from
        guests g1_0 
    left join
        concerts c1_0 
            on c1_0.id=g1_0.concert_id 
    where
        c1_0.id=? 
        and g1_0.email=? 
    fetch
        first ? rows only
Hibernate: 
    select
        g1_0.id 
    from
        guests g1_0 
    left join
        concerts c1_0 
            on c1_0.id=g1_0.concert_id 
    where
        c1_0.id=? 
        and g1_0.email=? 
    fetch
        first ? rows only
Hibernate: 
    select
        g1_0.id 
    from
        guests g1_0 
    left join
        concerts c1_0 
            on c1_0.id=g1_0.concert_id 
    where
        c1_0.id=? 
        and g1_0.email=? 
    fetch
        first ? rows only
Hibernate: 
    select
        g1_0.id 
    from
        guests g1_0 
    left join
        concerts c1_0 
            on c1_0.id=g1_0.concert_id 
    where
        c1_0.id=? 
        and g1_0.email=? 
    fetch
        first ? rows only
Hibernate: 
    select
        g1_0.id 
    from
        guests g1_0 
    left join
        concerts c1_0 
            on c1_0.id=g1_0.concert_id 
    where
        c1_0.id=? 
        and g1_0.email=? 
    fetch
        first ? rows only
Hibernate: 
    select
        g1_0.id 
    from
        guests g1_0 
    left join
        concerts c1_0 
            on c1_0.id=g1_0.concert_id 
    where
        c1_0.id=? 
        and g1_0.email=? 
    fetch
        first ? rows only
Hibernate: 
    select
        g1_0.id 
    from
        guests g1_0 
    left join
        concerts c1_0 
            on c1_0.id=g1_0.concert_id 
    where
        c1_0.id=? 
        and g1_0.email=? 
    fetch
        first ? rows only
Hibernate: 
    select
        g1_0.id 
    from
        guests g1_0 
    left join
        concerts c1_0 
            on c1_0.id=g1_0.concert_id 
    where
        c1_0.id=? 
        and g1_0.email=? 
    fetch
        first ? rows only
Hibernate: 
    select
        g1_0.id 
    from
        guests g1_0 
    left join
        concerts c1_0 
            on c1_0.id=g1_0.concert_id 
    where
        c1_0.id=? 
        and g1_0.email=? 
    fetch
        first ? rows only
Hibernate: 
    select
        g1_0.id 
    from
        guests g1_0 
    left join
        concerts c1_0 
            on c1_0.id=g1_0.concert_id 
    where
        c1_0.id=? 
        and g1_0.email=? 
    fetch
        first ? rows only
Hibernate: 
    select
        g1_0.id 
    from
        guests g1_0 
    left join
        concerts c1_0 
            on c1_0.id=g1_0.concert_id 
    where
        c1_0.id=? 
        and g1_0.email=? 
    fetch
        first ? rows only
Hibernate: 
    select
        g1_0.id 
    from
        guests g1_0 
    left join
        concerts c1_0 
            on c1_0.id=g1_0.concert_id 
    where
        c1_0.id=? 
        and g1_0.email=? 
    fetch
        first ? rows only
Hibernate: 
    select
        g1_0.id 
    from
        guests g1_0 
    left join
        concerts c1_0 
            on c1_0.id=g1_0.concert_id 
    where
        c1_0.id=? 
        and g1_0.email=? 
    fetch
        first ? rows only
Hibernate: 
    select
        g1_0.id 
    from
        guests g1_0 
    left join
        concerts c1_0 
            on c1_0.id=g1_0.concert_id 
    where
        c1_0.id=? 
        and g1_0.email=? 
    fetch
        first ? rows only
Hibernate: 
    select
        g1_0.id 
    from
        guests g1_0 
    left join
        concerts c1_0 
            on c1_0.id=g1_0.concert_id 
    where
        c1_0.id=? 
        and g1_0.email=? 
    fetch
        first ? rows only
Hibernate: 
    select
        g1_0.id 
    from
        guests g1_0 
    left join
        concerts c1_0 
            on c1_0.id=g1_0.concert_id 
    where
        c1_0.id=? 
        and g1_0.email=? 
    fetch
        first ? rows only
Hibernate: 
    select
        g1_0.id 
    from
        guests g1_0 
    left join
        concerts c1_0 
            on c1_0.id=g1_0.concert_id 
    where
        c1_0.id=? 
        and g1_0.email=? 
    fetch
        first ? rows only
Hibernate: 
    select
        g1_0.id 
    from
        guests g1_0 
    left join
        concerts c1_0 
            on c1_0.id=g1_0.concert_id 
    where
        c1_0.id=? 
        and g1_0.email=? 
    fetch
        first ? rows only
Hibernate: 
    select
        g1_0.id 
    from
        guests g1_0 
    left join
        concerts c1_0 
            on c1_0.id=g1_0.concert_id 
    where
        c1_0.id=? 
        and g1_0.email=? 
    fetch
        first ? rows only
Hibernate: 
    select
        g1_0.id 
    from
        guests g1_0 
    left join
        concerts c1_0 
            on c1_0.id=g1_0.concert_id 
    where
        c1_0.id=? 
        and g1_0.email=? 
    fetch
        first ? rows only
Hibernate: 
    insert 
    into
        guests
        (concert_id, created_at, email, full_name) 
    values
        (?, ?, ?, ?)
Hibernate: 
    insert 
    into
        guests
        (concert_id, created_at, email, full_name) 
    values
        (?, ?, ?, ?)
Hibernate: 
    insert 
    into
        guests
        (concert_id, created_at, email, full_name) 
    values
        (?, ?, ?, ?)
Hibernate: 
    insert 
    into
        guests
        (concert_id, created_at, email, full_name) 
    values
        (?, ?, ?, ?)
Hibernate: 
    insert 
    into
        guests
        (concert_id, created_at, email, full_name) 
    values
        (?, ?, ?, ?)
Hibernate: 
    insert 
    into
        guests
        (concert_id, created_at, email, full_name) 
    values
        (?, ?, ?, ?)
Hibernate: 
    insert 
    into
        guests
        (concert_id, created_at, email, full_name) 
    values
        (?, ?, ?, ?)
Hibernate: 
    insert 
    into
        guests
        (concert_id, created_at, email, full_name) 
    values
        (?, ?, ?, ?)
Hibernate: 
    insert 
    into
        guests
        (concert_id, created_at, email, full_name) 
    values
        (?, ?, ?, ?)
Hibernate: 
    insert 
    into
        guests
        (concert_id, created_at, email, full_name) 
    values
        (?, ?, ?, ?)
Hibernate: 
    insert 
    into
        guests
        (concert_id, created_at, email, full_name) 
    values
        (?, ?, ?, ?)
Hibernate: 
    insert 
    into
        guests
        (concert_id, created_at, email, full_name) 
    values
        (?, ?, ?, ?)
Hibernate: 
    insert 
    into
        guests
        (concert_id, created_at, email, full_name) 
    values
        (?, ?, ?, ?)
Hibernate: 
    insert 
    into
        guests
        (concert_id, created_at, email, full_name) 
    values
        (?, ?, ?, ?)
Hibernate: 
    insert 
    into
        guests
        (concert_id, created_at, email, full_name) 
    values
        (?, ?, ?, ?)
Hibernate: 
    insert 
    into
        guests
        (concert_id, created_at, email, full_name) 
    values
        (?, ?, ?, ?)
Hibernate: 
    insert 
    into
        guests
        (concert_id, created_at, email, full_name) 
    values
        (?, ?, ?, ?)
Hibernate: 
    insert 
    into
        guests
        (concert_id, created_at, email, full_name) 
    values
        (?, ?, ?, ?)
Hibernate: 
    insert 
    into
        guests
        (concert_id, created_at, email, full_name) 
    values
        (?, ?, ?, ?)
Hibernate: 
    insert 
    into
        guests
        (concert_id, created_at, email, full_name) 
    values
        (?, ?, ?, ?)
Hibernate: 
    insert 
    into
        guests
        (concert_id, created_at, email, full_name) 
    values
        (?, ?, ?, ?)
Hibernate: 
    insert 
    into
        guests
        (concert_id, created_at, email, full_name) 
    values
        (?, ?, ?, ?)
Hibernate: 
    insert 
    into
        guests
        (concert_id, created_at, email, full_name) 
    values
        (?, ?, ?, ?)
Hibernate: 
    insert 
    into
        guests
        (concert_id, created_at, email, full_name) 
    values
        (?, ?, ?, ?)
Hibernate: 
    insert 
    into
        guests
        (concert_id, created_at, email, full_name) 
    values
        (?, ?, ?, ?)
Hibernate: 
    insert 
    into
        guests
        (concert_id, created_at, email, full_name) 
    values
        (?, ?, ?, ?)
Hibernate: 
    insert 
    into
        guests
        (concert_id, created_at, email, full_name) 
    values
        (?, ?, ?, ?)
Hibernate: 
    insert 
    into
        guests
        (concert_id, created_at, email, full_name) 
    values
        (?, ?, ?, ?)
Hibernate: 
    insert 
    into
        guests
        (concert_id, created_at, email, full_name) 
    values
        (?, ?, ?, ?)
Hibernate: 
    insert 
    into
        guests
        (concert_id, created_at, email, full_name) 
    values
        (?, ?, ?, ?)
Hibernate: 
    insert 
    into
        guests
        (concert_id, created_at, email, full_name) 
    values
        (?, ?, ?, ?)
Hibernate: 
    insert 
    into
        guests
        (concert_id, created_at, email, full_name) 
    values
        (?, ?, ?, ?)
Hibernate: 
    insert 
    into
        guests
        (concert_id, created_at, email, full_name) 
    values
        (?, ?, ?, ?)
Hibernate: 
    insert 
    into
        guests
        (concert_id, created_at, email, full_name) 
    values
        (?, ?, ?, ?)
Hibernate: 
    insert 
    into
        guests
        (concert_id, created_at, email, full_name) 
    values
        (?, ?, ?, ?)
Hibernate: 
    insert 
    into
        guests
        (concert_id, created_at, email, full_name) 
    values
        (?, ?, ?, ?)
Hibernate: 
    insert 
    into
        guests
        (concert_id, created_at, email, full_name) 
    values
        (?, ?, ?, ?)
Hibernate: 
    insert 
    into
        guests
        (concert_id, created_at, email, full_name) 
    values
        (?, ?, ?, ?)
Hibernate: 
    insert 
    into
        guests
        (concert_id, created_at, email, full_name) 
    values
        (?, ?, ?, ?)
Hibernate: 
    insert 
    into
        guests
        (concert_id, created_at, email, full_name) 
    values
        (?, ?, ?, ?)
Hibernate: 
    insert 
    into
        guests
        (concert_id, created_at, email, full_name) 
    values
        (?, ?, ?, ?)
Hibernate: 
    insert 
    into
        guests
        (concert_id, created_at, email, full_name) 
    values
        (?, ?, ?, ?)
Hibernate: 
    insert 
    into
        guests
        (concert_id, created_at, email, full_name) 
    values
        (?, ?, ?, ?)
Hibernate: 
    insert 
    into
        guests
        (concert_id, created_at, email, full_name) 
    values
        (?, ?, ?, ?)
Hibernate: 
    insert 
    into
        guests
        (concert_id, created_at, email, full_name) 
    values
        (?, ?, ?, ?)
Hibernate: 
    insert 
    into
        guests
        (concert_id, created_at, email, full_name) 
    values
        (?, ?, ?, ?)
Hibernate: 
    insert 
    into
        guests
        (concert_id, created_at, email, full_name) 
    values
        (?, ?, ?, ?)
Hibernate: 
    insert 
    into
        guests
        (concert_id, created_at, email, full_name) 
    values
        (?, ?, ?, ?)
Hibernate: 
    insert 
    into
        guests
        (concert_id, created_at, email, full_name) 
    values
        (?, ?, ?, ?)
Hibernate: 
    insert 
    into
        guests
        (concert_id, created_at, email, full_name) 
    values
        (?, ?, ?, ?)
Hibernate: 
    select
        g1_0.id 
    from
        guests g1_0 
    left join
        concerts c1_0 
            on c1_0.id=g1_0.concert_id 
    where
        c1_0.id=? 
        and g1_0.email=? 
    fetch
        first ? rows only
Hibernate: 
    select
        g1_0.id 
    from
        guests g1_0 
    left join
        concerts c1_0 
            on c1_0.id=g1_0.concert_id 
    where
        c1_0.id=? 
        and g1_0.email=? 
    fetch
        first ? rows only
Hibernate: 
    select
        g1_0.id 
    from
        guests g1_0 
    left join
        concerts c1_0 
            on c1_0.id=g1_0.concert_id 
    where
        c1_0.id=? 
        and g1_0.email=? 
    fetch
        first ? rows only
Hibernate: 
    select
        g1_0.id 
    from
        guests g1_0 
    left join
        concerts c1_0 
            on c1_0.id=g1_0.concert_id 
    where
        c1_0.id=? 
        and g1_0.email=? 
    fetch
        first ? rows only
Hibernate: 
    select
        g1_0.id 
    from
        guests g1_0 
    left join
        concerts c1_0 
            on c1_0.id=g1_0.concert_id 
    where
        c1_0.id=? 
        and g1_0.email=? 
    fetch
        first ? rows only
Hibernate: 
    select
        g1_0.id 
    from
        guests g1_0 
    left join
        concerts c1_0 
            on c1_0.id=g1_0.concert_id 
    where
        c1_0.id=? 
        and g1_0.email=? 
    fetch
        first ? rows only
Hibernate: 
    select
        g1_0.id 
    from
        guests g1_0 
    left join
        concerts c1_0 
            on c1_0.id=g1_0.concert_id 
    where
        c1_0.id=? 
        and g1_0.email=? 
    fetch
        first ? rows only
Hibernate: 
    select
        g1_0.id 
    from
        guests g1_0 
    left join
        concerts c1_0 
            on c1_0.id=g1_0.concert_id 
    where
        c1_0.id=? 
        and g1_0.email=? 
    fetch
        first ? rows only
Hibernate: 
    select
        g1_0.id 
    from
        guests g1_0 
    left join
        concerts c1_0 
            on c1_0.id=g1_0.concert_id 
    where
        c1_0.id=? 
        and g1_0.email=? 
    fetch
        first ? rows only
Hibernate: 
    select
        g1_0.id 
    from
        guests g1_0 
    left join
        concerts c1_0 
            on c1_0.id=g1_0.concert_id 
    where
        c1_0.id=? 
        and g1_0.email=? 
    fetch
        first ? rows only
Hibernate: 
    select
        g1_0.id 
    from
        guests g1_0 
    left join
        concerts c1_0 
            on c1_0.id=g1_0.concert_id 
    where
        c1_0.id=? 
        and g1_0.email=? 
    fetch
        first ? rows only
Hibernate: 
    select
        g1_0.id 
    from
        guests g1_0 
    left join
        concerts c1_0 
            on c1_0.id=g1_0.concert_id 
    where
        c1_0.id=? 
        and g1_0.email=? 
    fetch
        first ? rows only
Hibernate: 
    select
        g1_0.id 
    from
        guests g1_0 
    left join
        concerts c1_0 
            on c1_0.id=g1_0.concert_id 
    where
        c1_0.id=? 
        and g1_0.email=? 
    fetch
        first ? rows only
Hibernate: 
    select
        g1_0.id 
    from
        guests g1_0 
    left join
        concerts c1_0 
            on c1_0.id=g1_0.concert_id 
    where
        c1_0.id=? 
        and g1_0.email=? 
    fetch
        first ? rows only
Hibernate: 
    select
        g1_0.id 
    from
        guests g1_0 
    left join
        concerts c1_0 
            on c1_0.id=g1_0.concert_id 
    where
        c1_0.id=? 
        and g1_0.email=? 
    fetch
        first ? rows only
Hibernate: 
    select
        g1_0.id 
    from
        guests g1_0 
    left join
        concerts c1_0 
            on c1_0.id=g1_0.concert_id 
    where
        c1_0.id=? 
        and g1_0.email=? 
    fetch
        first ? rows only
Hibernate: 
    select
        g1_0.id 
    from
        guests g1_0 
    left join
        concerts c1_0 
            on c1_0.id=g1_0.concert_id 
    where
        c1_0.id=? 
        and g1_0.email=? 
    fetch
        first ? rows only
Hibernate: 
    select
        g1_0.id 
    from
        guests g1_0 
    left join
        concerts c1_0 
            on c1_0.id=g1_0.concert_id 
    where
        c1_0.id=? 
        and g1_0.email=? 
    fetch
        first ? rows only
Hibernate: 
    select
        g1_0.id 
    from
        guests g1_0 
    left join
        concerts c1_0 
            on c1_0.id=g1_0.concert_id 
    where
        c1_0.id=? 
        and g1_0.email=? 
    fetch
        first ? rows only
Hibernate: 
    select
        g1_0.id 
    from
        guests g1_0 
    left join
        concerts c1_0 
            on c1_0.id=g1_0.concert_id 
    where
        c1_0.id=? 
        and g1_0.email=? 
    fetch
        first ? rows only
Hibernate: 
    select
        g1_0.id 
    from
        guests g1_0 
    left join
        concerts c1_0 
            on c1_0.id=g1_0.concert_id 
    where
        c1_0.id=? 
        and g1_0.email=? 
    fetch
        first ? rows only
Hibernate: 
    select
        g1_0.id 
    from
        guests g1_0 
    left join
        concerts c1_0 
            on c1_0.id=g1_0.concert_id 
    where
        c1_0.id=? 
        and g1_0.email=? 
    fetch
        first ? rows only
Hibernate: 
    select
        g1_0.id 
    from
        guests g1_0 
    left join
        concerts c1_0 
            on c1_0.id=g1_0.concert_id 
    where
        c1_0.id=? 
        and g1_0.email=? 
    fetch
        first ? rows only
Hibernate: 
    select
        g1_0.id 
    from
        guests g1_0 
    left join
        concerts c1_0 
            on c1_0.id=g1_0.concert_id 
    where
        c1_0.id=? 
        and g1_0.email=? 
    fetch
        first ? rows only
Hibernate: 
    select
        g1_0.id 
    from
        guests g1_0 
    left join
        concerts c1_0 
            on c1_0.id=g1_0.concert_id 
    where
        c1_0.id=? 
        and g1_0.email=? 
    fetch
        first ? rows only
Hibernate: 
    select
        g1_0.id 
    from
        guests g1_0 
    left join
        concerts c1_0 
            on c1_0.id=g1_0.concert_id 
    where
        c1_0.id=? 
        and g1_0.email=? 
    fetch
        first ? rows only
Hibernate: 
    select
        g1_0.id 
    from
        guests g1_0 
    left join
        concerts c1_0 
            on c1_0.id=g1_0.concert_id 
    where
        c1_0.id=? 
        and g1_0.email=? 
    fetch
        first ? rows only
Hibernate: 
    select
        g1_0.id 
    from
        guests g1_0 
    left join
        concerts c1_0 
            on c1_0.id=g1_0.concert_id 
    where
        c1_0.id=? 
        and g1_0.email=? 
    fetch
        first ? rows only
Hibernate: 
    select
        g1_0.id 
    from
        guests g1_0 
    left join
        concerts c1_0 
            on c1_0.id=g1_0.concert_id 
    where
        c1_0.id=? 
        and g1_0.email=? 
    fetch
        first ? rows only
Hibernate: 
    select
        g1_0.id 
    from
        guests g1_0 
    left join
        concerts c1_0 
            on c1_0.id=g1_0.concert_id 
    where
        c1_0.id=? 
        and g1_0.email=? 
    fetch
        first ? rows only
Hibernate: 
    select
        g1_0.id 
    from
        guests g1_0 
    left join
        concerts c1_0 
            on c1_0.id=g1_0.concert_id 
    where
        c1_0.id=? 
        and g1_0.email=? 
    fetch
        first ? rows only
Hibernate: 
    select
        g1_0.id 
    from
        guests g1_0 
    left join
        concerts c1_0 
            on c1_0.id=g1_0.concert_id 
    where
        c1_0.id=? 
        and g1_0.email=? 
    fetch
        first ? rows only
Hibernate: 
    select
        g1_0.id 
    from
        guests g1_0 
    left join
        concerts c1_0 
            on c1_0.id=g1_0.concert_id 
    where
        c1_0.id=? 
        and g1_0.email=? 
    fetch
        first ? rows only
Hibernate: 
    select
        g1_0.id 
    from
        guests g1_0 
    left join
        concerts c1_0 
            on c1_0.id=g1_0.concert_id 
    where
        c1_0.id=? 
        and g1_0.email=? 
    fetch
        first ? rows only
Hibernate: 
    select
        g1_0.id 
    from
        guests g1_0 
    left join
        concerts c1_0 
            on c1_0.id=g1_0.concert_id 
    where
        c1_0.id=? 
        and g1_0.email=? 
    fetch
        first ? rows only
Hibernate: 
    select
        g1_0.id 
    from
        guests g1_0 
    left join
        concerts c1_0 
            on c1_0.id=g1_0.concert_id 
    where
        c1_0.id=? 
        and g1_0.email=? 
    fetch
        first ? rows only
Hibernate: 
    select
        g1_0.id 
    from
        guests g1_0 
    left join
        concerts c1_0 
            on c1_0.id=g1_0.concert_id 
    where
        c1_0.id=? 
        and g1_0.email=? 
    fetch
        first ? rows only
Hibernate: 
    select
        g1_0.id 
    from
        guests g1_0 
    left join
        concerts c1_0 
            on c1_0.id=g1_0.concert_id 
    where
        c1_0.id=? 
        and g1_0.email=? 
    fetch
        first ? rows only
Hibernate: 
    select
        g1_0.id 
    from
        guests g1_0 
    left join
        concerts c1_0 
            on c1_0.id=g1_0.concert_id 
    where
        c1_0.id=? 
        and g1_0.email=? 
    fetch
        first ? rows only
Hibernate: 
    select
        g1_0.id 
    from
        guests g1_0 
    left join
        concerts c1_0 
            on c1_0.id=g1_0.concert_id 
    where
        c1_0.id=? 
        and g1_0.email=? 
    fetch
        first ? rows only
Hibernate: 
    select
        g1_0.id 
    from
        guests g1_0 
    left join
        concerts c1_0 
            on c1_0.id=g1_0.concert_id 
    where
        c1_0.id=? 
        and g1_0.email=? 
    fetch
        first ? rows only
Hibernate: 
    select
        g1_0.id 
    from
        guests g1_0 
    left join
        concerts c1_0 
            on c1_0.id=g1_0.concert_id 
    where
        c1_0.id=? 
        and g1_0.email=? 
    fetch
        first ? rows only
Hibernate: 
    select
        g1_0.id 
    from
        guests g1_0 
    left join
        concerts c1_0 
            on c1_0.id=g1_0.concert_id 
    where
        c1_0.id=? 
        and g1_0.email=? 
    fetch
        first ? rows only
Hibernate: 
    select
        g1_0.id 
    from
        guests g1_0 
    left join
        concerts c1_0 
            on c1_0.id=g1_0.concert_id 
    where
        c1_0.id=? 
        and g1_0.email=? 
    fetch
        first ? rows only
Hibernate: 
    select
        g1_0.id 
    from
        guests g1_0 
    left join
        concerts c1_0 
            on c1_0.id=g1_0.concert_id 
    where
        c1_0.id=? 
        and g1_0.email=? 
    fetch
        first ? rows only
Hibernate: 
    select
        g1_0.id 
    from
        guests g1_0 
    left join
        concerts c1_0 
            on c1_0.id=g1_0.concert_id 
    where
        c1_0.id=? 
        and g1_0.email=? 
    fetch
        first ? rows only
Hibernate: 
    select
        g1_0.id 
    from
        guests g1_0 
    left join
        concerts c1_0 
            on c1_0.id=g1_0.concert_id 
    where
        c1_0.id=? 
        and g1_0.email=? 
    fetch
        first ? rows only
Hibernate: 
    select
        g1_0.id 
    from
        guests g1_0 
    left join
        concerts c1_0 
            on c1_0.id=g1_0.concert_id 
    where
        c1_0.id=? 
        and g1_0.email=? 
    fetch
        first ? rows only
Hibernate: 
    select
        g1_0.id 
    from
        guests g1_0 
    left join
        concerts c1_0 
            on c1_0.id=g1_0.concert_id 
    where
        c1_0.id=? 
        and g1_0.email=? 
    fetch
        first ? rows only
Hibernate: 
    select
        g1_0.id 
    from
        guests g1_0 
    left join
        concerts c1_0 
            on c1_0.id=g1_0.concert_id 
    where
        c1_0.id=? 
        and g1_0.email=? 
    fetch
        first ? rows only
Hibernate: 
    insert 
    into
        guests
        (concert_id, created_at, email, full_name) 
    values
        (?, ?, ?, ?)
Hibernate: 
    insert 
    into
        guests
        (concert_id, created_at, email, full_name) 
    values
        (?, ?, ?, ?)
Hibernate: 
    insert 
    into
        guests
        (concert_id, created_at, email, full_name) 
    values
        (?, ?, ?, ?)
Hibernate: 
    insert 
    into
        guests
        (concert_id, created_at, email, full_name) 
    values
        (?, ?, ?, ?)
Hibernate: 
    insert 
    into
        guests
        (concert_id, created_at, email, full_name) 
    values
        (?, ?, ?, ?)
Hibernate: 
    insert 
    into
        guests
        (concert_id, created_at, email, full_name) 
    values
        (?, ?, ?, ?)
Hibernate: 
    insert 
    into
        guests
        (concert_id, created_at, email, full_name) 
    values
        (?, ?, ?, ?)
Hibernate: 
    insert 
    into
        guests
        (concert_id, created_at, email, full_name) 
    values
        (?, ?, ?, ?)
Hibernate: 
    insert 
    into
        guests
        (concert_id, created_at, email, full_name) 
    values
        (?, ?, ?, ?)
Hibernate: 
    insert 
    into
        guests
        (concert_id, created_at, email, full_name) 
    values
        (?, ?, ?, ?)
Hibernate: 
    insert 
    into
        guests
        (concert_id, created_at, email, full_name) 
    values
        (?, ?, ?, ?)
Hibernate: 
    insert 
    into
        guests
        (concert_id, created_at, email, full_name) 
    values
        (?, ?, ?, ?)
Hibernate: 
    insert 
    into
        guests
        (concert_id, created_at, email, full_name) 
    values
        (?, ?, ?, ?)
Hibernate: 
    insert 
    into
        guests
        (concert_id, created_at, email, full_name) 
    values
        (?, ?, ?, ?)
Hibernate: 
    insert 
    into
        guests
        (concert_id, created_at, email, full_name) 
    values
        (?, ?, ?, ?)
Hibernate: 
    insert 
    into
        guests
        (concert_id, created_at, email, full_name) 
    values
        (?, ?, ?, ?)
Hibernate: 
    insert 
    into
        guests
        (concert_id, created_at, email, full_name) 
    values
        (?, ?, ?, ?)
Hibernate: 
    insert 
    into
        guests
        (concert_id, created_at, email, full_name) 
    values
        (?, ?, ?, ?)
Hibernate: 
    insert 
    into
        guests
        (concert_id, created_at, email, full_name) 
    values
        (?, ?, ?, ?)
Hibernate: 
    insert 
    into
        guests
        (concert_id, created_at, email, full_name) 
    values
        (?, ?, ?, ?)
Hibernate: 
    insert 
    into
        guests
        (concert_id, created_at, email, full_name) 
    values
        (?, ?, ?, ?)
Hibernate: 
    insert 
    into
        guests
        (concert_id, created_at, email, full_name) 
    values
        (?, ?, ?, ?)
Hibernate: 
    insert 
    into
        guests
        (concert_id, created_at, email, full_name) 
    values
        (?, ?, ?, ?)
Hibernate: 
    insert 
    into
        guests
        (concert_id, created_at, email, full_name) 
    values
        (?, ?, ?, ?)
Hibernate: 
    insert 
    into
        guests
        (concert_id, created_at, email, full_name) 
    values
        (?, ?, ?, ?)
Hibernate: 
    insert 
    into
        guests
        (concert_id, created_at, email, full_name) 
    values
        (?, ?, ?, ?)
Hibernate: 
    insert 
    into
        guests
        (concert_id, created_at, email, full_name) 
    values
        (?, ?, ?, ?)
Hibernate: 
    insert 
    into
        guests
        (concert_id, created_at, email, full_name) 
    values
        (?, ?, ?, ?)
Hibernate: 
    insert 
    into
        guests
        (concert_id, created_at, email, full_name) 
    values
        (?, ?, ?, ?)
Hibernate: 
    insert 
    into
        guests
        (concert_id, created_at, email, full_name) 
    values
        (?, ?, ?, ?)
Hibernate: 
    insert 
    into
        guests
        (concert_id, created_at, email, full_name) 
    values
        (?, ?, ?, ?)
Hibernate: 
    insert 
    into
        guests
        (concert_id, created_at, email, full_name) 
    values
        (?, ?, ?, ?)
Hibernate: 
    insert 
    into
        guests
        (concert_id, created_at, email, full_name) 
    values
        (?, ?, ?, ?)
Hibernate: 
    insert 
    into
        guests
        (concert_id, created_at, email, full_name) 
    values
        (?, ?, ?, ?)
Hibernate: 
    insert 
    into
        guests
        (concert_id, created_at, email, full_name) 
    values
        (?, ?, ?, ?)
Hibernate: 
    insert 
    into
        guests
        (concert_id, created_at, email, full_name) 
    values
        (?, ?, ?, ?)
Hibernate: 
    insert 
    into
        guests
        (concert_id, created_at, email, full_name) 
    values
        (?, ?, ?, ?)
Hibernate: 
    insert 
    into
        guests
        (concert_id, created_at, email, full_name) 
    values
        (?, ?, ?, ?)
Hibernate: 
    insert 
    into
        guests
        (concert_id, created_at, email, full_name) 
    values
        (?, ?, ?, ?)
Hibernate: 
    insert 
    into
        guests
        (concert_id, created_at, email, full_name) 
    values
        (?, ?, ?, ?)
Hibernate: 
    insert 
    into
        guests
        (concert_id, created_at, email, full_name) 
    values
        (?, ?, ?, ?)
Hibernate: 
    insert 
    into
        guests
        (concert_id, created_at, email, full_name) 
    values
        (?, ?, ?, ?)
Hibernate: 
    insert 
    into
        guests
        (concert_id, created_at, email, full_name) 
    values
        (?, ?, ?, ?)
Hibernate: 
    insert 
    into
        guests
        (concert_id, created_at, email, full_name) 
    values
        (?, ?, ?, ?)
Hibernate: 
    insert 
    into
        guests
        (concert_id, created_at, email, full_name) 
    values
        (?, ?, ?, ?)
Hibernate: 
    insert 
    into
        guests
        (concert_id, created_at, email, full_name) 
    values
        (?, ?, ?, ?)
Hibernate: 
    insert 
    into
        guests
        (concert_id, created_at, email, full_name) 
    values
        (?, ?, ?, ?)
Hibernate: 
    insert 
    into
        guests
        (concert_id, created_at, email, full_name) 
    values
        (?, ?, ?, ?)
Hibernate: 
    insert 
    into
        guests
        (concert_id, created_at, email, full_name) 
    values
        (?, ?, ?, ?)
Hibernate: 
    insert 
    into
        guests
        (concert_id, created_at, email, full_name) 
    values
        (?, ?, ?, ?)
Hibernate: 
    select
        g1_0.id 
    from
        guests g1_0 
    left join
        concerts c1_0 
            on c1_0.id=g1_0.concert_id 
    where
        c1_0.id=? 
        and g1_0.email=? 
    fetch
        first ? rows only
Hibernate: 
    select
        g1_0.id 
    from
        guests g1_0 
    left join
        concerts c1_0 
            on c1_0.id=g1_0.concert_id 
    where
        c1_0.id=? 
        and g1_0.email=? 
    fetch
        first ? rows only
Hibernate: 
    select
        g1_0.id 
    from
        guests g1_0 
    left join
        concerts c1_0 
            on c1_0.id=g1_0.concert_id 
    where
        c1_0.id=? 
        and g1_0.email=? 
    fetch
        first ? rows only
Hibernate: 
    select
        g1_0.id 
    from
        guests g1_0 
    left join
        concerts c1_0 
            on c1_0.id=g1_0.concert_id 
    where
        c1_0.id=? 
        and g1_0.email=? 
    fetch
        first ? rows only
Hibernate: 
    select
        g1_0.id 
    from
        guests g1_0 
    left join
        concerts c1_0 
            on c1_0.id=g1_0.concert_id 
    where
        c1_0.id=? 
        and g1_0.email=? 
    fetch
        first ? rows only
Hibernate: 
    select
        g1_0.id 
    from
        guests g1_0 
    left join
        concerts c1_0 
            on c1_0.id=g1_0.concert_id 
    where
        c1_0.id=? 
        and g1_0.email=? 
    fetch
        first ? rows only
Hibernate: 
    select
        g1_0.id 
    from
        guests g1_0 
    left join
        concerts c1_0 
            on c1_0.id=g1_0.concert_id 
    where
        c1_0.id=? 
        and g1_0.email=? 
    fetch
        first ? rows only
Hibernate: 
    select
        g1_0.id 
    from
        guests g1_0 
    left join
        concerts c1_0 
            on c1_0.id=g1_0.concert_id 
    where
        c1_0.id=? 
        and g1_0.email=? 
    fetch
        first ? rows only
Hibernate: 
    select
        g1_0.id 
    from
        guests g1_0 
    left join
        concerts c1_0 
            on c1_0.id=g1_0.concert_id 
    where
        c1_0.id=? 
        and g1_0.email=? 
    fetch
        first ? rows only
Hibernate: 
    select
        g1_0.id 
    from
        guests g1_0 
    left join
        concerts c1_0 
            on c1_0.id=g1_0.concert_id 
    where
        c1_0.id=? 
        and g1_0.email=? 
    fetch
        first ? rows only
Hibernate: 
    select
        g1_0.id 
    from
        guests g1_0 
    left join
        concerts c1_0 
            on c1_0.id=g1_0.concert_id 
    where
        c1_0.id=? 
        and g1_0.email=? 
    fetch
        first ? rows only
Hibernate: 
    select
        g1_0.id 
    from
        guests g1_0 
    left join
        concerts c1_0 
            on c1_0.id=g1_0.concert_id 
    where
        c1_0.id=? 
        and g1_0.email=? 
    fetch
        first ? rows only
Hibernate: 
    select
        g1_0.id 
    from
        guests g1_0 
    left join
        concerts c1_0 
            on c1_0.id=g1_0.concert_id 
    where
        c1_0.id=? 
        and g1_0.email=? 
    fetch
        first ? rows only
Hibernate: 
    select
        g1_0.id 
    from
        guests g1_0 
    left join
        concerts c1_0 
            on c1_0.id=g1_0.concert_id 
    where
        c1_0.id=? 
        and g1_0.email=? 
    fetch
        first ? rows only
Hibernate: 
    select
        g1_0.id 
    from
        guests g1_0 
    left join
        concerts c1_0 
            on c1_0.id=g1_0.concert_id 
    where
        c1_0.id=? 
        and g1_0.email=? 
    fetch
        first ? rows only
Hibernate: 
    select
        g1_0.id 
    from
        guests g1_0 
    left join
        concerts c1_0 
            on c1_0.id=g1_0.concert_id 
    where
        c1_0.id=? 
        and g1_0.email=? 
    fetch
        first ? rows only
Hibernate: 
    select
        g1_0.id 
    from
        guests g1_0 
    left join
        concerts c1_0 
            on c1_0.id=g1_0.concert_id 
    where
        c1_0.id=? 
        and g1_0.email=? 
    fetch
        first ? rows only
Hibernate: 
    select
        g1_0.id 
    from
        guests g1_0 
    left join
        concerts c1_0 
            on c1_0.id=g1_0.concert_id 
    where
        c1_0.id=? 
        and g1_0.email=? 
    fetch
        first ? rows only
Hibernate: 
    select
        g1_0.id 
    from
        guests g1_0 
    left join
        concerts c1_0 
            on c1_0.id=g1_0.concert_id 
    where
        c1_0.id=? 
        and g1_0.email=? 
    fetch
        first ? rows only
Hibernate: 
    select
        g1_0.id 
    from
        guests g1_0 
    left join
        concerts c1_0 
            on c1_0.id=g1_0.concert_id 
    where
        c1_0.id=? 
        and g1_0.email=? 
    fetch
        first ? rows only
Hibernate: 
    select
        g1_0.id 
    from
        guests g1_0 
    left join
        concerts c1_0 
            on c1_0.id=g1_0.concert_id 
    where
        c1_0.id=? 
        and g1_0.email=? 
    fetch
        first ? rows only
Hibernate: 
    select
        g1_0.id 
    from
        guests g1_0 
    left join
        concerts c1_0 
            on c1_0.id=g1_0.concert_id 
    where
        c1_0.id=? 
        and g1_0.email=? 
    fetch
        first ? rows only
Hibernate: 
    select
        g1_0.id 
    from
        guests g1_0 
    left join
        concerts c1_0 
            on c1_0.id=g1_0.concert_id 
    where
        c1_0.id=? 
        and g1_0.email=? 
    fetch
        first ? rows only
Hibernate: 
    select
        g1_0.id 
    from
        guests g1_0 
    left join
        concerts c1_0 
            on c1_0.id=g1_0.concert_id 
    where
        c1_0.id=? 
        and g1_0.email=? 
    fetch
        first ? rows only
Hibernate: 
    select
        g1_0.id 
    from
        guests g1_0 
    left join
        concerts c1_0 
            on c1_0.id=g1_0.concert_id 
    where
        c1_0.id=? 
        and g1_0.email=? 
    fetch
        first ? rows only
Hibernate: 
    select
        g1_0.id 
    from
        guests g1_0 
    left join
        concerts c1_0 
            on c1_0.id=g1_0.concert_id 
    where
        c1_0.id=? 
        and g1_0.email=? 
    fetch
        first ? rows only
Hibernate: 
    select
        g1_0.id 
    from
        guests g1_0 
    left join
        concerts c1_0 
            on c1_0.id=g1_0.concert_id 
    where
        c1_0.id=? 
        and g1_0.email=? 
    fetch
        first ? rows only
Hibernate: 
    select
        g1_0.id 
    from
        guests g1_0 
    left join
        concerts c1_0 
            on c1_0.id=g1_0.concert_id 
    where
        c1_0.id=? 
        and g1_0.email=? 
    fetch
        first ? rows only
Hibernate: 
    select
        g1_0.id 
    from
        guests g1_0 
    left join
        concerts c1_0 
            on c1_0.id=g1_0.concert_id 
    where
        c1_0.id=? 
        and g1_0.email=? 
    fetch
        first ? rows only
Hibernate: 
    select
        g1_0.id 
    from
        guests g1_0 
    left join
        concerts c1_0 
            on c1_0.id=g1_0.concert_id 
    where
        c1_0.id=? 
        and g1_0.email=? 
    fetch
        first ? rows only
Hibernate: 
    select
        g1_0.id 
    from
        guests g1_0 
    left join
        concerts c1_0 
            on c1_0.id=g1_0.concert_id 
    where
        c1_0.id=? 
        and g1_0.email=? 
    fetch
        first ? rows only
Hibernate: 
    select
        g1_0.id 
    from
        guests g1_0 
    left join
        concerts c1_0 
            on c1_0.id=g1_0.concert_id 
    where
        c1_0.id=? 
        and g1_0.email=? 
    fetch
        first ? rows only
Hibernate: 
    select
        g1_0.id 
    from
        guests g1_0 
    left join
        concerts c1_0 
            on c1_0.id=g1_0.concert_id 
    where
        c1_0.id=? 
        and g1_0.email=? 
    fetch
        first ? rows only
Hibernate: 
    select
        g1_0.id 
    from
        guests g1_0 
    left join
        concerts c1_0 
            on c1_0.id=g1_0.concert_id 
    where
        c1_0.id=? 
        and g1_0.email=? 
    fetch
        first ? rows only
Hibernate: 
    select
        g1_0.id 
    from
        guests g1_0 
    left join
        concerts c1_0 
            on c1_0.id=g1_0.concert_id 
    where
        c1_0.id=? 
        and g1_0.email=? 
    fetch
        first ? rows only
Hibernate: 
    select
        g1_0.id 
    from
        guests g1_0 
    left join
        concerts c1_0 
            on c1_0.id=g1_0.concert_id 
    where
        c1_0.id=? 
        and g1_0.email=? 
    fetch
        first ? rows only
Hibernate: 
    select
        g1_0.id 
    from
        guests g1_0 
    left join
        concerts c1_0 
            on c1_0.id=g1_0.concert_id 
    where
        c1_0.id=? 
        and g1_0.email=? 
    fetch
        first ? rows only
Hibernate: 
    select
        g1_0.id 
    from
        guests g1_0 
    left join
        concerts c1_0 
            on c1_0.id=g1_0.concert_id 
    where
        c1_0.id=? 
        and g1_0.email=? 
    fetch
        first ? rows only
Hibernate: 
    select
        g1_0.id 
    from
        guests g1_0 
    left join
        concerts c1_0 
            on c1_0.id=g1_0.concert_id 
    where
        c1_0.id=? 
        and g1_0.email=? 
    fetch
        first ? rows only
Hibernate: 
    select
        g1_0.id 
    from
        guests g1_0 
    left join
        concerts c1_0 
            on c1_0.id=g1_0.concert_id 
    where
        c1_0.id=? 
        and g1_0.email=? 
    fetch
        first ? rows only
Hibernate: 
    select
        g1_0.id 
    from
        guests g1_0 
    left join
        concerts c1_0 
            on c1_0.id=g1_0.concert_id 
    where
        c1_0.id=? 
        and g1_0.email=? 
    fetch
        first ? rows only
Hibernate: 
    select
        g1_0.id 
    from
        guests g1_0 
    left join
        concerts c1_0 
            on c1_0.id=g1_0.concert_id 
    where
        c1_0.id=? 
        and g1_0.email=? 
    fetch
        first ? rows only
Hibernate: 
    select
        g1_0.id 
    from
        guests g1_0 
    left join
        concerts c1_0 
            on c1_0.id=g1_0.concert_id 
    where
        c1_0.id=? 
        and g1_0.email=? 
    fetch
        first ? rows only
Hibernate: 
    select
        g1_0.id 
    from
        guests g1_0 
    left join
        concerts c1_0 
            on c1_0.id=g1_0.concert_id 
    where
        c1_0.id=? 
        and g1_0.email=? 
    fetch
        first ? rows only
Hibernate: 
    select
        g1_0.id 
    from
        guests g1_0 
    left join
        concerts c1_0 
            on c1_0.id=g1_0.concert_id 
    where
        c1_0.id=? 
        and g1_0.email=? 
    fetch
        first ? rows only
Hibernate: 
    select
        g1_0.id 
    from
        guests g1_0 
    left join
        concerts c1_0 
            on c1_0.id=g1_0.concert_id 
    where
        c1_0.id=? 
        and g1_0.email=? 
    fetch
        first ? rows only
Hibernate: 
    select
        g1_0.id 
    from
        guests g1_0 
    left join
        concerts c1_0 
            on c1_0.id=g1_0.concert_id 
    where
        c1_0.id=? 
        and g1_0.email=? 
    fetch
        first ? rows only
Hibernate: 
    select
        g1_0.id 
    from
        guests g1_0 
    left join
        concerts c1_0 
            on c1_0.id=g1_0.concert_id 
    where
        c1_0.id=? 
        and g1_0.email=? 
    fetch
        first ? rows only
Hibernate: 
    select
        g1_0.id 
    from
        guests g1_0 
    left join
        concerts c1_0 
            on c1_0.id=g1_0.concert_id 
    where
        c1_0.id=? 
        and g1_0.email=? 
    fetch
        first ? rows only
Hibernate: 
    select
        g1_0.id 
    from
        guests g1_0 
    left join
        concerts c1_0 
            on c1_0.id=g1_0.concert_id 
    where
        c1_0.id=? 
        and g1_0.email=? 
    fetch
        first ? rows only
Hibernate: 
    insert 
    into
        guests
        (concert_id, created_at, email, full_name) 
    values
        (?, ?, ?, ?)
Hibernate: 
    insert 
    into
        guests
        (concert_id, created_at, email, full_name) 
    values
        (?, ?, ?, ?)
Hibernate: 
    insert 
    into
        guests
        (concert_id, created_at, email, full_name) 
    values
        (?, ?, ?, ?)
Hibernate: 
    insert 
    into
        guests
        (concert_id, created_at, email, full_name) 
    values
        (?, ?, ?, ?)
Hibernate: 
    insert 
    into
        guests
        (concert_id, created_at, email, full_name) 
    values
        (?, ?, ?, ?)
Hibernate: 
    insert 
    into
        guests
        (concert_id, created_at, email, full_name) 
    values
        (?, ?, ?, ?)
Hibernate: 
    insert 
    into
        guests
        (concert_id, created_at, email, full_name) 
    values
        (?, ?, ?, ?)
Hibernate: 
    insert 
    into
        guests
        (concert_id, created_at, email, full_name) 
    values
        (?, ?, ?, ?)
Hibernate: 
    insert 
    into
        guests
        (concert_id, created_at, email, full_name) 
    values
        (?, ?, ?, ?)
Hibernate: 
    insert 
    into
        guests
        (concert_id, created_at, email, full_name) 
    values
        (?, ?, ?, ?)
Hibernate: 
    insert 
    into
        guests
        (concert_id, created_at, email, full_name) 
    values
        (?, ?, ?, ?)
Hibernate: 
    insert 
    into
        guests
        (concert_id, created_at, email, full_name) 
    values
        (?, ?, ?, ?)
Hibernate: 
    insert 
    into
        guests
        (concert_id, created_at, email, full_name) 
    values
        (?, ?, ?, ?)
Hibernate: 
    insert 
    into
        guests
        (concert_id, created_at, email, full_name) 
    values
        (?, ?, ?, ?)
Hibernate: 
    insert 
    into
        guests
        (concert_id, created_at, email, full_name) 
    values
        (?, ?, ?, ?)
Hibernate: 
    insert 
    into
        guests
        (concert_id, created_at, email, full_name) 
    values
        (?, ?, ?, ?)
Hibernate: 
    insert 
    into
        guests
        (concert_id, created_at, email, full_name) 
    values
        (?, ?, ?, ?)
Hibernate: 
    insert 
    into
        guests
        (concert_id, created_at, email, full_name) 
    values
        (?, ?, ?, ?)
Hibernate: 
    insert 
    into
        guests
        (concert_id, created_at, email, full_name) 
    values
        (?, ?, ?, ?)
Hibernate: 
    insert 
    into
        guests
        (concert_id, created_at, email, full_name) 
    values
        (?, ?, ?, ?)
Hibernate: 
    insert 
    into
        guests
        (concert_id, created_at, email, full_name) 
    values
        (?, ?, ?, ?)
Hibernate: 
    insert 
    into
        guests
        (concert_id, created_at, email, full_name) 
    values
        (?, ?, ?, ?)
Hibernate: 
    insert 
    into
        guests
        (concert_id, created_at, email, full_name) 
    values
        (?, ?, ?, ?)
Hibernate: 
    insert 
    into
        guests
        (concert_id, created_at, email, full_name) 
    values
        (?, ?, ?, ?)
Hibernate: 
    insert 
    into
        guests
        (concert_id, created_at, email, full_name) 
    values
        (?, ?, ?, ?)
Hibernate: 
    insert 
    into
        guests
        (concert_id, created_at, email, full_name) 
    values
        (?, ?, ?, ?)
Hibernate: 
    insert 
    into
        guests
        (concert_id, created_at, email, full_name) 
    values
        (?, ?, ?, ?)
Hibernate: 
    insert 
    into
        guests
        (concert_id, created_at, email, full_name) 
    values
        (?, ?, ?, ?)
Hibernate: 
    insert 
    into
        guests
        (concert_id, created_at, email, full_name) 
    values
        (?, ?, ?, ?)
Hibernate: 
    insert 
    into
        guests
        (concert_id, created_at, email, full_name) 
    values
        (?, ?, ?, ?)
Hibernate: 
    insert 
    into
        guests
        (concert_id, created_at, email, full_name) 
    values
        (?, ?, ?, ?)
Hibernate: 
    insert 
    into
        guests
        (concert_id, created_at, email, full_name) 
    values
        (?, ?, ?, ?)
Hibernate: 
    insert 
    into
        guests
        (concert_id, created_at, email, full_name) 
    values
        (?, ?, ?, ?)
Hibernate: 
    insert 
    into
        guests
        (concert_id, created_at, email, full_name) 
    values
        (?, ?, ?, ?)
Hibernate: 
    insert 
    into
        guests
        (concert_id, created_at, email, full_name) 
    values
        (?, ?, ?, ?)
Hibernate: 
    insert 
    into
        guests
        (concert_id, created_at, email, full_name) 
    values
        (?, ?, ?, ?)
Hibernate: 
    insert 
    into
        guests
        (concert_id, created_at, email, full_name) 
    values
        (?, ?, ?, ?)
Hibernate: 
    insert 
    into
        guests
        (concert_id, created_at, email, full_name) 
    values
        (?, ?, ?, ?)
Hibernate: 
    insert 
    into
        guests
        (concert_id, created_at, email, full_name) 
    values
        (?, ?, ?, ?)
Hibernate: 
    insert 
    into
        guests
        (concert_id, created_at, email, full_name) 
    values
        (?, ?, ?, ?)
Hibernate: 
    insert 
    into
        guests
        (concert_id, created_at, email, full_name) 
    values
        (?, ?, ?, ?)
Hibernate: 
    insert 
    into
        guests
        (concert_id, created_at, email, full_name) 
    values
        (?, ?, ?, ?)
Hibernate: 
    insert 
    into
        guests
        (concert_id, created_at, email, full_name) 
    values
        (?, ?, ?, ?)
Hibernate: 
    insert 
    into
        guests
        (concert_id, created_at, email, full_name) 
    values
        (?, ?, ?, ?)
Hibernate: 
    insert 
    into
        guests
        (concert_id, created_at, email, full_name) 
    values
        (?, ?, ?, ?)
Hibernate: 
    insert 
    into
        guests
        (concert_id, created_at, email, full_name) 
    values
        (?, ?, ?, ?)
Hibernate: 
    insert 
    into
        guests
        (concert_id, created_at, email, full_name) 
    values
        (?, ?, ?, ?)
Hibernate: 
    insert 
    into
        guests
        (concert_id, created_at, email, full_name) 
    values
        (?, ?, ?, ?)
Hibernate: 
    insert 
    into
        guests
        (concert_id, created_at, email, full_name) 
    values
        (?, ?, ?, ?)
Hibernate: 
    insert 
    into
        guests
        (concert_id, created_at, email, full_name) 
    values
        (?, ?, ?, ?)
Hibernate: 
    select
        g1_0.id 
    from
        guests g1_0 
    left join
        concerts c1_0 
            on c1_0.id=g1_0.concert_id 
    where
        c1_0.id=? 
        and g1_0.email=? 
    fetch
        first ? rows only
Hibernate: 
    select
        g1_0.id 
    from
        guests g1_0 
    left join
        concerts c1_0 
            on c1_0.id=g1_0.concert_id 
    where
        c1_0.id=? 
        and g1_0.email=? 
    fetch
        first ? rows only
Hibernate: 
    select
        g1_0.id 
    from
        guests g1_0 
    left join
        concerts c1_0 
            on c1_0.id=g1_0.concert_id 
    where
        c1_0.id=? 
        and g1_0.email=? 
    fetch
        first ? rows only
Hibernate: 
    select
        g1_0.id 
    from
        guests g1_0 
    left join
        concerts c1_0 
            on c1_0.id=g1_0.concert_id 
    where
        c1_0.id=? 
        and g1_0.email=? 
    fetch
        first ? rows only
Hibernate: 
    select
        g1_0.id 
    from
        guests g1_0 
    left join
        concerts c1_0 
            on c1_0.id=g1_0.concert_id 
    where
        c1_0.id=? 
        and g1_0.email=? 
    fetch
        first ? rows only
Hibernate: 
    select
        g1_0.id 
    from
        guests g1_0 
    left join
        concerts c1_0 
            on c1_0.id=g1_0.concert_id 
    where
        c1_0.id=? 
        and g1_0.email=? 
    fetch
        first ? rows only
Hibernate: 
    select
        g1_0.id 
    from
        guests g1_0 
    left join
        concerts c1_0 
            on c1_0.id=g1_0.concert_id 
    where
        c1_0.id=? 
        and g1_0.email=? 
    fetch
        first ? rows only
Hibernate: 
    select
        g1_0.id 
    from
        guests g1_0 
    left join
        concerts c1_0 
            on c1_0.id=g1_0.concert_id 
    where
        c1_0.id=? 
        and g1_0.email=? 
    fetch
        first ? rows only
Hibernate: 
    select
        g1_0.id 
    from
        guests g1_0 
    left join
        concerts c1_0 
            on c1_0.id=g1_0.concert_id 
    where
        c1_0.id=? 
        and g1_0.email=? 
    fetch
        first ? rows only
Hibernate: 
    select
        g1_0.id 
    from
        guests g1_0 
    left join
        concerts c1_0 
            on c1_0.id=g1_0.concert_id 
    where
        c1_0.id=? 
        and g1_0.email=? 
    fetch
        first ? rows only
Hibernate: 
    select
        g1_0.id 
    from
        guests g1_0 
    left join
        concerts c1_0 
            on c1_0.id=g1_0.concert_id 
    where
        c1_0.id=? 
        and g1_0.email=? 
    fetch
        first ? rows only
Hibernate: 
    select
        g1_0.id 
    from
        guests g1_0 
    left join
        concerts c1_0 
            on c1_0.id=g1_0.concert_id 
    where
        c1_0.id=? 
        and g1_0.email=? 
    fetch
        first ? rows only
Hibernate: 
    select
        g1_0.id 
    from
        guests g1_0 
    left join
        concerts c1_0 
            on c1_0.id=g1_0.concert_id 
    where
        c1_0.id=? 
        and g1_0.email=? 
    fetch
        first ? rows only
Hibernate: 
    select
[...]

java.lang.RuntimeException: Failed to process CSV
	at com.ticketbox.backend.worker.csv.CsvImportService.processCsv(CsvImportService.java:110) ~[classes/:na]
	at com.ticketbox.backend.worker.csv.CsvImportConsumer.consumeCsvImport(CsvImportConsumer.java:23) ~[classes/:na]
	at java.base/jdk.internal.reflect.NativeMethodAccessorImpl.invoke0(Native Method) ~[na:na]
	at java.base/jdk.internal.reflect.NativeMethodAccessorImpl.invoke(NativeMethodAccessorImpl.java:77) ~[na:na]
	at java.base/jdk.internal.reflect.DelegatingMethodAccessorImpl.invoke(DelegatingMethodAccessorImpl.java:43) ~[na:na]
	at java.base/java.lang.reflect.Method.invoke(Method.java:569) ~[na:na]
	at org.springframework.messaging.handler.invocation.InvocableHandlerMethod.doInvoke(InvocableHandlerMethod.java:169) ~[spring-messaging-6.1.5.jar:6.1.5]
	at org.springframework.amqp.rabbit.listener.adapter.KotlinAwareInvocableHandlerMethod.doInvoke(KotlinAwareInvocableHandlerMethod.java:45) ~[spring-rabbit-3.1.3.jar:3.1.3]
	at org.springframework.messaging.handler.invocation.InvocableHandlerMethod.invoke(InvocableHandlerMethod.java:119) ~[spring-messaging-6.1.5.jar:6.1.5]
	at org.springframework.amqp.rabbit.listener.adapter.HandlerAdapter.invoke(HandlerAdapter.java:75) ~[spring-rabbit-3.1.3.jar:3.1.3]
	at org.springframework.amqp.rabbit.listener.adapter.MessagingMessageListenerAdapter.invokeHandler(MessagingMessageListenerAdapter.java:278) ~[spring-rabbit-3.1.3.jar:3.1.3]
	at org.springframework.amqp.rabbit.listener.adapter.MessagingMessageListenerAdapter.invokeHandlerAndProcessResult(MessagingMessageListenerAdapter.java:225) ~[spring-rabbit-3.1.3.jar:3.1.3]
	at org.springframework.amqp.rabbit.listener.adapter.MessagingMessageListenerAdapter.onMessage(MessagingMessageListenerAdapter.java:149) ~[spring-rabbit-3.1.3.jar:3.1.3]
	at org.springframework.amqp.rabbit.listener.AbstractMessageListenerContainer.doInvokeListener(AbstractMessageListenerContainer.java:1682) ~[spring-rabbit-3.1.3.jar:3.1.3]
	at org.springframework.amqp.rabbit.listener.AbstractMessageListenerContainer.actualInvokeListener(AbstractMessageListenerContainer.java:1604) ~[spring-rabbit-3.1.3.jar:3.1.3]
	at java.base/jdk.internal.reflect.NativeMethodAccessorImpl.invoke0(Native Method) ~[na:na]
	at java.base/jdk.internal.reflect.NativeMethodAccessorImpl.invoke(NativeMethodAccessorImpl.java:77) ~[na:na]
	at java.base/jdk.internal.reflect.DelegatingMethodAccessorImpl.invoke(DelegatingMethodAccessorImpl.java:43) ~[na:na]
	at java.base/java.lang.reflect.Method.invoke(Method.java:569) ~[na:na]
	at org.springframework.aop.support.AopUtils.invokeJoinpointUsingReflection(AopUtils.java:351) ~[spring-aop-6.1.5.jar:6.1.5]
	at org.springframework.aop.framework.ReflectiveMethodInvocation.invokeJoinpoint(ReflectiveMethodInvocation.java:196) ~[spring-aop-6.1.5.jar:6.1.5]
	at org.springframework.aop.framework.ReflectiveMethodInvocation.proceed(ReflectiveMethodInvocation.java:163) ~[spring-aop-6.1.5.jar:6.1.5]
	at org.springframework.retry.interceptor.RetryOperationsInterceptor$1.doWithRetry(RetryOperationsInterceptor.java:102) ~[spring-retry-2.0.5.jar:na]
	at org.springframework.retry.support.RetryTemplate.doExecute(RetryTemplate.java:335) ~[spring-retry-2.0.5.jar:na]
	at org.springframework.retry.support.RetryTemplate.execute(RetryTemplate.java:227) ~[spring-retry-2.0.5.jar:na]
	at org.springframework.retry.interceptor.RetryOperationsInterceptor.invoke(RetryOperationsInterceptor.java:124) ~[spring-retry-2.0.5.jar:na]
	at org.springframework.aop.framework.ReflectiveMethodInvocation.proceed(ReflectiveMethodInvocation.java:184) ~[spring-aop-6.1.5.jar:6.1.5]
	at org.springframework.aop.framework.JdkDynamicAopProxy.invoke(JdkDynamicAopProxy.java:220) ~[spring-aop-6.1.5.jar:6.1.5]
	at org.springframework.amqp.rabbit.listener.$Proxy244.invokeListener(Unknown Source) ~[na:3.1.3]
	at org.springframework.amqp.rabbit.listener.AbstractMessageListenerContainer.invokeListener(AbstractMessageListenerContainer.java:1592) ~[spring-rabbit-3.1.3.jar:3.1.3]
	at org.springframework.amqp.rabbit.listener.AbstractMessageListenerContainer.doExecuteListener(AbstractMessageListenerContainer.java:1583) ~[spring-rabbit-3.1.3.jar:3.1.3]
	at org.springframework.amqp.rabbit.listener.AbstractMessageListenerContainer.executeListenerAndHandleException(AbstractMessageListenerContainer.java:1528) ~[spring-rabbit-3.1.3.jar:3.1.3]
	at org.springframework.amqp.rabbit.listener.AbstractMessageListenerContainer.lambda$executeListener$8(AbstractMessageListenerContainer.java:1506) ~[spring-rabbit-3.1.3.jar:3.1.3]
	at io.micrometer.observation.Observation.observe(Observation.java:499) ~[micrometer-observation-1.12.4.jar:1.12.4]
	at org.springframework.amqp.rabbit.listener.AbstractMessageListenerContainer.executeListener(AbstractMessageListenerContainer.java:1506) ~[spring-rabbit-3.1.3.jar:3.1.3]
	at org.springframework.amqp.rabbit.listener.SimpleMessageListenerContainer.doReceiveAndExecute(SimpleMessageListenerContainer.java:1084) ~[spring-rabbit-3.1.3.jar:3.1.3]
	at org.springframework.amqp.rabbit.listener.SimpleMessageListenerContainer.receiveAndExecute(SimpleMessageListenerContainer.java:1020) ~[spring-rabbit-3.1.3.jar:3.1.3]
	at org.springframework.amqp.rabbit.listener.SimpleMessageListenerContainer$AsyncMessageProcessingConsumer.mainLoop(SimpleMessageListenerContainer.java:1422) ~[spring-rabbit-3.1.3.jar:3.1.3]
	at org.springframework.amqp.rabbit.listener.SimpleMessageListenerContainer$AsyncMessageProcessingConsumer.run(SimpleMessageListenerContainer.java:1324) ~[spring-rabbit-3.1.3.jar:3.1.3]
	at java.base/java.lang.Thread.run(Thread.java:840) ~[na:na]
Caused by: java.io.FileNotFoundException: /tmp/non-existent-file-055ffda7-5290-41b1-8179-9db5987fdae5.csv (No such file or directory)
	at java.base/java.io.FileInputStream.open0(Native Method) ~[na:na]
	at java.base/java.io.FileInputStream.open(FileInputStream.java:216) ~[na:na]
	at java.base/java.io.FileInputStream.<init>(FileInputStream.java:157) ~[na:na]
	at java.base/java.io.FileInputStream.<init>(FileInputStream.java:111) ~[na:na]
	at java.base/java.io.FileReader.<init>(FileReader.java:60) ~[na:na]
	at com.ticketbox.backend.worker.csv.CsvImportService.processCsv(CsvImportService.java:59) ~[classes/:na]
	... 39 common frames omitted

2026-06-04T23:51:30.013+07:00  INFO 50845 --- [ticketbox-backend] [ntContainer#1-2] c.t.b.worker.csv.CsvImportConsumer       : Received CSV Import message for Job: 6b115222-3aac-4e3a-b2e9-28fc27d10f3e, Concert: 54
2026-06-04T23:51:30.013+07:00  INFO 50845 --- [ticketbox-backend] [ntContainer#1-2] c.t.backend.worker.csv.CsvImportService  : Starting CSV import job: 6b115222-3aac-4e3a-b2e9-28fc27d10f3e
Hibernate: 
    select
        c1_0.id,
        c1_0.artist_biography,
        c1_0.description,
        c1_0.end_time,
        c1_0.location,
        c1_0.name,
        c1_0.start_time 
    from
        concerts c1_0 
    where
        c1_0.id=?
2026-06-04T23:51:30.036+07:00 ERROR 50845 --- [ticketbox-backend] [ntContainer#1-2] c.t.backend.worker.csv.CsvImportService  : Job 6b115222-3aac-4e3a-b2e9-28fc27d10f3e: System error during CSV processing: /tmp/non-existent-file-055ffda7-5290-41b1-8179-9db5987fdae5.csv (No such file or directory)

java.io.FileNotFoundException: /tmp/non-existent-file-055ffda7-5290-41b1-8179-9db5987fdae5.csv (No such file or directory)
	at java.base/java.io.FileInputStream.open0(Native Method) ~[na:na]
	at java.base/java.io.FileInputStream.open(FileInputStream.java:216) ~[na:na]
	at java.base/java.io.FileInputStream.<init>(FileInputStream.java:157) ~[na:na]
	at java.base/java.io.FileInputStream.<init>(FileInputStream.java:111) ~[na:na]
	at java.base/java.io.FileReader.<init>(FileReader.java:60) ~[na:na]
	at com.ticketbox.backend.worker.csv.CsvImportService.processCsv(CsvImportService.java:59) ~[classes/:na]
	at com.ticketbox.backend.worker.csv.CsvImportConsumer.consumeCsvImport(CsvImportConsumer.java:23) ~[classes/:na]
	at java.base/jdk.internal.reflect.NativeMethodAccessorImpl.invoke0(Native Method) ~[na:na]
	at java.base/jdk.internal.reflect.NativeMethodAccessorImpl.invoke(NativeMethodAccessorImpl.java:77) ~[na:na]
	at java.base/jdk.internal.reflect.DelegatingMethodAccessorImpl.invoke(DelegatingMethodAccessorImpl.java:43) ~[na:na]
	at java.base/java.lang.reflect.Method.invoke(Method.java:569) ~[na:na]
	at org.springframework.messaging.handler.invocation.InvocableHandlerMethod.doInvoke(InvocableHandlerMethod.java:169) ~[spring-messaging-6.1.5.jar:6.1.5]
	at org.springframework.amqp.rabbit.listener.adapter.KotlinAwareInvocableHandlerMethod.doInvoke(KotlinAwareInvocableHandlerMethod.java:45) ~[spring-rabbit-3.1.3.jar:3.1.3]
	at org.springframework.messaging.handler.invocation.InvocableHandlerMethod.invoke(InvocableHandlerMethod.java:119) ~[spring-messaging-6.1.5.jar:6.1.5]
	at org.springframework.amqp.rabbit.listener.adapter.HandlerAdapter.invoke(HandlerAdapter.java:75) ~[spring-rabbit-3.1.3.jar:3.1.3]
	at org.springframework.amqp.rabbit.listener.adapter.MessagingMessageListenerAdapter.invokeHandler(MessagingMessageListenerAdapter.java:278) ~[spring-rabbit-3.1.3.jar:3.1.3]
	at org.springframework.amqp.rabbit.listener.adapter.MessagingMessageListenerAdapter.invokeHandlerAndProcessResult(MessagingMessageListenerAdapter.java:225) ~[spring-rabbit-3.1.3.jar:3.1.3]
	at org.springframework.amqp.rabbit.listener.adapter.MessagingMessageListenerAdapter.onMessage(MessagingMessageListenerAdapter.java:149) ~[spring-rabbit-3.1.3.jar:3.1.3]
	at org.springframework.amqp.rabbit.listener.AbstractMessageListenerContainer.doInvokeListener(AbstractMessageListenerContainer.java:1682) ~[spring-rabbit-3.1.3.jar:3.1.3]
	at org.springframework.amqp.rabbit.listener.AbstractMessageListenerContainer.actualInvokeListener(AbstractMessageListenerContainer.java:1604) ~[spring-rabbit-3.1.3.jar:3.1.3]
	at jdk.internal.reflect.GeneratedMethodAccessor84.invoke(Unknown Source) ~[na:na]
	at java.base/jdk.internal.reflect.DelegatingMethodAccessorImpl.invoke(DelegatingMethodAccessorImpl.java:43) ~[na:na]
	at java.base/java.lang.reflect.Method.invoke(Method.java:569) ~[na:na]
	at org.springframework.aop.support.AopUtils.invokeJoinpointUsingReflection(AopUtils.java:351) ~[spring-aop-6.1.5.jar:6.1.5]
	at org.springframework.aop.framework.ReflectiveMethodInvocation.invokeJoinpoint(ReflectiveMethodInvocation.java:196) ~[spring-aop-6.1.5.jar:6.1.5]
	at org.springframework.aop.framework.ReflectiveMethodInvocation.proceed(ReflectiveMethodInvocation.java:163) ~[spring-aop-6.1.5.jar:6.1.5]
	at org.springframework.retry.interceptor.RetryOperationsInterceptor$1.doWithRetry(RetryOperationsInterceptor.java:102) ~[spring-retry-2.0.5.jar:na]
	at org.springframework.retry.support.RetryTemplate.doExecute(RetryTemplate.java:335) ~[spring-retry-2.0.5.jar:na]
	at org.springframework.retry.support.RetryTemplate.execute(RetryTemplate.java:227) ~[spring-retry-2.0.5.jar:na]
	at org.springframework.retry.interceptor.RetryOperationsInterceptor.invoke(RetryOperationsInterceptor.java:124) ~[spring-retry-2.0.5.jar:na]
	at org.springframework.aop.framework.ReflectiveMethodInvocation.proceed(ReflectiveMethodInvocation.java:184) ~[spring-aop-6.1.5.jar:6.1.5]
	at org.springframework.aop.framework.JdkDynamicAopProxy.invoke(JdkDynamicAopProxy.java:220) ~[spring-aop-6.1.5.jar:6.1.5]
	at org.springframework.amqp.rabbit.listener.$Proxy244.invokeListener(Unknown Source) ~[na:3.1.3]
	at org.springframework.amqp.rabbit.listener.AbstractMessageListenerContainer.invokeListener(AbstractMessageListenerContainer.java:1592) ~[spring-rabbit-3.1.3.jar:3.1.3]
	at org.springframework.amqp.rabbit.listener.AbstractMessageListenerContainer.doExecuteListener(AbstractMessageListenerContainer.java:1583) ~[spring-rabbit-3.1.3.jar:3.1.3]
	at org.springframework.amqp.rabbit.listener.AbstractMessageListenerContainer.executeListenerAndHandleException(AbstractMessageListenerContainer.java:1528) ~[spring-rabbit-3.1.3.jar:3.1.3]
	at org.springframework.amqp.rabbit.listener.AbstractMessageListenerContainer.lambda$executeListener$8(AbstractMessageListenerContainer.java:1506) ~[spring-rabbit-3.1.3.jar:3.1.3]
	at io.micrometer.observation.Observation.observe(Observation.java:499) ~[micrometer-observation-1.12.4.jar:1.12.4]
	at org.springframework.amqp.rabbit.listener.AbstractMessageListenerContainer.executeListener(AbstractMessageListenerContainer.java:1506) ~[spring-rabbit-3.1.3.jar:3.1.3]
	at org.springframework.amqp.rabbit.listener.SimpleMessageListenerContainer.doReceiveAndExecute(SimpleMessageListenerContainer.java:1084) ~[spring-rabbit-3.1.3.jar:3.1.3]
	at org.springframework.amqp.rabbit.listener.SimpleMessageListenerContainer.receiveAndExecute(SimpleMessageListenerContainer.java:1020) ~[spring-rabbit-3.1.3.jar:3.1.3]
	at org.springframework.amqp.rabbit.listener.SimpleMessageListenerContainer$AsyncMessageProcessingConsumer.mainLoop(SimpleMessageListenerContainer.java:1422) ~[spring-rabbit-3.1.3.jar:3.1.3]
	at org.springframework.amqp.rabbit.listener.SimpleMessageListenerContainer$AsyncMessageProcessingConsumer.run(SimpleMessageListenerContainer.java:1324) ~[spring-rabbit-3.1.3.jar:3.1.3]
	at java.base/java.lang.Thread.run(Thread.java:840) ~[na:na]

2026-06-04T23:51:30.041+07:00 ERROR 50845 --- [ticketbox-backend] [ntContainer#1-2] c.t.b.worker.csv.CsvImportConsumer       : Unhandled exception in CSV Import Worker for Job: 6b115222-3aac-4e3a-b2e9-28fc27d10f3e

java.lang.RuntimeException: Failed to process CSV
	at com.ticketbox.backend.worker.csv.CsvImportService.processCsv(CsvImportService.java:110) ~[classes/:na]
	at com.ticketbox.backend.worker.csv.CsvImportConsumer.consumeCsvImport(CsvImportConsumer.java:23) ~[classes/:na]
	at java.base/jdk.internal.reflect.NativeMethodAccessorImpl.invoke0(Native Method) ~[na:na]
	at java.base/jdk.internal.reflect.NativeMethodAccessorImpl.invoke(NativeMethodAccessorImpl.java:77) ~[na:na]
	at java.base/jdk.internal.reflect.DelegatingMethodAccessorImpl.invoke(DelegatingMethodAccessorImpl.java:43) ~[na:na]
	at java.base/java.lang.reflect.Method.invoke(Method.java:569) ~[na:na]
	at org.springframework.messaging.handler.invocation.InvocableHandlerMethod.doInvoke(InvocableHandlerMethod.java:169) ~[spring-messaging-6.1.5.jar:6.1.5]
	at org.springframework.amqp.rabbit.listener.adapter.KotlinAwareInvocableHandlerMethod.doInvoke(KotlinAwareInvocableHandlerMethod.java:45) ~[spring-rabbit-3.1.3.jar:3.1.3]
	at org.springframework.messaging.handler.invocation.InvocableHandlerMethod.invoke(InvocableHandlerMethod.java:119) ~[spring-messaging-6.1.5.jar:6.1.5]
	at org.springframework.amqp.rabbit.listener.adapter.HandlerAdapter.invoke(HandlerAdapter.java:75) ~[spring-rabbit-3.1.3.jar:3.1.3]
	at org.springframework.amqp.rabbit.listener.adapter.MessagingMessageListenerAdapter.invokeHandler(MessagingMessageListenerAdapter.java:278) ~[spring-rabbit-3.1.3.jar:3.1.3]
	at org.springframework.amqp.rabbit.listener.adapter.MessagingMessageListenerAdapter.invokeHandlerAndProcessResult(MessagingMessageListenerAdapter.java:225) ~[spring-rabbit-3.1.3.jar:3.1.3]
	at org.springframework.amqp.rabbit.listener.adapter.MessagingMessageListenerAdapter.onMessage(MessagingMessageListenerAdapter.java:149) ~[spring-rabbit-3.1.3.jar:3.1.3]
	at org.springframework.amqp.rabbit.listener.AbstractMessageListenerContainer.doInvokeListener(AbstractMessageListenerContainer.java:1682) ~[spring-rabbit-3.1.3.jar:3.1.3]
	at org.springframework.amqp.rabbit.listener.AbstractMessageListenerContainer.actualInvokeListener(AbstractMessageListenerContainer.java:1604) ~[spring-rabbit-3.1.3.jar:3.1.3]
	at jdk.internal.reflect.GeneratedMethodAccessor84.invoke(Unknown Source) ~[na:na]
	at java.base/jdk.internal.reflect.DelegatingMethodAccessorImpl.invoke(DelegatingMethodAccessorImpl.java:43) ~[na:na]
	at java.base/java.lang.reflect.Method.invoke(Method.java:569) ~[na:na]
	at org.springframework.aop.support.AopUtils.invokeJoinpointUsingReflection(AopUtils.java:351) ~[spring-aop-6.1.5.jar:6.1.5]
	at org.springframework.aop.framework.ReflectiveMethodInvocation.invokeJoinpoint(ReflectiveMethodInvocation.java:196) ~[spring-aop-6.1.5.jar:6.1.5]
	at org.springframework.aop.framework.ReflectiveMethodInvocation.proceed(ReflectiveMethodInvocation.java:163) ~[spring-aop-6.1.5.jar:6.1.5]
	at org.springframework.retry.interceptor.RetryOperationsInterceptor$1.doWithRetry(RetryOperationsInterceptor.java:102) ~[spring-retry-2.0.5.jar:na]
	at org.springframework.retry.support.RetryTemplate.doExecute(RetryTemplate.java:335) ~[spring-retry-2.0.5.jar:na]
	at org.springframework.retry.support.RetryTemplate.execute(RetryTemplate.java:227) ~[spring-retry-2.0.5.jar:na]
	at org.springframework.retry.interceptor.RetryOperationsInterceptor.invoke(RetryOperationsInterceptor.java:124) ~[spring-retry-2.0.5.jar:na]
	at org.springframework.aop.framework.ReflectiveMethodInvocation.proceed(ReflectiveMethodInvocation.java:184) ~[spring-aop-6.1.5.jar:6.1.5]
	at org.springframework.aop.framework.JdkDynamicAopProxy.invoke(JdkDynamicAopProxy.java:220) ~[spring-aop-6.1.5.jar:6.1.5]
	at org.springframework.amqp.rabbit.listener.$Proxy244.invokeListener(Unknown Source) ~[na:3.1.3]
	at org.springframework.amqp.rabbit.listener.AbstractMessageListenerContainer.invokeListener(AbstractMessageListenerContainer.java:1592) ~[spring-rabbit-3.1.3.jar:3.1.3]
	at org.springframework.amqp.rabbit.listener.AbstractMessageListenerContainer.doExecuteListener(AbstractMessageListenerContainer.java:1583) ~[spring-rabbit-3.1.3.jar:3.1.3]
	at org.springframework.amqp.rabbit.listener.AbstractMessageListenerContainer.executeListenerAndHandleException(AbstractMessageListenerContainer.java:1528) ~[spring-rabbit-3.1.3.jar:3.1.3]
	at org.springframework.amqp.rabbit.listener.AbstractMessageListenerContainer.lambda$executeListener$8(AbstractMessageListenerContainer.java:1506) ~[spring-rabbit-3.1.3.jar:3.1.3]
	at io.micrometer.observation.Observation.observe(Observation.java:499) ~[micrometer-observation-1.12.4.jar:1.12.4]
	at org.springframework.amqp.rabbit.listener.AbstractMessageListenerContainer.executeListener(AbstractMessageListenerContainer.java:1506) ~[spring-rabbit-3.1.3.jar:3.1.3]
	at org.springframework.amqp.rabbit.listener.SimpleMessageListenerContainer.doReceiveAndExecute(SimpleMessageListenerContainer.java:1084) ~[spring-rabbit-3.1.3.jar:3.1.3]
	at org.springframework.amqp.rabbit.listener.SimpleMessageListenerContainer.receiveAndExecute(SimpleMessageListenerContainer.java:1020) ~[spring-rabbit-3.1.3.jar:3.1.3]
	at org.springframework.amqp.rabbit.listener.SimpleMessageListenerContainer$AsyncMessageProcessingConsumer.mainLoop(SimpleMessageListenerContainer.java:1422) ~[spring-rabbit-3.1.3.jar:3.1.3]
	at org.springframework.amqp.rabbit.listener.SimpleMessageListenerContainer$AsyncMessageProcessingConsumer.run(SimpleMessageListenerContainer.java:1324) ~[spring-rabbit-3.1.3.jar:3.1.3]
	at java.base/java.lang.Thread.run(Thread.java:840) ~[na:na]
Caused by: java.io.FileNotFoundException: /tmp/non-existent-file-055ffda7-5290-41b1-8179-9db5987fdae5.csv (No such file or directory)
	at java.base/java.io.FileInputStream.open0(Native Method) ~[na:na]
	at java.base/java.io.FileInputStream.open(FileInputStream.java:216) ~[na:na]
	at java.base/java.io.FileInputStream.<init>(FileInputStream.java:157) ~[na:na]
	at java.base/java.io.FileInputStream.<init>(FileInputStream.java:111) ~[na:na]
	at java.base/java.io.FileReader.<init>(FileReader.java:60) ~[na:na]
	at com.ticketbox.backend.worker.csv.CsvImportService.processCsv(CsvImportService.java:59) ~[classes/:na]
	... 38 common frames omitted

2026-06-04T23:51:30.045+07:00  WARN 50845 --- [ticketbox-backend] [ntContainer#1-2] o.s.a.r.retry.RepublishMessageRecoverer  : Republishing failed message to exchange 'ticketbox.dlx' with routing key csv.import
Hibernate: 
    select
        count(*) 
    from
        guests g1_0
]]></system-out>
  </testcase>
</testsuite>