<?xml version="1.0" encoding="UTF-8"?>
<testsuite xmlns:xsi="http://www.w3.org/2001/XMLSchema-instance" xsi:noNamespaceSchemaLocation="https://maven.apache.org/surefire/maven-surefire-plugin/xsd/surefire-test-report-3.0.xsd" version="3.0" name="com.ticketbox.backend.worker.email.EmailWorkerTest" time="50.941" tests="1" errors="0" skipped="0" failures="0">
  <properties>
[...]
</properties>
  <testcase name="testPermanent4xxErrorRoutesToDlqImmediately" classname="com.ticketbox.backend.worker.email.EmailWorkerTest" time="5.768">
    <system-out><![CDATA[Standard Commons Logging discovery in action with spring-jcl: please remove commons-logging.jar from classpath in order to avoid potential conflicts
00:51:10.042 [main] INFO org.springframework.test.context.support.AnnotationConfigContextLoaderUtils -- Could not detect default configuration classes for test class [com.ticketbox.backend.worker.email.EmailWorkerTest]: EmailWorkerTest does not declare any static, non-private, non-final, nested classes annotated with @Configuration.
00:51:10.492 [main] INFO org.springframework.boot.test.context.SpringBootTestContextBootstrapper -- Found @SpringBootConfiguration com.ticketbox.backend.Application for test class com.ticketbox.backend.worker.email.EmailWorkerTest

  .   ____          _            __ _ _
 /\\ / ___'_ __ _ _(_)_ __  __ _ \ \ \ \
( ( )\___ | '_ | '_| | '_ \/ _` | \ \ \ \
 \\/  ___)| |_)| | | | | || (_| |  ) ) ) )
  '  |____| .__|_| |_|_| |_\__, | / / / /
 =========|_|==============|___/=/_/_/_/
 :: Spring Boot ::                (v3.2.4)

2026-06-05T00:51:11.726+07:00  INFO 70921 --- [ticketbox-backend] [           main] c.t.b.worker.email.EmailWorkerTest       : Starting EmailWorkerTest using Java 17.0.18 with PID 70921 (started by daonguyennguyen in /home/daonguyennguyen/Documents/code/softwareDesign/final_project/ticketbox/apps/backend)
2026-06-05T00:51:11.729+07:00  INFO 70921 --- [ticketbox-backend] [           main] c.t.b.worker.email.EmailWorkerTest       : No active profile set, falling back to 1 default profile: "default"
2026-06-05T00:51:15.716+07:00  INFO 70921 --- [ticketbox-backend] [           main] .s.d.r.c.RepositoryConfigurationDelegate : Multiple Spring Data modules found, entering strict repository configuration mode
2026-06-05T00:51:15.719+07:00  INFO 70921 --- [ticketbox-backend] [           main] .s.d.r.c.RepositoryConfigurationDelegate : Bootstrapping Spring Data JPA repositories in DEFAULT mode.
2026-06-05T00:51:16.120+07:00  INFO 70921 --- [ticketbox-backend] [           main] .s.d.r.c.RepositoryConfigurationDelegate : Finished Spring Data repository scanning in 383 ms. Found 7 JPA repository interfaces.
2026-06-05T00:51:16.167+07:00  INFO 70921 --- [ticketbox-backend] [           main] .s.d.r.c.RepositoryConfigurationDelegate : Multiple Spring Data modules found, entering strict repository configuration mode
2026-06-05T00:51:16.170+07:00  INFO 70921 --- [ticketbox-backend] [           main] .s.d.r.c.RepositoryConfigurationDelegate : Bootstrapping Spring Data Redis repositories in DEFAULT mode.
2026-06-05T00:51:16.220+07:00  INFO 70921 --- [ticketbox-backend] [           main] .RepositoryConfigurationExtensionSupport : Spring Data Redis - Could not safely identify store assignment for repository candidate interface com.ticketbox.backend.repository.ConcertRepository; If you want this repository to be a Redis repository, consider annotating your entities with one of these annotations: org.springframework.data.redis.core.RedisHash (preferred), or consider extending one of the following types with your repository: org.springframework.data.keyvalue.repository.KeyValueRepository
2026-06-05T00:51:16.222+07:00  INFO 70921 --- [ticketbox-backend] [           main] .RepositoryConfigurationExtensionSupport : Spring Data Redis - Could not safely identify store assignment for repository candidate interface com.ticketbox.backend.repository.GuestRepository; If you want this repository to be a Redis repository, consider annotating your entities with one of these annotations: org.springframework.data.redis.core.RedisHash (preferred), or consider extending one of the following types with your repository: org.springframework.data.keyvalue.repository.KeyValueRepository
2026-06-05T00:51:16.224+07:00  INFO 70921 --- [ticketbox-backend] [           main] .RepositoryConfigurationExtensionSupport : Spring Data Redis - Could not safely identify store assignment for repository candidate interface com.ticketbox.backend.repository.OrderItemRepository; If you want this repository to be a Redis repository, consider annotating your entities with one of these annotations: org.springframework.data.redis.core.RedisHash (preferred), or consider extending one of the following types with your repository: org.springframework.data.keyvalue.repository.KeyValueRepository
2026-06-05T00:51:16.232+07:00  INFO 70921 --- [ticketbox-backend] [           main] .RepositoryConfigurationExtensionSupport : Spring Data Redis - Could not safely identify store assignment for repository candidate interface com.ticketbox.backend.repository.OrderRepository; If you want this repository to be a Redis repository, consider annotating your entities with one of these annotations: org.springframework.data.redis.core.RedisHash (preferred), or consider extending one of the following types with your repository: org.springframework.data.keyvalue.repository.KeyValueRepository
2026-06-05T00:51:16.233+07:00  INFO 70921 --- [ticketbox-backend] [           main] .RepositoryConfigurationExtensionSupport : Spring Data Redis - Could not safely identify store assignment for repository candidate interface com.ticketbox.backend.repository.TicketCategoryRepository; If you want this repository to be a Redis repository, consider annotating your entities with one of these annotations: org.springframework.data.redis.core.RedisHash (preferred), or consider extending one of the following types with your repository: org.springframework.data.keyvalue.repository.KeyValueRepository
2026-06-05T00:51:16.234+07:00  INFO 70921 --- [ticketbox-backend] [           main] .RepositoryConfigurationExtensionSupport : Spring Data Redis - Could not safely identify store assignment for repository candidate interface com.ticketbox.backend.repository.TicketRepository; If you want this repository to be a Redis repository, consider annotating your entities with one of these annotations: org.springframework.data.redis.core.RedisHash (preferred), or consider extending one of the following types with your repository: org.springframework.data.keyvalue.repository.KeyValueRepository
2026-06-05T00:51:16.235+07:00  INFO 70921 --- [ticketbox-backend] [           main] .RepositoryConfigurationExtensionSupport : Spring Data Redis - Could not safely identify store assignment for repository candidate interface com.ticketbox.backend.repository.UserRepository; If you want this repository to be a Redis repository, consider annotating your entities with one of these annotations: org.springframework.data.redis.core.RedisHash (preferred), or consider extending one of the following types with your repository: org.springframework.data.keyvalue.repository.KeyValueRepository
2026-06-05T00:51:16.236+07:00  INFO 70921 --- [ticketbox-backend] [           main] .s.d.r.c.RepositoryConfigurationDelegate : Finished Spring Data repository scanning in 48 ms. Found 0 Redis repository interfaces.
2026-06-05T00:51:25.995+07:00  INFO 70921 --- [ticketbox-backend] [           main] o.hibernate.jpa.internal.util.LogHelper  : HHH000204: Processing PersistenceUnitInfo [name: default]
2026-06-05T00:51:26.170+07:00  INFO 70921 --- [ticketbox-backend] [           main] org.hibernate.Version                    : HHH000412: Hibernate ORM core version 6.4.4.Final
2026-06-05T00:51:26.334+07:00  INFO 70921 --- [ticketbox-backend] [           main] o.h.c.internal.RegionFactoryInitiator    : HHH000026: Second-level cache disabled
2026-06-05T00:51:26.738+07:00  INFO 70921 --- [ticketbox-backend] [           main] o.s.o.j.p.SpringPersistenceUnitInfo      : No LoadTimeWeaver setup: ignoring JPA class transformer
2026-06-05T00:51:26.835+07:00  INFO 70921 --- [ticketbox-backend] [           main] com.zaxxer.hikari.HikariDataSource       : HikariPool-1 - Starting...
2026-06-05T00:51:27.472+07:00  INFO 70921 --- [ticketbox-backend] [           main] com.zaxxer.hikari.pool.HikariPool        : HikariPool-1 - Added connection org.postgresql.jdbc.PgConnection@6464f017
2026-06-05T00:51:27.480+07:00  INFO 70921 --- [ticketbox-backend] [           main] com.zaxxer.hikari.HikariDataSource       : HikariPool-1 - Start completed.
2026-06-05T00:51:27.704+07:00  WARN 70921 --- [ticketbox-backend] [           main] org.hibernate.orm.deprecation            : HHH90000025: PostgreSQLDialect does not need to be specified explicitly using 'hibernate.dialect' (remove the property setting and it will be selected by default)
2026-06-05T00:51:31.329+07:00  INFO 70921 --- [ticketbox-backend] [           main] o.h.e.t.j.p.i.JtaPlatformInitiator       : HHH000489: No JTA platform available (set 'hibernate.transaction.jta.platform' to enable JTA platform integration)
2026-06-05T00:51:32.217+07:00  INFO 70921 --- [ticketbox-backend] [           main] j.LocalContainerEntityManagerFactoryBean : Initialized JPA EntityManagerFactory for persistence unit 'default'
2026-06-05T00:51:40.071+07:00  INFO 70921 --- [ticketbox-backend] [           main] o.s.d.j.r.query.QueryEnhancerFactory     : Hibernate is in classpath; If applicable, HQL parser will be used.
2026-06-05T00:51:46.177+07:00  WARN 70921 --- [ticketbox-backend] [           main] JpaBaseConfiguration$JpaWebConfiguration : spring.jpa.open-in-view is enabled by default. Therefore, database queries may be performed during view rendering. Explicitly configure spring.jpa.open-in-view to disable this warning
2026-06-05T00:51:48.354+07:00  INFO 70921 --- [ticketbox-backend] [           main] o.s.b.a.e.web.EndpointLinksResolver      : Exposing 1 endpoint(s) beneath base path '/actuator'
2026-06-05T00:51:48.871+07:00  INFO 70921 --- [ticketbox-backend] [           main] o.s.s.web.DefaultSecurityFilterChain     : Will secure any request with [org.springframework.security.web.session.DisableEncodeUrlFilter@139a4eb2, org.springframework.security.web.context.request.async.WebAsyncManagerIntegrationFilter@74e218d7, org.springframework.security.web.context.SecurityContextHolderFilter@5ba0863d, org.springframework.security.web.header.HeaderWriterFilter@382de41b, org.springframework.web.filter.CorsFilter@32d3b7, org.springframework.security.web.authentication.logout.LogoutFilter@7af19dd0, com.ticketbox.backend.security.JwtAuthenticationFilter@370e5bb9, com.ticketbox.backend.security.ratelimit.RateLimitFilter@95237fc, org.springframework.security.web.savedrequest.RequestCacheAwareFilter@62cfb51a, org.springframework.security.web.servletapi.SecurityContextHolderAwareRequestFilter@15d42b6f, org.springframework.security.web.authentication.AnonymousAuthenticationFilter@656fcf12, org.springframework.security.web.session.SessionManagementFilter@4b0c67af, org.springframework.security.web.access.ExceptionTranslationFilter@68b31e51, org.springframework.security.web.access.intercept.AuthorizationFilter@5620fac7]
2026-06-05T00:51:53.847+07:00  INFO 70921 --- [ticketbox-backend] [           main] o.s.a.r.c.CachingConnectionFactory       : Attempting to connect to: [localhost:5672]
2026-06-05T00:51:53.990+07:00  INFO 70921 --- [ticketbox-backend] [           main] o.s.a.r.c.CachingConnectionFactory       : Created new connection: rabbitConnectionFactory#4ebba9ff:0/SimpleConnection@71bcc154 [delegate=amqp://ticketbox@127.0.0.1:5672/, localPort=37562]
2026-06-05T00:51:54.514+07:00  INFO 70921 --- [ticketbox-backend] [           main] c.t.b.worker.email.EmailWorkerTest       : Started EmailWorkerTest in 43.589 seconds (process running for 47.456)
Hibernate: 
    select
        t1_0.id,
        t1_0.category_id,
        t1_0.created_at,
        t1_0.order_id,
        t1_0.owner_id,
        t1_0.qr_code,
        t1_0.status,
        t1_0.ticket_type 
    from
        tickets t1_0
Hibernate: 
    select
        o1_0.id,
        o1_0.created_at,
        o1_0.email_status,
        o1_0.idempotency_key,
        o1_0.status,
        o1_0.total_amount,
        o1_0.user_id 
    from
        orders o1_0
Hibernate: 
    select
        tc1_0.id,
        tc1_0.available_quantity,
        tc1_0.concert_id,
        tc1_0.name,
        tc1_0.price,
        tc1_0.total_quantity,
        tc1_0.version 
    from
        ticket_categories tc1_0
Hibernate: 
    select
        c1_0.id,
        c1_0.artist_biography,
        c1_0.description,
        c1_0.end_time,
        c1_0.location,
        c1_0.name,
        c1_0.start_time 
    from
        concerts c1_0
Hibernate: 
    select
        u1_0.id,
        u1_0.password,
        u1_0.role,
        u1_0.username 
    from
        users u1_0
Hibernate: 
    insert 
    into
        users
        (password, role, username) 
    values
        (?, ?, ?)
Hibernate: 
    insert 
    into
        concerts
        (artist_biography, description, end_time, location, name, start_time) 
    values
        (?, ?, ?, ?, ?, ?)
Hibernate: 
    insert 
    into
        ticket_categories
        (available_quantity, concert_id, name, price, total_quantity, version) 
    values
        (?, ?, ?, ?, ?, ?)
Hibernate: 
    insert 
    into
        orders
        (created_at, email_status, idempotency_key, status, total_amount, user_id) 
    values
        (?, ?, ?, ?, ?, ?)
Hibernate: 
    insert 
    into
        tickets
        (category_id, created_at, order_id, owner_id, qr_code, status, ticket_type) 
    values
        (?, ?, ?, ?, ?, ?, ?)
2026-06-05T00:51:55.707+07:00  INFO 70921 --- [ticketbox-backend] [ntContainer#2-1] c.t.backend.worker.email.EmailConsumer   : Received Email request for Job ID: aae2826d-4a6c-43f9-8493-fd3ad25bfbf5
2026-06-05T00:51:55.707+07:00  INFO 70921 --- [ticketbox-backend] [ntContainer#2-1] c.t.backend.worker.email.EmailService    : Processing email job: aae2826d-4a6c-43f9-8493-fd3ad25bfbf5
2026-06-05T00:51:55.824+07:00  INFO 70921 --- [ticketbox-backend] [ntContainer#2-1] c.t.b.worker.email.EmailJobTracker       : Updated email job aae2826d-4a6c-43f9-8493-fd3ad25bfbf5 to status: PROCESSING
Hibernate: 
    select
        o1_0.id,
        o1_0.created_at,
        o1_0.email_status,
        o1_0.idempotency_key,
        o1_0.status,
        o1_0.total_amount,
        o1_0.user_id 
    from
        orders o1_0 
    where
        o1_0.id=?
Hibernate: 
    select
        t1_0.id,
        t1_0.category_id,
        t1_0.created_at,
        t1_0.order_id,
        t1_0.owner_id,
        t1_0.qr_code,
        t1_0.status,
        t1_0.ticket_type 
    from
        tickets t1_0 
    where
        t1_0.id in (?)
Hibernate: 
    select
        u1_0.id,
        u1_0.password,
        u1_0.role,
        u1_0.username 
    from
        users u1_0 
    where
        u1_0.id=?
Hibernate: 
    select
        tc1_0.id,
        tc1_0.available_quantity,
        tc1_0.concert_id,
        tc1_0.name,
        tc1_0.price,
        tc1_0.total_quantity,
        tc1_0.version 
    from
        ticket_categories tc1_0 
    where
        tc1_0.id=?
Hibernate: 
    select
        c1_0.id,
        c1_0.artist_biography,
        c1_0.description,
        c1_0.end_time,
        c1_0.location,
        c1_0.name,
        c1_0.start_time 
    from
        concerts c1_0 
    where
        c1_0.id=?
2026-06-05T00:51:55.987+07:00  INFO 70921 --- [ticketbox-backend] [ntContainer#2-1] c.t.b.w.email.TicketAttachmentService    : Generating E-ticket PDF for 1 tickets
2026-06-05T00:51:56.906+07:00  INFO 70921 --- [ticketbox-backend] [ntContainer#2-1] c.t.b.worker.email.ResendEmailClient     : Sending request to Resend API for email to: t***@ticketbox.com
2026-06-05T00:51:56.915+07:00 ERROR 70921 --- [ticketbox-backend] [ntContainer#2-1] c.t.backend.worker.email.EmailService    : Job aae2826d-4a6c-43f9-8493-fd3ad25bfbf5: Provider permanent error (HTTP 400 BAD_REQUEST): 
Hibernate: 
    select
        o1_0.id,
        o1_0.created_at,
        o1_0.email_status,
        o1_0.idempotency_key,
        o1_0.status,
        o1_0.total_amount,
        o1_0.user_id 
    from
        orders o1_0 
    where
        o1_0.id=?
2026-06-05T00:51:56.926+07:00 ERROR 70921 --- [ticketbox-backend] [ntContainer#2-1] c.t.backend.worker.email.EmailService    : Job aae2826d-4a6c-43f9-8493-fd3ad25bfbf5: Business logic failure: Provider rejected request: 400 BAD_REQUEST
2026-06-05T00:51:56.936+07:00  INFO 70921 --- [ticketbox-backend] [ntContainer#2-1] c.t.b.worker.email.EmailJobTracker       : Updated email job aae2826d-4a6c-43f9-8493-fd3ad25bfbf5 to status: FAILED
Hibernate: 
    update
        orders 
    set
        created_at=?,
        email_status=?,
        idempotency_key=?,
        status=?,
        total_amount=?,
        user_id=? 
    where
        id=?
2026-06-05T00:51:56.974+07:00  WARN 70921 --- [ticketbox-backend] [ntContainer#2-1] c.t.backend.worker.email.EmailConsumer   : Job aae2826d-4a6c-43f9-8493-fd3ad25bfbf5: Exception caught in consumer, propagating for retry: Permanent provider error: 400 BAD_REQUEST
2026-06-05T00:51:57.977+07:00  INFO 70921 --- [ticketbox-backend] [ntContainer#2-1] c.t.backend.worker.email.EmailConsumer   : Received Email request for Job ID: aae2826d-4a6c-43f9-8493-fd3ad25bfbf5
2026-06-05T00:51:57.977+07:00  INFO 70921 --- [ticketbox-backend] [ntContainer#2-1] c.t.backend.worker.email.EmailService    : Processing email job: aae2826d-4a6c-43f9-8493-fd3ad25bfbf5
2026-06-05T00:51:57.980+07:00  INFO 70921 --- [ticketbox-backend] [ntContainer#2-1] c.t.b.worker.email.EmailJobTracker       : Updated email job aae2826d-4a6c-43f9-8493-fd3ad25bfbf5 to status: PROCESSING
Hibernate: 
    select
        o1_0.id,
        o1_0.created_at,
        o1_0.email_status,
        o1_0.idempotency_key,
        o1_0.status,
        o1_0.total_amount,
        o1_0.user_id 
    from
        orders o1_0 
    where
        o1_0.id=?
Hibernate: 
    select
        t1_0.id,
        t1_0.category_id,
        t1_0.created_at,
        t1_0.order_id,
        t1_0.owner_id,
        t1_0.qr_code,
        t1_0.status,
        t1_0.ticket_type 
    from
        tickets t1_0 
    where
        t1_0.id in (?)
Hibernate: 
    select
        u1_0.id,
        u1_0.password,
        u1_0.role,
        u1_0.username 
    from
        users u1_0 
    where
        u1_0.id=?
Hibernate: 
    select
        tc1_0.id,
        tc1_0.available_quantity,
        tc1_0.concert_id,
        tc1_0.name,
        tc1_0.price,
        tc1_0.total_quantity,
        tc1_0.version 
    from
        ticket_categories tc1_0 
    where
        tc1_0.id=?
Hibernate: 
    select
        c1_0.id,
        c1_0.artist_biography,
        c1_0.description,
        c1_0.end_time,
        c1_0.location,
        c1_0.name,
        c1_0.start_time 
    from
        concerts c1_0 
    where
        c1_0.id=?
2026-06-05T00:51:58.025+07:00  INFO 70921 --- [ticketbox-backend] [ntContainer#2-1] c.t.b.w.email.TicketAttachmentService    : Generating E-ticket PDF for 1 tickets
2026-06-05T00:51:58.121+07:00  INFO 70921 --- [ticketbox-backend] [ntContainer#2-1] c.t.b.worker.email.ResendEmailClient     : Sending request to Resend API for email to: t***@ticketbox.com
2026-06-05T00:51:58.123+07:00 ERROR 70921 --- [ticketbox-backend] [ntContainer#2-1] c.t.backend.worker.email.EmailService    : Job aae2826d-4a6c-43f9-8493-fd3ad25bfbf5: Provider permanent error (HTTP 400 BAD_REQUEST): 
Hibernate: 
    select
        o1_0.id,
        o1_0.created_at,
        o1_0.email_status,
        o1_0.idempotency_key,
        o1_0.status,
        o1_0.total_amount,
        o1_0.user_id 
    from
        orders o1_0 
    where
        o1_0.id=?
2026-06-05T00:51:58.131+07:00 ERROR 70921 --- [ticketbox-backend] [ntContainer#2-1] c.t.backend.worker.email.EmailService    : Job aae2826d-4a6c-43f9-8493-fd3ad25bfbf5: Business logic failure: Provider rejected request: 400 BAD_REQUEST
2026-06-05T00:51:58.135+07:00  INFO 70921 --- [ticketbox-backend] [ntContainer#2-1] c.t.b.worker.email.EmailJobTracker       : Updated email job aae2826d-4a6c-43f9-8493-fd3ad25bfbf5 to status: FAILED
2026-06-05T00:51:58.138+07:00  WARN 70921 --- [ticketbox-backend] [ntContainer#2-1] c.t.backend.worker.email.EmailConsumer   : Job aae2826d-4a6c-43f9-8493-fd3ad25bfbf5: Exception caught in consumer, propagating for retry: Permanent provider error: 400 BAD_REQUEST
Hibernate: 
    select
        o1_0.id,
        o1_0.created_at,
        o1_0.email_status,
        o1_0.idempotency_key,
        o1_0.status,
        o1_0.total_amount,
        o1_0.user_id 
    from
        orders o1_0 
    where
        o1_0.id=?
2026-06-05T00:52:00.139+07:00  INFO 70921 --- [ticketbox-backend] [ntContainer#2-1] c.t.backend.worker.email.EmailConsumer   : Received Email request for Job ID: aae2826d-4a6c-43f9-8493-fd3ad25bfbf5
2026-06-05T00:52:00.140+07:00  INFO 70921 --- [ticketbox-backend] [ntContainer#2-1] c.t.backend.worker.email.EmailService    : Processing email job: aae2826d-4a6c-43f9-8493-fd3ad25bfbf5
2026-06-05T00:52:00.142+07:00  INFO 70921 --- [ticketbox-backend] [ntContainer#2-1] c.t.b.worker.email.EmailJobTracker       : Updated email job aae2826d-4a6c-43f9-8493-fd3ad25bfbf5 to status: PROCESSING
Hibernate: 
    select
        o1_0.id,
        o1_0.created_at,
        o1_0.email_status,
        o1_0.idempotency_key,
        o1_0.status,
        o1_0.total_amount,
        o1_0.user_id 
    from
        orders o1_0 
    where
        o1_0.id=?
Hibernate: 
    select
        t1_0.id,
        t1_0.category_id,
        t1_0.created_at,
        t1_0.order_id,
        t1_0.owner_id,
        t1_0.qr_code,
        t1_0.status,
        t1_0.ticket_type 
    from
        tickets t1_0 
    where
        t1_0.id in (?)
Hibernate: 
    select
        u1_0.id,
        u1_0.password,
        u1_0.role,
        u1_0.username 
    from
        users u1_0 
    where
        u1_0.id=?
Hibernate: 
    select
        tc1_0.id,
        tc1_0.available_quantity,
        tc1_0.concert_id,
        tc1_0.name,
        tc1_0.price,
        tc1_0.total_quantity,
        tc1_0.version 
    from
        ticket_categories tc1_0 
    where
        tc1_0.id=?
Hibernate: 
    select
        c1_0.id,
        c1_0.artist_biography,
        c1_0.description,
        c1_0.end_time,
        c1_0.location,
        c1_0.name,
        c1_0.start_time 
    from
        concerts c1_0 
    where
        c1_0.id=?
2026-06-05T00:52:00.200+07:00  INFO 70921 --- [ticketbox-backend] [ntContainer#2-1] c.t.b.w.email.TicketAttachmentService    : Generating E-ticket PDF for 1 tickets
2026-06-05T00:52:00.256+07:00  INFO 70921 --- [ticketbox-backend] [ntContainer#2-1] c.t.b.worker.email.ResendEmailClient     : Sending request to Resend API for email to: t***@ticketbox.com
2026-06-05T00:52:00.262+07:00 ERROR 70921 --- [ticketbox-backend] [ntContainer#2-1] c.t.backend.worker.email.EmailService    : Job aae2826d-4a6c-43f9-8493-fd3ad25bfbf5: Provider permanent error (HTTP 400 BAD_REQUEST): 
Hibernate: 
    select
        o1_0.id,
        o1_0.created_at,
        o1_0.email_status,
        o1_0.idempotency_key,
        o1_0.status,
        o1_0.total_amount,
        o1_0.user_id 
    from
        orders o1_0 
    where
        o1_0.id=?
2026-06-05T00:52:00.272+07:00 ERROR 70921 --- [ticketbox-backend] [ntContainer#2-1] c.t.backend.worker.email.EmailService    : Job aae2826d-4a6c-43f9-8493-fd3ad25bfbf5: Business logic failure: Provider rejected request: 400 BAD_REQUEST
2026-06-05T00:52:00.278+07:00  INFO 70921 --- [ticketbox-backend] [ntContainer#2-1] c.t.b.worker.email.EmailJobTracker       : Updated email job aae2826d-4a6c-43f9-8493-fd3ad25bfbf5 to status: FAILED
2026-06-05T00:52:00.282+07:00  WARN 70921 --- [ticketbox-backend] [ntContainer#2-1] c.t.backend.worker.email.EmailConsumer   : Job aae2826d-4a6c-43f9-8493-fd3ad25bfbf5: Exception caught in consumer, propagating for retry: Permanent provider error: 400 BAD_REQUEST
2026-06-05T00:52:00.296+07:00  WARN 70921 --- [ticketbox-backend] [ntContainer#2-1] o.s.a.r.retry.RepublishMessageRecoverer  : Republishing failed message to exchange 'ticketbox.dlx' with routing key email.send
Hibernate: 
    select
        t1_0.id,
        t1_0.category_id,
        t1_0.created_at,
        t1_0.order_id,
        t1_0.owner_id,
        t1_0.qr_code,
        t1_0.status,
        t1_0.ticket_type 
    from
        tickets t1_0
Hibernate: 
    delete 
    from
        tickets 
    where
        id=?
Hibernate: 
    select
        o1_0.id,
        o1_0.created_at,
        o1_0.email_status,
        o1_0.idempotency_key,
        o1_0.status,
        o1_0.total_amount,
        o1_0.user_id 
    from
        orders o1_0
Hibernate: 
    delete 
    from
        orders 
    where
        id=?
Hibernate: 
    select
        tc1_0.id,
        tc1_0.available_quantity,
        tc1_0.concert_id,
        tc1_0.name,
        tc1_0.price,
        tc1_0.total_quantity,
        tc1_0.version 
    from
        ticket_categories tc1_0
Hibernate: 
    delete 
    from
        ticket_categories 
    where
        id=? 
        and version=?
Hibernate: 
    select
        c1_0.id,
        c1_0.artist_biography,
        c1_0.description,
        c1_0.end_time,
        c1_0.location,
        c1_0.name,
        c1_0.start_time 
    from
        concerts c1_0
Hibernate: 
    delete 
    from
        concerts 
    where
        id=?
Hibernate: 
    select
        u1_0.id,
        u1_0.password,
        u1_0.role,
        u1_0.username 
    from
        users u1_0
Hibernate: 
    delete 
    from
        users 
    where
        id=?
]]></system-out>
  </testcase>
</testsuite>