<?xml version="1.0" encoding="UTF-8"?>
<testsuite xmlns:xsi="http://www.w3.org/2001/XMLSchema-instance" xsi:noNamespaceSchemaLocation="https://maven.apache.org/surefire/maven-surefire-plugin/xsd/surefire-test-report-3.0.xsd" version="3.0" name="com.ticketbox.backend.worker.ai.AiWorkerTest" time="62.918" tests="5" errors="0" skipped="0" failures="0">
  <properties>
[...]
</properties>
  <testcase name="testEmptyPdfFailure" classname="com.ticketbox.backend.worker.ai.AiWorkerTest" time="3.386">
    <system-out><![CDATA[Standard Commons Logging discovery in action with spring-jcl: please remove commons-logging.jar from classpath in order to avoid potential conflicts
23:26:15.699 [main] INFO org.springframework.test.context.support.AnnotationConfigContextLoaderUtils -- Could not detect default configuration classes for test class [com.ticketbox.backend.worker.ai.AiWorkerTest]: AiWorkerTest does not declare any static, non-private, non-final, nested classes annotated with @Configuration.
23:26:16.054 [main] INFO org.springframework.boot.test.context.SpringBootTestContextBootstrapper -- Found @SpringBootConfiguration com.ticketbox.backend.Application for test class com.ticketbox.backend.worker.ai.AiWorkerTest

  .   ____          _            __ _ _
 /\\ / ___'_ __ _ _(_)_ __  __ _ \ \ \ \
( ( )\___ | '_ | '_| | '_ \/ _` | \ \ \ \
 \\/  ___)| |_)| | | | | || (_| |  ) ) ) )
  '  |____| .__|_| |_|_| |_\__, | / / / /
 =========|_|==============|___/=/_/_/_/
 :: Spring Boot ::                (v3.2.4)

2026-06-04T23:26:17.311+07:00  INFO 43048 --- [ticketbox-backend] [           main] c.t.backend.worker.ai.AiWorkerTest       : Starting AiWorkerTest using Java 17.0.18 with PID 43048 (started by daonguyennguyen in /home/daonguyennguyen/Documents/code/softwareDesign/final_project/ticketbox/apps/backend)
2026-06-04T23:26:17.318+07:00  INFO 43048 --- [ticketbox-backend] [           main] c.t.backend.worker.ai.AiWorkerTest       : No active profile set, falling back to 1 default profile: "default"
2026-06-04T23:26:20.903+07:00  INFO 43048 --- [ticketbox-backend] [           main] .s.d.r.c.RepositoryConfigurationDelegate : Multiple Spring Data modules found, entering strict repository configuration mode
2026-06-04T23:26:20.907+07:00  INFO 43048 --- [ticketbox-backend] [           main] .s.d.r.c.RepositoryConfigurationDelegate : Bootstrapping Spring Data JPA repositories in DEFAULT mode.
2026-06-04T23:26:21.262+07:00  INFO 43048 --- [ticketbox-backend] [           main] .s.d.r.c.RepositoryConfigurationDelegate : Finished Spring Data repository scanning in 339 ms. Found 7 JPA repository interfaces.
2026-06-04T23:26:21.306+07:00  INFO 43048 --- [ticketbox-backend] [           main] .s.d.r.c.RepositoryConfigurationDelegate : Multiple Spring Data modules found, entering strict repository configuration mode
2026-06-04T23:26:21.309+07:00  INFO 43048 --- [ticketbox-backend] [           main] .s.d.r.c.RepositoryConfigurationDelegate : Bootstrapping Spring Data Redis repositories in DEFAULT mode.
2026-06-04T23:26:21.368+07:00  INFO 43048 --- [ticketbox-backend] [           main] .RepositoryConfigurationExtensionSupport : Spring Data Redis - Could not safely identify store assignment for repository candidate interface com.ticketbox.backend.repository.ConcertRepository; If you want this repository to be a Redis repository, consider annotating your entities with one of these annotations: org.springframework.data.redis.core.RedisHash (preferred), or consider extending one of the following types with your repository: org.springframework.data.keyvalue.repository.KeyValueRepository
2026-06-04T23:26:21.388+07:00  INFO 43048 --- [ticketbox-backend] [           main] .RepositoryConfigurationExtensionSupport : Spring Data Redis - Could not safely identify store assignment for repository candidate interface com.ticketbox.backend.repository.GuestRepository; If you want this repository to be a Redis repository, consider annotating your entities with one of these annotations: org.springframework.data.redis.core.RedisHash (preferred), or consider extending one of the following types with your repository: org.springframework.data.keyvalue.repository.KeyValueRepository
2026-06-04T23:26:21.406+07:00  INFO 43048 --- [ticketbox-backend] [           main] .RepositoryConfigurationExtensionSupport : Spring Data Redis - Could not safely identify store assignment for repository candidate interface com.ticketbox.backend.repository.OrderItemRepository; If you want this repository to be a Redis repository, consider annotating your entities with one of these annotations: org.springframework.data.redis.core.RedisHash (preferred), or consider extending one of the following types with your repository: org.springframework.data.keyvalue.repository.KeyValueRepository
2026-06-04T23:26:21.409+07:00  INFO 43048 --- [ticketbox-backend] [           main] .RepositoryConfigurationExtensionSupport : Spring Data Redis - Could not safely identify store assignment for repository candidate interface com.ticketbox.backend.repository.OrderRepository; If you want this repository to be a Redis repository, consider annotating your entities with one of these annotations: org.springframework.data.redis.core.RedisHash (preferred), or consider extending one of the following types with your repository: org.springframework.data.keyvalue.repository.KeyValueRepository
2026-06-04T23:26:21.411+07:00  INFO 43048 --- [ticketbox-backend] [           main] .RepositoryConfigurationExtensionSupport : Spring Data Redis - Could not safely identify store assignment for repository candidate interface com.ticketbox.backend.repository.TicketCategoryRepository; If you want this repository to be a Redis repository, consider annotating your entities with one of these annotations: org.springframework.data.redis.core.RedisHash (preferred), or consider extending one of the following types with your repository: org.springframework.data.keyvalue.repository.KeyValueRepository
2026-06-04T23:26:21.412+07:00  INFO 43048 --- [ticketbox-backend] [           main] .RepositoryConfigurationExtensionSupport : Spring Data Redis - Could not safely identify store assignment for repository candidate interface com.ticketbox.backend.repository.TicketRepository; If you want this repository to be a Redis repository, consider annotating your entities with one of these annotations: org.springframework.data.redis.core.RedisHash (preferred), or consider extending one of the following types with your repository: org.springframework.data.keyvalue.repository.KeyValueRepository
2026-06-04T23:26:21.413+07:00  INFO 43048 --- [ticketbox-backend] [           main] .RepositoryConfigurationExtensionSupport : Spring Data Redis - Could not safely identify store assignment for repository candidate interface com.ticketbox.backend.repository.UserRepository; If you want this repository to be a Redis repository, consider annotating your entities with one of these annotations: org.springframework.data.redis.core.RedisHash (preferred), or consider extending one of the following types with your repository: org.springframework.data.keyvalue.repository.KeyValueRepository
2026-06-04T23:26:21.414+07:00  INFO 43048 --- [ticketbox-backend] [           main] .s.d.r.c.RepositoryConfigurationDelegate : Finished Spring Data repository scanning in 83 ms. Found 0 Redis repository interfaces.
2026-06-04T23:26:28.873+07:00  INFO 43048 --- [ticketbox-backend] [           main] o.hibernate.jpa.internal.util.LogHelper  : HHH000204: Processing PersistenceUnitInfo [name: default]
2026-06-04T23:26:29.192+07:00  INFO 43048 --- [ticketbox-backend] [           main] org.hibernate.Version                    : HHH000412: Hibernate ORM core version 6.4.4.Final
2026-06-04T23:26:29.326+07:00  INFO 43048 --- [ticketbox-backend] [           main] o.h.c.internal.RegionFactoryInitiator    : HHH000026: Second-level cache disabled
2026-06-04T23:26:29.640+07:00  INFO 43048 --- [ticketbox-backend] [           main] o.s.o.j.p.SpringPersistenceUnitInfo      : No LoadTimeWeaver setup: ignoring JPA class transformer
2026-06-04T23:26:29.705+07:00  INFO 43048 --- [ticketbox-backend] [           main] com.zaxxer.hikari.HikariDataSource       : HikariPool-1 - Starting...
2026-06-04T23:26:30.160+07:00  INFO 43048 --- [ticketbox-backend] [           main] com.zaxxer.hikari.pool.HikariPool        : HikariPool-1 - Added connection org.postgresql.jdbc.PgConnection@28551755
2026-06-04T23:26:30.162+07:00  INFO 43048 --- [ticketbox-backend] [           main] com.zaxxer.hikari.HikariDataSource       : HikariPool-1 - Start completed.
2026-06-04T23:26:30.236+07:00  WARN 43048 --- [ticketbox-backend] [           main] org.hibernate.orm.deprecation            : HHH90000025: PostgreSQLDialect does not need to be specified explicitly using 'hibernate.dialect' (remove the property setting and it will be selected by default)
2026-06-04T23:26:33.208+07:00  INFO 43048 --- [ticketbox-backend] [           main] o.h.e.t.j.p.i.JtaPlatformInitiator       : HHH000489: No JTA platform available (set 'hibernate.transaction.jta.platform' to enable JTA platform integration)
2026-06-04T23:26:33.971+07:00  INFO 43048 --- [ticketbox-backend] [           main] j.LocalContainerEntityManagerFactoryBean : Initialized JPA EntityManagerFactory for persistence unit 'default'
2026-06-04T23:26:41.416+07:00  INFO 43048 --- [ticketbox-backend] [           main] o.s.d.j.r.query.QueryEnhancerFactory     : Hibernate is in classpath; If applicable, HQL parser will be used.
2026-06-04T23:26:45.805+07:00  WARN 43048 --- [ticketbox-backend] [           main] JpaBaseConfiguration$JpaWebConfiguration : spring.jpa.open-in-view is enabled by default. Therefore, database queries may be performed during view rendering. Explicitly configure spring.jpa.open-in-view to disable this warning
2026-06-04T23:26:48.171+07:00  INFO 43048 --- [ticketbox-backend] [           main] o.s.b.a.e.web.EndpointLinksResolver      : Exposing 1 endpoint(s) beneath base path '/actuator'
2026-06-04T23:26:48.569+07:00  INFO 43048 --- [ticketbox-backend] [           main] o.s.s.web.DefaultSecurityFilterChain     : Will secure any request with [org.springframework.security.web.session.DisableEncodeUrlFilter@786594c8, org.springframework.security.web.context.request.async.WebAsyncManagerIntegrationFilter@4cfa8095, org.springframework.security.web.context.SecurityContextHolderFilter@785e65cd, org.springframework.security.web.header.HeaderWriterFilter@295e3370, org.springframework.web.filter.CorsFilter@69c47d27, org.springframework.security.web.authentication.logout.LogoutFilter@b945c43, com.ticketbox.backend.security.JwtAuthenticationFilter@252da8f, com.ticketbox.backend.security.ratelimit.RateLimitFilter@65bd41d8, org.springframework.security.web.savedrequest.RequestCacheAwareFilter@36d61bbf, org.springframework.security.web.servletapi.SecurityContextHolderAwareRequestFilter@387051e3, org.springframework.security.web.authentication.AnonymousAuthenticationFilter@16fdbb17, org.springframework.security.web.session.SessionManagementFilter@71867474, org.springframework.security.web.access.ExceptionTranslationFilter@254bd293, org.springframework.security.web.access.intercept.AuthorizationFilter@a8d8d41]
2026-06-04T23:26:53.280+07:00  INFO 43048 --- [ticketbox-backend] [           main] o.s.a.r.c.CachingConnectionFactory       : Attempting to connect to: [localhost:5672]
2026-06-04T23:26:53.462+07:00  INFO 43048 --- [ticketbox-backend] [           main] o.s.a.r.c.CachingConnectionFactory       : Created new connection: rabbitConnectionFactory#2f0fa056:0/SimpleConnection@11617c6c [delegate=amqp://ticketbox@127.0.0.1:5672/, localPort=39354]
2026-06-04T23:26:53.966+07:00  INFO 43048 --- [ticketbox-backend] [           main] c.t.backend.worker.ai.AiWorkerTest       : Started AiWorkerTest in 37.556 seconds (process running for 40.228)
Hibernate: 
    select
        c1_0.id,
        c1_0.artist_biography,
        c1_0.description,
        c1_0.end_time,
        c1_0.location,
        c1_0.name,
        c1_0.start_time 
    from
        concerts c1_0
Hibernate: 
    delete 
    from
        concerts 
    where
        id=?
Hibernate: 
    insert 
    into
        concerts
        (artist_biography, description, end_time, location, name, start_time) 
    values
        (?, ?, ?, ?, ?, ?)
2026-06-04T23:26:55.469+07:00  WARN 43048 --- [ticketbox-backend] [           main] org.apache.pdfbox.pdmodel.PDDocument     : You are overwriting the existing file test-artist17347291033454855702.pdf, this will produce a corrupted file if you're also reading from it
2026-06-04T23:26:55.502+07:00  WARN 43048 --- [ticketbox-backend] [           main] org.apache.pdfbox.pdmodel.PDDocument     : You are overwriting the existing file empty-artist17179268606625988007.pdf, this will produce a corrupted file if you're also reading from it
2026-06-04T23:26:55.690+07:00  INFO 43048 --- [ticketbox-backend] [ntContainer#0-1] c.t.backend.worker.ai.AiBioConsumer      : Received AI Bio request for Job ID: 37ee81d1-9faa-408b-ac26-41adf945e613
2026-06-04T23:26:55.695+07:00  INFO 43048 --- [ticketbox-backend] [ntContainer#0-1] c.t.backend.worker.ai.AiBioService       : Starting AI biography generation for job: 37ee81d1-9faa-408b-ac26-41adf945e613
Hibernate: 
    select
        c1_0.id,
        c1_0.artist_biography,
        c1_0.description,
        c1_0.end_time,
        c1_0.location,
        c1_0.name,
        c1_0.start_time 
    from
        concerts c1_0 
    where
        c1_0.id=?
2026-06-04T23:26:55.808+07:00  INFO 43048 --- [ticketbox-backend] [ntContainer#0-1] c.t.b.worker.ai.PdfExtractionService     : Extracting text from PDF: /tmp/empty-artist17179268606625988007.pdf
2026-06-04T23:26:55.892+07:00  WARN 43048 --- [ticketbox-backend] [ntContainer#0-1] c.t.b.worker.ai.PdfExtractionService     : Extracted text is empty or too short. Possibly an image-heavy PDF.
2026-06-04T23:26:55.900+07:00 ERROR 43048 --- [ticketbox-backend] [ntContainer#0-1] c.t.backend.worker.ai.AiBioService       : Job 37ee81d1-9faa-408b-ac26-41adf945e613: Business logic failure: PDF contains insufficient extractable text (image-only or empty)
Hibernate: 
    select
        c1_0.id,
        c1_0.artist_biography,
        c1_0.description,
        c1_0.end_time,
        c1_0.location,
        c1_0.name,
        c1_0.start_time 
    from
        concerts c1_0 
    where
        c1_0.id=?
]]></system-out>
  </testcase>
  <testcase name="testCorruptedPdfFailure" classname="com.ticketbox.backend.worker.ai.AiWorkerTest" time="2.1">
    <system-out><![CDATA[Hibernate: 
    select
        c1_0.id,
        c1_0.artist_biography,
        c1_0.description,
        c1_0.end_time,
        c1_0.location,
        c1_0.name,
        c1_0.start_time 
    from
        concerts c1_0
Hibernate: 
    delete 
    from
        concerts 
    where
        id=?
Hibernate: 
    insert 
    into
        concerts
        (artist_biography, description, end_time, location, name, start_time) 
    values
        (?, ?, ?, ?, ?, ?)
2026-06-04T23:26:57.742+07:00  WARN 43048 --- [ticketbox-backend] [           main] org.apache.pdfbox.pdmodel.PDDocument     : You are overwriting the existing file test-artist7411778994503682285.pdf, this will produce a corrupted file if you're also reading from it
2026-06-04T23:26:57.745+07:00  WARN 43048 --- [ticketbox-backend] [           main] org.apache.pdfbox.pdmodel.PDDocument     : You are overwriting the existing file empty-artist6641475609773344913.pdf, this will produce a corrupted file if you're also reading from it
2026-06-04T23:26:57.754+07:00  INFO 43048 --- [ticketbox-backend] [ntContainer#0-1] c.t.backend.worker.ai.AiBioConsumer      : Received AI Bio request for Job ID: 100a34e8-2fb0-497b-a3c8-f5cd89cbf95f
2026-06-04T23:26:57.756+07:00  INFO 43048 --- [ticketbox-backend] [ntContainer#0-1] c.t.backend.worker.ai.AiBioService       : Starting AI biography generation for job: 100a34e8-2fb0-497b-a3c8-f5cd89cbf95f
Hibernate: 
    select
        c1_0.id,
        c1_0.artist_biography,
        c1_0.description,
        c1_0.end_time,
        c1_0.location,
        c1_0.name,
        c1_0.start_time 
    from
        concerts c1_0 
    where
        c1_0.id=?
2026-06-04T23:26:57.768+07:00  INFO 43048 --- [ticketbox-backend] [ntContainer#0-1] c.t.b.worker.ai.PdfExtractionService     : Extracting text from PDF: /tmp/corrupted-artist17384066290985192648.pdf
2026-06-04T23:26:57.769+07:00 ERROR 43048 --- [ticketbox-backend] [ntContainer#0-1] c.t.b.worker.ai.PdfExtractionService     : Failed to load or parse PDF file: /tmp/corrupted-artist17384066290985192648.pdf

java.io.IOException: Error: End-of-File, expected line at offset 52
	at org.apache.pdfbox.pdfparser.BaseParser.readLine(BaseParser.java:1125) ~[pdfbox-3.0.2.jar:3.0.2]
	at org.apache.pdfbox.pdfparser.COSParser.parseHeader(COSParser.java:1612) ~[pdfbox-3.0.2.jar:3.0.2]
	at org.apache.pdfbox.pdfparser.COSParser.parsePDFHeader(COSParser.java:1591) ~[pdfbox-3.0.2.jar:3.0.2]
	at org.apache.pdfbox.pdfparser.PDFParser.parse(PDFParser.java:157) ~[pdfbox-3.0.2.jar:3.0.2]
	at org.apache.pdfbox.pdfparser.PDFParser.parse(PDFParser.java:136) ~[pdfbox-3.0.2.jar:3.0.2]
	at org.apache.pdfbox.Loader.loadPDF(Loader.java:466) ~[pdfbox-3.0.2.jar:3.0.2]
	at org.apache.pdfbox.Loader.loadPDF(Loader.java:348) ~[pdfbox-3.0.2.jar:3.0.2]
	at org.apache.pdfbox.Loader.loadPDF(Loader.java:303) ~[pdfbox-3.0.2.jar:3.0.2]
	at org.apache.pdfbox.Loader.loadPDF(Loader.java:246) ~[pdfbox-3.0.2.jar:3.0.2]
	at com.ticketbox.backend.worker.ai.PdfExtractionService.extractText(PdfExtractionService.java:23) ~[classes/:na]
	at com.ticketbox.backend.worker.ai.AiBioService.processBiographyGeneration(AiBioService.java:47) ~[classes/:na]
	at java.base/jdk.internal.reflect.NativeMethodAccessorImpl.invoke0(Native Method) ~[na:na]
	at java.base/jdk.internal.reflect.NativeMethodAccessorImpl.invoke(NativeMethodAccessorImpl.java:77) ~[na:na]
	at java.base/jdk.internal.reflect.DelegatingMethodAccessorImpl.invoke(DelegatingMethodAccessorImpl.java:43) ~[na:na]
	at java.base/java.lang.reflect.Method.invoke(Method.java:569) ~[na:na]
	at org.springframework.aop.support.AopUtils.invokeJoinpointUsingReflection(AopUtils.java:351) ~[spring-aop-6.1.5.jar:6.1.5]
	at org.springframework.aop.framework.ReflectiveMethodInvocation.invokeJoinpoint(ReflectiveMethodInvocation.java:196) ~[spring-aop-6.1.5.jar:6.1.5]
	at org.springframework.aop.framework.ReflectiveMethodInvocation.proceed(ReflectiveMethodInvocation.java:163) ~[spring-aop-6.1.5.jar:6.1.5]
	at org.springframework.aop.framework.CglibAopProxy$CglibMethodInvocation.proceed(CglibAopProxy.java:765) ~[spring-aop-6.1.5.jar:6.1.5]
	at org.springframework.transaction.interceptor.TransactionInterceptor$1.proceedWithInvocation(TransactionInterceptor.java:123) ~[spring-tx-6.1.5.jar:6.1.5]
	at org.springframework.transaction.interceptor.TransactionAspectSupport.invokeWithinTransaction(TransactionAspectSupport.java:392) ~[spring-tx-6.1.5.jar:6.1.5]
	at org.springframework.transaction.interceptor.TransactionInterceptor.invoke(TransactionInterceptor.java:119) ~[spring-tx-6.1.5.jar:6.1.5]
	at org.springframework.aop.framework.ReflectiveMethodInvocation.proceed(ReflectiveMethodInvocation.java:184) ~[spring-aop-6.1.5.jar:6.1.5]
	at org.springframework.aop.framework.CglibAopProxy$CglibMethodInvocation.proceed(CglibAopProxy.java:765) ~[spring-aop-6.1.5.jar:6.1.5]
	at org.springframework.aop.framework.CglibAopProxy$DynamicAdvisedInterceptor.intercept(CglibAopProxy.java:717) ~[spring-aop-6.1.5.jar:6.1.5]
	at com.ticketbox.backend.worker.ai.AiBioService$$SpringCGLIB$$0.processBiographyGeneration(<generated>) ~[classes/:na]
	at com.ticketbox.backend.worker.ai.AiBioConsumer.receiveMessage(AiBioConsumer.java:20) ~[classes/:na]
	at java.base/jdk.internal.reflect.NativeMethodAccessorImpl.invoke0(Native Method) ~[na:na]
	at java.base/jdk.internal.reflect.NativeMethodAccessorImpl.invoke(NativeMethodAccessorImpl.java:77) ~[na:na]
	at java.base/jdk.internal.reflect.DelegatingMethodAccessorImpl.invoke(DelegatingMethodAccessorImpl.java:43) ~[na:na]
	at java.base/java.lang.reflect.Method.invoke(Method.java:569) ~[na:na]
	at org.springframework.messaging.handler.invocation.InvocableHandlerMethod.doInvoke(InvocableHandlerMethod.java:169) ~[spring-messaging-6.1.5.jar:6.1.5]
	at org.springframework.amqp.rabbit.listener.adapter.KotlinAwareInvocableHandlerMethod.doInvoke(KotlinAwareInvocableHandlerMethod.java:45) ~[spring-rabbit-3.1.3.jar:3.1.3]
	at org.springframework.messaging.handler.invocation.InvocableHandlerMethod.invoke(InvocableHandlerMethod.java:119) ~[spring-messaging-6.1.5.jar:6.1.5]
	at org.springframework.amqp.rabbit.listener.adapter.HandlerAdapter.invoke(HandlerAdapter.java:75) ~[spring-rabbit-3.1.3.jar:3.1.3]
	at org.springframework.amqp.rabbit.listener.adapter.MessagingMessageListenerAdapter.invokeHandler(MessagingMessageListenerAdapter.java:278) ~[spring-rabbit-3.1.3.jar:3.1.3]
	at org.springframework.amqp.rabbit.listener.adapter.MessagingMessageListenerAdapter.invokeHandlerAndProcessResult(MessagingMessageListenerAdapter.java:225) ~[spring-rabbit-3.1.3.jar:3.1.3]
	at org.springframework.amqp.rabbit.listener.adapter.MessagingMessageListenerAdapter.onMessage(MessagingMessageListenerAdapter.java:149) ~[spring-rabbit-3.1.3.jar:3.1.3]
	at org.springframework.amqp.rabbit.listener.AbstractMessageListenerContainer.doInvokeListener(AbstractMessageListenerContainer.java:1682) ~[spring-rabbit-3.1.3.jar:3.1.3]
	at org.springframework.amqp.rabbit.listener.AbstractMessageListenerContainer.actualInvokeListener(AbstractMessageListenerContainer.java:1604) ~[spring-rabbit-3.1.3.jar:3.1.3]
	at java.base/jdk.internal.reflect.NativeMethodAccessorImpl.invoke0(Native Method) ~[na:na]
	at java.base/jdk.internal.reflect.NativeMethodAccessorImpl.invoke(NativeMethodAccessorImpl.java:77) ~[na:na]
	at java.base/jdk.internal.reflect.DelegatingMethodAccessorImpl.invoke(DelegatingMethodAccessorImpl.java:43) ~[na:na]
	at java.base/java.lang.reflect.Method.invoke(Method.java:569) ~[na:na]
	at org.springframework.aop.support.AopUtils.invokeJoinpointUsingReflection(AopUtils.java:351) ~[spring-aop-6.1.5.jar:6.1.5]
	at org.springframework.aop.framework.ReflectiveMethodInvocation.invokeJoinpoint(ReflectiveMethodInvocation.java:196) ~[spring-aop-6.1.5.jar:6.1.5]
	at org.springframework.aop.framework.ReflectiveMethodInvocation.proceed(ReflectiveMethodInvocation.java:163) ~[spring-aop-6.1.5.jar:6.1.5]
	at org.springframework.retry.interceptor.RetryOperationsInterceptor$1.doWithRetry(RetryOperationsInterceptor.java:102) ~[spring-retry-2.0.5.jar:na]
	at org.springframework.retry.support.RetryTemplate.doExecute(RetryTemplate.java:335) ~[spring-retry-2.0.5.jar:na]
	at org.springframework.retry.support.RetryTemplate.execute(RetryTemplate.java:227) ~[spring-retry-2.0.5.jar:na]
	at org.springframework.retry.interceptor.RetryOperationsInterceptor.invoke(RetryOperationsInterceptor.java:124) ~[spring-retry-2.0.5.jar:na]
	at org.springframework.aop.framework.ReflectiveMethodInvocation.proceed(ReflectiveMethodInvocation.java:184) ~[spring-aop-6.1.5.jar:6.1.5]
	at org.springframework.aop.framework.JdkDynamicAopProxy.invoke(JdkDynamicAopProxy.java:220) ~[spring-aop-6.1.5.jar:6.1.5]
	at org.springframework.amqp.rabbit.listener.$Proxy242.invokeListener(Unknown Source) ~[na:3.1.3]
	at org.springframework.amqp.rabbit.listener.AbstractMessageListenerContainer.invokeListener(AbstractMessageListenerContainer.java:1592) ~[spring-rabbit-3.1.3.jar:3.1.3]
	at org.springframework.amqp.rabbit.listener.AbstractMessageListenerContainer.doExecuteListener(AbstractMessageListenerContainer.java:1583) ~[spring-rabbit-3.1.3.jar:3.1.3]
	at org.springframework.amqp.rabbit.listener.AbstractMessageListenerContainer.executeListenerAndHandleException(AbstractMessageListenerContainer.java:1528) ~[spring-rabbit-3.1.3.jar:3.1.3]
	at org.springframework.amqp.rabbit.listener.AbstractMessageListenerContainer.lambda$executeListener$8(AbstractMessageListenerContainer.java:1506) ~[spring-rabbit-3.1.3.jar:3.1.3]
	at io.micrometer.observation.Observation.observe(Observation.java:499) ~[micrometer-observation-1.12.4.jar:1.12.4]
	at org.springframework.amqp.rabbit.listener.AbstractMessageListenerContainer.executeListener(AbstractMessageListenerContainer.java:1506) ~[spring-rabbit-3.1.3.jar:3.1.3]
	at org.springframework.amqp.rabbit.listener.SimpleMessageListenerContainer.doReceiveAndExecute(SimpleMessageListenerContainer.java:1084) ~[spring-rabbit-3.1.3.jar:3.1.3]
	at org.springframework.amqp.rabbit.listener.SimpleMessageListenerContainer.receiveAndExecute(SimpleMessageListenerContainer.java:1020) ~[spring-rabbit-3.1.3.jar:3.1.3]
	at org.springframework.amqp.rabbit.listener.SimpleMessageListenerContainer$AsyncMessageProcessingConsumer.mainLoop(SimpleMessageListenerContainer.java:1422) ~[spring-rabbit-3.1.3.jar:3.1.3]
	at org.springframework.amqp.rabbit.listener.SimpleMessageListenerContainer$AsyncMessageProcessingConsumer.run(SimpleMessageListenerContainer.java:1324) ~[spring-rabbit-3.1.3.jar:3.1.3]
	at java.base/java.lang.Thread.run(Thread.java:840) ~[na:na]

2026-06-04T23:26:57.781+07:00 ERROR 43048 --- [ticketbox-backend] [ntContainer#0-1] c.t.backend.worker.ai.AiBioService       : Job 100a34e8-2fb0-497b-a3c8-f5cd89cbf95f: Business logic failure: Failed to read PDF file
Hibernate: 
    select
        c1_0.id,
        c1_0.artist_biography,
        c1_0.description,
        c1_0.end_time,
        c1_0.location,
        c1_0.name,
        c1_0.start_time 
    from
        concerts c1_0 
    where
        c1_0.id=?
]]></system-out>
  </testcase>
  <testcase name="testSuccessfulAiBioGeneration" classname="com.ticketbox.backend.worker.ai.AiWorkerTest" time="3.156">
    <system-out><![CDATA[Hibernate: 
    select
        c1_0.id,
        c1_0.artist_biography,
        c1_0.description,
        c1_0.end_time,
        c1_0.location,
        c1_0.name,
        c1_0.start_time 
    from
        concerts c1_0
Hibernate: 
    delete 
    from
        concerts 
    where
        id=?
Hibernate: 
    insert 
    into
        concerts
        (artist_biography, description, end_time, location, name, start_time) 
    values
        (?, ?, ?, ?, ?, ?)
2026-06-04T23:26:59.832+07:00  WARN 43048 --- [ticketbox-backend] [           main] org.apache.pdfbox.pdmodel.PDDocument     : You are overwriting the existing file test-artist10780980799881840543.pdf, this will produce a corrupted file if you're also reading from it
2026-06-04T23:26:59.838+07:00  WARN 43048 --- [ticketbox-backend] [           main] org.apache.pdfbox.pdmodel.PDDocument     : You are overwriting the existing file empty-artist966837294582413613.pdf, this will produce a corrupted file if you're also reading from it
2026-06-04T23:26:59.914+07:00  INFO 43048 --- [ticketbox-backend] [ntContainer#0-1] c.t.backend.worker.ai.AiBioConsumer      : Received AI Bio request for Job ID: 966c8368-a6f7-415e-b209-180865f8880b
2026-06-04T23:26:59.915+07:00  INFO 43048 --- [ticketbox-backend] [ntContainer#0-1] c.t.backend.worker.ai.AiBioService       : Starting AI biography generation for job: 966c8368-a6f7-415e-b209-180865f8880b
Hibernate: 
    select
        c1_0.id,
        c1_0.artist_biography,
        c1_0.description,
        c1_0.end_time,
        c1_0.location,
        c1_0.name,
        c1_0.start_time 
    from
        concerts c1_0 
    where
        c1_0.id=?
2026-06-04T23:26:59.927+07:00  INFO 43048 --- [ticketbox-backend] [ntContainer#0-1] c.t.b.worker.ai.PdfExtractionService     : Extracting text from PDF: /tmp/test-artist10780980799881840543.pdf
2026-06-04T23:26:59.976+07:00  INFO 43048 --- [ticketbox-backend] [ntContainer#0-1] c.t.backend.worker.ai.GeminiAiClient     : Sending request to Gemini API (URL: https://generativelanguage.googleapis.com/v1beta/models/gemini-1.5-flash:generateContent)
2026-06-04T23:26:59.983+07:00  INFO 43048 --- [ticketbox-backend] [ntContainer#0-1] c.t.backend.worker.ai.GeminiAiClient     : Received response from Gemini API
2026-06-04T23:26:59.999+07:00  INFO 43048 --- [ticketbox-backend] [ntContainer#0-1] c.t.backend.worker.ai.AiBioService       : Job 966c8368-a6f7-415e-b209-180865f8880b: Biography successfully generated and saved.
Hibernate: 
    update
        concerts 
    set
        artist_biography=?,
        description=?,
        end_time=?,
        location=?,
        name=?,
        start_time=? 
    where
        id=?
Hibernate: 
    select
        c1_0.id,
        c1_0.artist_biography,
        c1_0.description,
        c1_0.end_time,
        c1_0.location,
        c1_0.name,
        c1_0.start_time 
    from
        concerts c1_0 
    where
        c1_0.id=?
]]></system-out>
  </testcase>
  <testcase name="testAiTimeoutAndDlq" classname="com.ticketbox.backend.worker.ai.AiWorkerTest" time="12.096">
    <system-out><![CDATA[Hibernate: 
    select
        c1_0.id,
        c1_0.artist_biography,
        c1_0.description,
        c1_0.end_time,
        c1_0.location,
        c1_0.name,
        c1_0.start_time 
    from
        concerts c1_0
Hibernate: 
    delete 
    from
        concerts 
    where
        id=?
Hibernate: 
    insert 
    into
        concerts
        (artist_biography, description, end_time, location, name, start_time) 
    values
        (?, ?, ?, ?, ?, ?)
2026-06-04T23:27:02.987+07:00  WARN 43048 --- [ticketbox-backend] [           main] org.apache.pdfbox.pdmodel.PDDocument     : You are overwriting the existing file test-artist11477035551935703772.pdf, this will produce a corrupted file if you're also reading from it
2026-06-04T23:27:02.991+07:00  WARN 43048 --- [ticketbox-backend] [           main] org.apache.pdfbox.pdmodel.PDDocument     : You are overwriting the existing file empty-artist10917058873946982580.pdf, this will produce a corrupted file if you're also reading from it
2026-06-04T23:27:03.005+07:00  INFO 43048 --- [ticketbox-backend] [ntContainer#0-1] c.t.backend.worker.ai.AiBioConsumer      : Received AI Bio request for Job ID: 844976bb-0dd6-4a25-a142-fc478dc1afd3
2026-06-04T23:27:03.006+07:00  INFO 43048 --- [ticketbox-backend] [ntContainer#0-1] c.t.backend.worker.ai.AiBioService       : Starting AI biography generation for job: 844976bb-0dd6-4a25-a142-fc478dc1afd3
Hibernate: 
    select
        c1_0.id,
        c1_0.artist_biography,
        c1_0.description,
        c1_0.end_time,
        c1_0.location,
        c1_0.name,
        c1_0.start_time 
    from
        concerts c1_0 
    where
        c1_0.id=?
2026-06-04T23:27:03.013+07:00  INFO 43048 --- [ticketbox-backend] [ntContainer#0-1] c.t.b.worker.ai.PdfExtractionService     : Extracting text from PDF: /tmp/test-artist11477035551935703772.pdf
2026-06-04T23:27:03.026+07:00  INFO 43048 --- [ticketbox-backend] [ntContainer#0-1] c.t.backend.worker.ai.GeminiAiClient     : Sending request to Gemini API (URL: https://generativelanguage.googleapis.com/v1beta/models/gemini-1.5-flash:generateContent)
2026-06-04T23:27:03.028+07:00 ERROR 43048 --- [ticketbox-backend] [ntContainer#0-1] c.t.backend.worker.ai.AiBioService       : Job 844976bb-0dd6-4a25-a142-fc478dc1afd3: System error occurred: Simulated API timeout
2026-06-04T23:27:04.037+07:00  INFO 43048 --- [ticketbox-backend] [ntContainer#0-1] c.t.backend.worker.ai.AiBioConsumer      : Received AI Bio request for Job ID: 844976bb-0dd6-4a25-a142-fc478dc1afd3
2026-06-04T23:27:04.042+07:00  INFO 43048 --- [ticketbox-backend] [ntContainer#0-1] c.t.backend.worker.ai.AiBioService       : Starting AI biography generation for job: 844976bb-0dd6-4a25-a142-fc478dc1afd3
Hibernate: 
    select
        c1_0.id,
        c1_0.artist_biography,
        c1_0.description,
        c1_0.end_time,
        c1_0.location,
        c1_0.name,
        c1_0.start_time 
    from
        concerts c1_0 
    where
        c1_0.id=?
2026-06-04T23:27:04.050+07:00  INFO 43048 --- [ticketbox-backend] [ntContainer#0-1] c.t.b.worker.ai.PdfExtractionService     : Extracting text from PDF: /tmp/test-artist11477035551935703772.pdf
2026-06-04T23:27:04.060+07:00  INFO 43048 --- [ticketbox-backend] [ntContainer#0-1] c.t.backend.worker.ai.GeminiAiClient     : Sending request to Gemini API (URL: https://generativelanguage.googleapis.com/v1beta/models/gemini-1.5-flash:generateContent)
2026-06-04T23:27:04.061+07:00 ERROR 43048 --- [ticketbox-backend] [ntContainer#0-1] c.t.backend.worker.ai.AiBioService       : Job 844976bb-0dd6-4a25-a142-fc478dc1afd3: System error occurred: Simulated API timeout
2026-06-04T23:27:06.064+07:00  INFO 43048 --- [ticketbox-backend] [ntContainer#0-1] c.t.backend.worker.ai.AiBioConsumer      : Received AI Bio request for Job ID: 844976bb-0dd6-4a25-a142-fc478dc1afd3
2026-06-04T23:27:06.068+07:00  INFO 43048 --- [ticketbox-backend] [ntContainer#0-1] c.t.backend.worker.ai.AiBioService       : Starting AI biography generation for job: 844976bb-0dd6-4a25-a142-fc478dc1afd3
Hibernate: 
    select
        c1_0.id,
        c1_0.artist_biography,
        c1_0.description,
        c1_0.end_time,
        c1_0.location,
        c1_0.name,
        c1_0.start_time 
    from
        concerts c1_0 
    where
        c1_0.id=?
2026-06-04T23:27:06.075+07:00  INFO 43048 --- [ticketbox-backend] [ntContainer#0-1] c.t.b.worker.ai.PdfExtractionService     : Extracting text from PDF: /tmp/test-artist11477035551935703772.pdf
2026-06-04T23:27:06.084+07:00  INFO 43048 --- [ticketbox-backend] [ntContainer#0-1] c.t.backend.worker.ai.GeminiAiClient     : Sending request to Gemini API (URL: https://generativelanguage.googleapis.com/v1beta/models/gemini-1.5-flash:generateContent)
2026-06-04T23:27:06.086+07:00 ERROR 43048 --- [ticketbox-backend] [ntContainer#0-1] c.t.backend.worker.ai.AiBioService       : Job 844976bb-0dd6-4a25-a142-fc478dc1afd3: System error occurred: Simulated API timeout
2026-06-04T23:27:06.091+07:00  WARN 43048 --- [ticketbox-backend] [ntContainer#0-1] o.s.a.r.retry.RepublishMessageRecoverer  : Republishing failed message to exchange 'ticketbox.dlx' with routing key ai.generate
Hibernate: 
    select
        c1_0.id,
        c1_0.artist_biography,
        c1_0.description,
        c1_0.end_time,
        c1_0.location,
        c1_0.name,
        c1_0.start_time 
    from
        concerts c1_0 
    where
        c1_0.id=?
]]></system-out>
  </testcase>
  <testcase name="testInvalidJsonResponse" classname="com.ticketbox.backend.worker.ai.AiWorkerTest" time="3.132">
    <system-out><![CDATA[Hibernate: 
    select
        c1_0.id,
        c1_0.artist_biography,
        c1_0.description,
        c1_0.end_time,
        c1_0.location,
        c1_0.name,
        c1_0.start_time 
    from
        concerts c1_0
Hibernate: 
    delete 
    from
        concerts 
    where
        id=?
Hibernate: 
    insert 
    into
        concerts
        (artist_biography, description, end_time, location, name, start_time) 
    values
        (?, ?, ?, ?, ?, ?)
2026-06-04T23:27:15.140+07:00  WARN 43048 --- [ticketbox-backend] [           main] org.apache.pdfbox.pdmodel.PDDocument     : You are overwriting the existing file test-artist15231439209938544102.pdf, this will produce a corrupted file if you're also reading from it
2026-06-04T23:27:15.147+07:00  WARN 43048 --- [ticketbox-backend] [           main] org.apache.pdfbox.pdmodel.PDDocument     : You are overwriting the existing file empty-artist11361062126456678879.pdf, this will produce a corrupted file if you're also reading from it
2026-06-04T23:27:15.159+07:00  INFO 43048 --- [ticketbox-backend] [ntContainer#0-1] c.t.backend.worker.ai.AiBioConsumer      : Received AI Bio request for Job ID: add1fddf-dabc-4176-9928-1e3ace8e2559
2026-06-04T23:27:15.163+07:00  INFO 43048 --- [ticketbox-backend] [ntContainer#0-1] c.t.backend.worker.ai.AiBioService       : Starting AI biography generation for job: add1fddf-dabc-4176-9928-1e3ace8e2559
Hibernate: 
    select
        c1_0.id,
        c1_0.artist_biography,
        c1_0.description,
        c1_0.end_time,
        c1_0.location,
        c1_0.name,
        c1_0.start_time 
    from
        concerts c1_0 
    where
        c1_0.id=?
2026-06-04T23:27:15.174+07:00  INFO 43048 --- [ticketbox-backend] [ntContainer#0-1] c.t.b.worker.ai.PdfExtractionService     : Extracting text from PDF: /tmp/test-artist15231439209938544102.pdf
2026-06-04T23:27:15.187+07:00  INFO 43048 --- [ticketbox-backend] [ntContainer#0-1] c.t.backend.worker.ai.GeminiAiClient     : Sending request to Gemini API (URL: https://generativelanguage.googleapis.com/v1beta/models/gemini-1.5-flash:generateContent)
2026-06-04T23:27:15.188+07:00  INFO 43048 --- [ticketbox-backend] [ntContainer#0-1] c.t.backend.worker.ai.GeminiAiClient     : Received response from Gemini API
2026-06-04T23:27:15.189+07:00 ERROR 43048 --- [ticketbox-backend] [ntContainer#0-1] c.t.backend.worker.ai.AiBioService       : Job add1fddf-dabc-4176-9928-1e3ace8e2559: Business logic failure: JSON response is missing the 'biography' field
Hibernate: 
    select
        c1_0.id,
        c1_0.artist_biography,
        c1_0.description,
        c1_0.end_time,
        c1_0.location,
        c1_0.name,
        c1_0.start_time 
    from
        concerts c1_0 
    where
        c1_0.id=?
]]></system-out>
  </testcase>
</testsuite>